ARM GAS  /tmp/ccxnmSzt.s 			page 1


   1              		.cpu cortex-m4
   2              		.eabi_attribute 27, 1
   3              		.eabi_attribute 28, 1
   4              		.eabi_attribute 20, 1
   5              		.eabi_attribute 21, 1
   6              		.eabi_attribute 23, 3
   7              		.eabi_attribute 24, 1
   8              		.eabi_attribute 25, 1
   9              		.eabi_attribute 26, 1
  10              		.eabi_attribute 30, 6
  11              		.eabi_attribute 34, 1
  12              		.eabi_attribute 18, 2
  13              		.file	"app_freertos.c"
  14              		.text
  15              	.Ltext0:
  16              		.cfi_sections	.debug_frame
  17              		.section	.rodata.OFFSET_TAB_CCMRx,"a"
  18              		.align	2
  21              	OFFSET_TAB_CCMRx:
  22 0000 00000000 		.ascii	"\000\000\000\000\004\004\004\00488"
  22      04040404 
  22      3838
  23              		.section	.rodata.SHIFT_TAB_OCxx,"a"
  24              		.align	2
  27              	SHIFT_TAB_OCxx:
  28 0000 00000800 		.ascii	"\000\000\010\000\000\000\010\000\000\010"
  28      00000800 
  28      0008
  29              		.section	.rodata.SHIFT_TAB_ICxx,"a"
  30              		.align	2
  33              	SHIFT_TAB_ICxx:
  34 0000 00000800 		.ascii	"\000\000\010\000\000\000\010\000\000\000"
  34      00000800 
  34      0000
  35              		.section	.rodata.SHIFT_TAB_CCxP,"a"
  36              		.align	2
  39              	SHIFT_TAB_CCxP:
  40 0000 00020406 		.ascii	"\000\002\004\006\010\012\014\016\020\024"
  40      080A0C0E 
  40      1014
  41              		.section	.rodata.SHIFT_TAB_OISx,"a"
  42              		.align	2
  45              	SHIFT_TAB_OISx:
  46 0000 00010203 		.ascii	"\000\001\002\003\004\005\006\007\010\012"
  46      04050607 
  46      080A
  47              		.section	.rodata.USART_PRESCALER_TAB,"a"
  48              		.align	2
  51              	USART_PRESCALER_TAB:
  52 0000 01000000 		.word	1
  53 0004 02000000 		.word	2
  54 0008 04000000 		.word	4
  55 000c 06000000 		.word	6
  56 0010 08000000 		.word	8
  57 0014 0A000000 		.word	10
  58 0018 0C000000 		.word	12
  59 001c 10000000 		.word	16
ARM GAS  /tmp/ccxnmSzt.s 			page 2


  60 0020 20000000 		.word	32
  61 0024 40000000 		.word	64
  62 0028 80000000 		.word	128
  63 002c 00010000 		.word	256
  64              		.section	.rodata.CHANNEL_OFFSET_TAB,"a"
  65              		.align	2
  68              	CHANNEL_OFFSET_TAB:
  69 0000 081C3044 		.ascii	"\010\0340DXl"
  69      586C
  70              		.text
  71              	.Letext0:
  72              		.file 1 "/usr/share/gcc-arm-none-eabi-10-2020-q4-major/arm-none-eabi/include/machine/_default_type
  73              		.file 2 "/usr/share/gcc-arm-none-eabi-10-2020-q4-major/arm-none-eabi/include/sys/_stdint.h"
  74              		.file 3 "Drivers/STM32G4xx_HAL_Driver/Inc/stm32g4xx_ll_tim.h"
  75              		.file 4 "Drivers/STM32G4xx_HAL_Driver/Inc/stm32g4xx_ll_usart.h"
  76              		.file 5 "Drivers/STM32G4xx_HAL_Driver/Inc/stm32g4xx_ll_dma.h"
ARM GAS  /tmp/ccxnmSzt.s 			page 3


DEFINED SYMBOLS
                            *ABS*:0000000000000000 app_freertos.c
     /tmp/ccxnmSzt.s:18     .rodata.OFFSET_TAB_CCMRx:0000000000000000 $d
     /tmp/ccxnmSzt.s:21     .rodata.OFFSET_TAB_CCMRx:0000000000000000 OFFSET_TAB_CCMRx
     /tmp/ccxnmSzt.s:24     .rodata.SHIFT_TAB_OCxx:0000000000000000 $d
     /tmp/ccxnmSzt.s:27     .rodata.SHIFT_TAB_OCxx:0000000000000000 SHIFT_TAB_OCxx
     /tmp/ccxnmSzt.s:30     .rodata.SHIFT_TAB_ICxx:0000000000000000 $d
     /tmp/ccxnmSzt.s:33     .rodata.SHIFT_TAB_ICxx:0000000000000000 SHIFT_TAB_ICxx
     /tmp/ccxnmSzt.s:36     .rodata.SHIFT_TAB_CCxP:0000000000000000 $d
     /tmp/ccxnmSzt.s:39     .rodata.SHIFT_TAB_CCxP:0000000000000000 SHIFT_TAB_CCxP
     /tmp/ccxnmSzt.s:42     .rodata.SHIFT_TAB_OISx:0000000000000000 $d
     /tmp/ccxnmSzt.s:45     .rodata.SHIFT_TAB_OISx:0000000000000000 SHIFT_TAB_OISx
     /tmp/ccxnmSzt.s:48     .rodata.USART_PRESCALER_TAB:0000000000000000 $d
     /tmp/ccxnmSzt.s:51     .rodata.USART_PRESCALER_TAB:0000000000000000 USART_PRESCALER_TAB
     /tmp/ccxnmSzt.s:65     .rodata.CHANNEL_OFFSET_TAB:0000000000000000 $d
     /tmp/ccxnmSzt.s:68     .rodata.CHANNEL_OFFSET_TAB:0000000000000000 CHANNEL_OFFSET_TAB

NO UNDEFINED SYMBOLS
