ARM GAS  /tmp/cc7A76rz.s 			page 1


   1              		.cpu cortex-m4
   2              		.eabi_attribute 27, 1
   3              		.eabi_attribute 28, 1
   4              		.eabi_attribute 20, 1
   5              		.eabi_attribute 21, 1
   6              		.eabi_attribute 23, 3
   7              		.eabi_attribute 24, 1
   8              		.eabi_attribute 25, 1
   9              		.eabi_attribute 26, 1
  10              		.eabi_attribute 30, 2
  11              		.eabi_attribute 34, 1
  12              		.eabi_attribute 18, 2
  13              		.file	"dma.c"
  14              		.text
  15              	.Ltext0:
  16              		.cfi_sections	.debug_frame
  17              		.section	.text.MX_DMA_Init,"ax",%progbits
  18              		.align	1
  19              		.p2align 2,,3
  20              		.global	MX_DMA_Init
  21              		.arch armv7e-m
  22              		.syntax unified
  23              		.thumb
  24              		.thumb_func
  25              		.fpu fpv4-sp-d16
  27              	MX_DMA_Init:
  28              	.LFB1867:
  29              		.file 1 "Src/dma.c"
   1:Src/dma.c     **** /**
   2:Src/dma.c     ****   ******************************************************************************
   3:Src/dma.c     ****   * File Name          : dma.c
   4:Src/dma.c     ****   * Description        : This file provides code for the configuration
   5:Src/dma.c     ****   *                      of all the requested memory to memory DMA transfers.
   6:Src/dma.c     ****   ******************************************************************************
   7:Src/dma.c     ****   * This notice applies to any and all portions of this file
   8:Src/dma.c     ****   * that are not between comment pairs USER CODE BEGIN and
   9:Src/dma.c     ****   * USER CODE END. Other portions of this file, whether 
  10:Src/dma.c     ****   * inserted by the user or by software development tools
  11:Src/dma.c     ****   * are owned by their respective copyright owners.
  12:Src/dma.c     ****   *
  13:Src/dma.c     ****   * Copyright (c) 2018 STMicroelectronics International N.V. 
  14:Src/dma.c     ****   * All rights reserved.
  15:Src/dma.c     ****   *
  16:Src/dma.c     ****   * Redistribution and use in source and binary forms, with or without 
  17:Src/dma.c     ****   * modification, are permitted, provided that the following conditions are met:
  18:Src/dma.c     ****   *
  19:Src/dma.c     ****   * 1. Redistribution of source code must retain the above copyright notice, 
  20:Src/dma.c     ****   *    this list of conditions and the following disclaimer.
  21:Src/dma.c     ****   * 2. Redistributions in binary form must reproduce the above copyright notice,
  22:Src/dma.c     ****   *    this list of conditions and the following disclaimer in the documentation
  23:Src/dma.c     ****   *    and/or other materials provided with the distribution.
  24:Src/dma.c     ****   * 3. Neither the name of STMicroelectronics nor the names of other 
  25:Src/dma.c     ****   *    contributors to this software may be used to endorse or promote products 
  26:Src/dma.c     ****   *    derived from this software without specific written permission.
  27:Src/dma.c     ****   * 4. This software, including modifications and/or derivative works of this 
  28:Src/dma.c     ****   *    software, must execute solely and exclusively on microcontroller or
  29:Src/dma.c     ****   *    microprocessor devices manufactured by or for STMicroelectronics.
ARM GAS  /tmp/cc7A76rz.s 			page 2


  30:Src/dma.c     ****   * 5. Redistribution and use of this software other than as permitted under 
  31:Src/dma.c     ****   *    this license is void and will automatically terminate your rights under 
  32:Src/dma.c     ****   *    this license. 
  33:Src/dma.c     ****   *
  34:Src/dma.c     ****   * THIS SOFTWARE IS PROVIDED BY STMICROELECTRONICS AND CONTRIBUTORS "AS IS" 
  35:Src/dma.c     ****   * AND ANY EXPRESS, IMPLIED OR STATUTORY WARRANTIES, INCLUDING, BUT NOT 
  36:Src/dma.c     ****   * LIMITED TO, THE IMPLIED WARRANTIES OF MERCHANTABILITY, FITNESS FOR A 
  37:Src/dma.c     ****   * PARTICULAR PURPOSE AND NON-INFRINGEMENT OF THIRD PARTY INTELLECTUAL PROPERTY
  38:Src/dma.c     ****   * RIGHTS ARE DISCLAIMED TO THE FULLEST EXTENT PERMITTED BY LAW. IN NO EVENT 
  39:Src/dma.c     ****   * SHALL STMICROELECTRONICS OR CONTRIBUTORS BE LIABLE FOR ANY DIRECT, INDIRECT,
  40:Src/dma.c     ****   * INCIDENTAL, SPECIAL, EXEMPLARY, OR CONSEQUENTIAL DAMAGES (INCLUDING, BUT NOT
  41:Src/dma.c     ****   * LIMITED TO, PROCUREMENT OF SUBSTITUTE GOODS OR SERVICES; LOSS OF USE, DATA, 
  42:Src/dma.c     ****   * OR PROFITS; OR BUSINESS INTERRUPTION) HOWEVER CAUSED AND ON ANY THEORY OF 
  43:Src/dma.c     ****   * LIABILITY, WHETHER IN CONTRACT, STRICT LIABILITY, OR TORT (INCLUDING 
  44:Src/dma.c     ****   * NEGLIGENCE OR OTHERWISE) ARISING IN ANY WAY OUT OF THE USE OF THIS SOFTWARE,
  45:Src/dma.c     ****   * EVEN IF ADVISED OF THE POSSIBILITY OF SUCH DAMAGE.
  46:Src/dma.c     ****   *
  47:Src/dma.c     ****   ******************************************************************************
  48:Src/dma.c     ****   */
  49:Src/dma.c     **** /* Includes ------------------------------------------------------------------*/
  50:Src/dma.c     **** #include "dma.h"
  51:Src/dma.c     **** 
  52:Src/dma.c     **** /* USER CODE BEGIN 0 */
  53:Src/dma.c     **** 
  54:Src/dma.c     **** /* USER CODE END 0 */
  55:Src/dma.c     **** 
  56:Src/dma.c     **** /*----------------------------------------------------------------------------*/
  57:Src/dma.c     **** /* Configure DMA                                                              */
  58:Src/dma.c     **** /*----------------------------------------------------------------------------*/
  59:Src/dma.c     **** 
  60:Src/dma.c     **** /* USER CODE BEGIN 1 */
  61:Src/dma.c     **** 
  62:Src/dma.c     **** /* USER CODE END 1 */
  63:Src/dma.c     **** 
  64:Src/dma.c     **** /** 
  65:Src/dma.c     ****   * Enable DMA controller clock
  66:Src/dma.c     ****   */
  67:Src/dma.c     **** 
  68:Src/dma.c     **** void MX_DMA_Init(void) 
  69:Src/dma.c     **** {
  30              		.loc 1 69 1 view -0
  31              		.cfi_startproc
  32              		@ args = 0, pretend = 0, frame = 8
  33              		@ frame_needed = 0, uses_anonymous_args = 0
  34              		@ link register save eliminated.
  70:Src/dma.c     ****   /* DMA controller clock enable */
  71:Src/dma.c     ****   __HAL_RCC_DMA1_CLK_ENABLE();
  35              		.loc 1 71 3 view .LVU1
  36              	.LBB2:
  37              		.loc 1 71 3 view .LVU2
  38              		.loc 1 71 3 view .LVU3
  39 0000 0A4B     		ldr	r3, .L4
  40 0002 9A6C     		ldr	r2, [r3, #72]
  41 0004 42F00102 		orr	r2, r2, #1
  42 0008 9A64     		str	r2, [r3, #72]
  43              		.loc 1 71 3 view .LVU4
  44 000a 9A6C     		ldr	r2, [r3, #72]
ARM GAS  /tmp/cc7A76rz.s 			page 3


  45              	.LBE2:
  69:Src/dma.c     ****   /* DMA controller clock enable */
  46              		.loc 1 69 1 is_stmt 0 view .LVU5
  47 000c 82B0     		sub	sp, sp, #8
  48              	.LCFI0:
  49              		.cfi_def_cfa_offset 8
  50              	.LBB3:
  51              		.loc 1 71 3 view .LVU6
  52 000e 02F00102 		and	r2, r2, #1
  53 0012 0092     		str	r2, [sp]
  54              		.loc 1 71 3 is_stmt 1 view .LVU7
  55 0014 009A     		ldr	r2, [sp]
  56              	.LBE3:
  57              		.loc 1 71 3 view .LVU8
  72:Src/dma.c     ****   __HAL_RCC_DMA2_CLK_ENABLE();
  58              		.loc 1 72 3 view .LVU9
  59              	.LBB4:
  60              		.loc 1 72 3 view .LVU10
  61              		.loc 1 72 3 view .LVU11
  62 0016 9A6C     		ldr	r2, [r3, #72]
  63 0018 42F00202 		orr	r2, r2, #2
  64 001c 9A64     		str	r2, [r3, #72]
  65              		.loc 1 72 3 view .LVU12
  66 001e 9B6C     		ldr	r3, [r3, #72]
  67 0020 03F00203 		and	r3, r3, #2
  68 0024 0193     		str	r3, [sp, #4]
  69              		.loc 1 72 3 view .LVU13
  70 0026 019B     		ldr	r3, [sp, #4]
  71              	.LBE4:
  72              		.loc 1 72 3 view .LVU14
  73:Src/dma.c     ****   void MX_DMA_Init(void) 
  73              		.loc 1 73 3 view .LVU15
  74:Src/dma.c     ****   {
  75:Src/dma.c     ****       /* DMA controller clock enable */
  76:Src/dma.c     ****       __HAL_RCC_DMA1_CLK_ENABLE();
  77:Src/dma.c     ****       __HAL_RCC_DMA2_CLK_ENABLE();
  78:Src/dma.c     ****   
  79:Src/dma.c     ****       /* DMA interrupt init */
  80:Src/dma.c     ****       /* DMA1 Channel1 interrupt configuration */
  81:Src/dma.c     ****       HAL_NVIC_SetPriority(DMA1_Channel1_IRQn, 6, 0);
  82:Src/dma.c     ****       HAL_NVIC_EnableIRQ(DMA1_Channel1_IRQn);
  83:Src/dma.c     ****       
  84:Src/dma.c     ****       /* DMA1 Channel2 interrupt configuration */
  85:Src/dma.c     ****       HAL_NVIC_SetPriority(DMA1_Channel2_IRQn, 6, 0);
  86:Src/dma.c     ****       HAL_NVIC_EnableIRQ(DMA1_Channel2_IRQn);
  87:Src/dma.c     ****       
  88:Src/dma.c     ****       /* DMA1 Channel3 interrupt configuration */
  89:Src/dma.c     ****       HAL_NVIC_SetPriority(DMA1_Channel3_IRQn, 6, 0);
  90:Src/dma.c     ****       HAL_NVIC_EnableIRQ(DMA1_Channel3_IRQn);
  91:Src/dma.c     ****       
  92:Src/dma.c     ****       /* DMA1 Channel4 interrupt configuration */
  93:Src/dma.c     ****       HAL_NVIC_SetPriority(DMA1_Channel4_IRQn, 6, 0);
  94:Src/dma.c     ****       HAL_NVIC_EnableIRQ(DMA1_Channel4_IRQn);
  95:Src/dma.c     ****   
  96:Src/dma.c     ****       /* DMA2 Channel1 interrupt configuration */
  97:Src/dma.c     ****       HAL_NVIC_SetPriority(DMA2_Channel1_IRQn, 6, 0);
  98:Src/dma.c     ****       HAL_NVIC_EnableIRQ(DMA2_Channel1_IRQn);
ARM GAS  /tmp/cc7A76rz.s 			page 4


  99:Src/dma.c     ****       
 100:Src/dma.c     ****       /* DMA2 Channel2 interrupt configuration */
 101:Src/dma.c     ****       HAL_NVIC_SetPriority(DMA2_Channel2_IRQn, 6, 0);
 102:Src/dma.c     ****       HAL_NVIC_EnableIRQ(DMA2_Channel2_IRQn);
 103:Src/dma.c     ****   }
 104:Src/dma.c     **** 
 105:Src/dma.c     **** }
  74              		.loc 1 105 1 is_stmt 0 view .LVU16
  75 0028 02B0     		add	sp, sp, #8
  76              	.LCFI1:
  77              		.cfi_def_cfa_offset 0
  78              		@ sp needed
  79 002a 7047     		bx	lr
  80              	.L5:
  81              		.align	2
  82              	.L4:
  83 002c 00100240 		.word	1073876992
  84              		.cfi_endproc
  85              	.LFE1867:
  87              		.text
  88              	.Letext0:
  89              		.file 2 "/usr/share/gcc-arm-none-eabi-10-2020-q4-major/arm-none-eabi/include/machine/_default_type
  90              		.file 3 "/usr/share/gcc-arm-none-eabi-10-2020-q4-major/arm-none-eabi/include/sys/_stdint.h"
  91              		.file 4 "Drivers/CMSIS/Device/ST/STM32G4xx/Include/stm32g431xx.h"
  92              		.file 5 "Drivers/STM32G4xx_HAL_Driver/Inc/stm32g4xx_ll_tim.h"
  93              		.file 6 "Drivers/STM32G4xx_HAL_Driver/Inc/stm32g4xx_ll_usart.h"
  94              		.file 7 "Drivers/STM32G4xx_HAL_Driver/Inc/stm32g4xx_ll_dma.h"
ARM GAS  /tmp/cc7A76rz.s 			page 5


DEFINED SYMBOLS
                            *ABS*:0000000000000000 dma.c
     /tmp/cc7A76rz.s:18     .text.MX_DMA_Init:0000000000000000 $t
     /tmp/cc7A76rz.s:27     .text.MX_DMA_Init:0000000000000000 MX_DMA_Init
     /tmp/cc7A76rz.s:83     .text.MX_DMA_Init:000000000000002c $d

NO UNDEFINED SYMBOLS
