ARM GAS  /tmp/cczsD9cw.s 			page 1


   1              		.cpu cortex-m4
   2              		.eabi_attribute 27, 1
   3              		.eabi_attribute 28, 1
   4              		.eabi_attribute 20, 1
   5              		.eabi_attribute 21, 1
   6              		.eabi_attribute 23, 3
   7              		.eabi_attribute 24, 1
   8              		.eabi_attribute 25, 1
   9              		.eabi_attribute 26, 1
  10              		.eabi_attribute 30, 2
  11              		.eabi_attribute 34, 1
  12              		.eabi_attribute 18, 2
  13              		.file	"list.c"
  14              		.text
  15              	.Ltext0:
  16              		.cfi_sections	.debug_frame
  17              		.section	.text.vListInitialise,"ax",%progbits
  18              		.align	1
  19              		.p2align 2,,3
  20              		.global	vListInitialise
  21              		.arch armv7e-m
  22              		.syntax unified
  23              		.thumb
  24              		.thumb_func
  25              		.fpu fpv4-sp-d16
  27              	vListInitialise:
  28              	.LVL0:
  29              	.LFB5:
  30              		.file 1 "Middlewares/Third_Party/FreeRTOS/Source/list.c"
   1:Middlewares/Third_Party/FreeRTOS/Source/list.c **** /*
   2:Middlewares/Third_Party/FreeRTOS/Source/list.c ****  * FreeRTOS Kernel V10.3.1
   3:Middlewares/Third_Party/FreeRTOS/Source/list.c ****  * Copyright (C) 2020 Amazon.com, Inc. or its affiliates.  All Rights Reserved.
   4:Middlewares/Third_Party/FreeRTOS/Source/list.c ****  *
   5:Middlewares/Third_Party/FreeRTOS/Source/list.c ****  * Permission is hereby granted, free of charge, to any person obtaining a copy of
   6:Middlewares/Third_Party/FreeRTOS/Source/list.c ****  * this software and associated documentation files (the "Software"), to deal in
   7:Middlewares/Third_Party/FreeRTOS/Source/list.c ****  * the Software without restriction, including without limitation the rights to
   8:Middlewares/Third_Party/FreeRTOS/Source/list.c ****  * use, copy, modify, merge, publish, distribute, sublicense, and/or sell copies of
   9:Middlewares/Third_Party/FreeRTOS/Source/list.c ****  * the Software, and to permit persons to whom the Software is furnished to do so,
  10:Middlewares/Third_Party/FreeRTOS/Source/list.c ****  * subject to the following conditions:
  11:Middlewares/Third_Party/FreeRTOS/Source/list.c ****  *
  12:Middlewares/Third_Party/FreeRTOS/Source/list.c ****  * The above copyright notice and this permission notice shall be included in all
  13:Middlewares/Third_Party/FreeRTOS/Source/list.c ****  * copies or substantial portions of the Software.
  14:Middlewares/Third_Party/FreeRTOS/Source/list.c ****  *
  15:Middlewares/Third_Party/FreeRTOS/Source/list.c ****  * THE SOFTWARE IS PROVIDED "AS IS", WITHOUT WARRANTY OF ANY KIND, EXPRESS OR
  16:Middlewares/Third_Party/FreeRTOS/Source/list.c ****  * IMPLIED, INCLUDING BUT NOT LIMITED TO THE WARRANTIES OF MERCHANTABILITY, FITNESS
  17:Middlewares/Third_Party/FreeRTOS/Source/list.c ****  * FOR A PARTICULAR PURPOSE AND NONINFRINGEMENT. IN NO EVENT SHALL THE AUTHORS OR
  18:Middlewares/Third_Party/FreeRTOS/Source/list.c ****  * COPYRIGHT HOLDERS BE LIABLE FOR ANY CLAIM, DAMAGES OR OTHER LIABILITY, WHETHER
  19:Middlewares/Third_Party/FreeRTOS/Source/list.c ****  * IN AN ACTION OF CONTRACT, TORT OR OTHERWISE, ARISING FROM, OUT OF OR IN
  20:Middlewares/Third_Party/FreeRTOS/Source/list.c ****  * CONNECTION WITH THE SOFTWARE OR THE USE OR OTHER DEALINGS IN THE SOFTWARE.
  21:Middlewares/Third_Party/FreeRTOS/Source/list.c ****  *
  22:Middlewares/Third_Party/FreeRTOS/Source/list.c ****  * http://www.FreeRTOS.org
  23:Middlewares/Third_Party/FreeRTOS/Source/list.c ****  * http://aws.amazon.com/freertos
  24:Middlewares/Third_Party/FreeRTOS/Source/list.c ****  *
  25:Middlewares/Third_Party/FreeRTOS/Source/list.c ****  * 1 tab == 4 spaces!
  26:Middlewares/Third_Party/FreeRTOS/Source/list.c ****  */
  27:Middlewares/Third_Party/FreeRTOS/Source/list.c **** 
  28:Middlewares/Third_Party/FreeRTOS/Source/list.c **** 
ARM GAS  /tmp/cczsD9cw.s 			page 2


  29:Middlewares/Third_Party/FreeRTOS/Source/list.c **** #include <stdlib.h>
  30:Middlewares/Third_Party/FreeRTOS/Source/list.c **** #include "FreeRTOS.h"
  31:Middlewares/Third_Party/FreeRTOS/Source/list.c **** #include "list.h"
  32:Middlewares/Third_Party/FreeRTOS/Source/list.c **** 
  33:Middlewares/Third_Party/FreeRTOS/Source/list.c **** /*-----------------------------------------------------------
  34:Middlewares/Third_Party/FreeRTOS/Source/list.c ****  * PUBLIC LIST API documented in list.h
  35:Middlewares/Third_Party/FreeRTOS/Source/list.c ****  *----------------------------------------------------------*/
  36:Middlewares/Third_Party/FreeRTOS/Source/list.c **** 
  37:Middlewares/Third_Party/FreeRTOS/Source/list.c **** void vListInitialise( List_t * const pxList )
  38:Middlewares/Third_Party/FreeRTOS/Source/list.c **** {
  31              		.loc 1 38 1 view -0
  32              		.cfi_startproc
  33              		@ args = 0, pretend = 0, frame = 0
  34              		@ frame_needed = 0, uses_anonymous_args = 0
  35              		@ link register save eliminated.
  39:Middlewares/Third_Party/FreeRTOS/Source/list.c **** 	/* The list structure contains a list item which is used to mark the
  40:Middlewares/Third_Party/FreeRTOS/Source/list.c **** 	end of the list.  To initialise the list the list end is inserted
  41:Middlewares/Third_Party/FreeRTOS/Source/list.c **** 	as the only list entry. */
  42:Middlewares/Third_Party/FreeRTOS/Source/list.c **** 	pxList->pxIndex = ( ListItem_t * ) &( pxList->xListEnd );			/*lint !e826 !e740 !e9087 The mini lis
  36              		.loc 1 42 2 view .LVU1
  37              		.loc 1 42 37 is_stmt 0 view .LVU2
  38 0000 00F10803 		add	r3, r0, #8
  43:Middlewares/Third_Party/FreeRTOS/Source/list.c **** 
  44:Middlewares/Third_Party/FreeRTOS/Source/list.c **** 	/* The list end value is the highest possible value in the list to
  45:Middlewares/Third_Party/FreeRTOS/Source/list.c **** 	ensure it remains at the end of the list. */
  46:Middlewares/Third_Party/FreeRTOS/Source/list.c **** 	pxList->xListEnd.xItemValue = portMAX_DELAY;
  39              		.loc 1 46 30 view .LVU3
  40 0004 4FF0FF31 		mov	r1, #-1
  47:Middlewares/Third_Party/FreeRTOS/Source/list.c **** 
  48:Middlewares/Third_Party/FreeRTOS/Source/list.c **** 	/* The list end next and previous pointers point to itself so we know
  49:Middlewares/Third_Party/FreeRTOS/Source/list.c **** 	when the list is empty. */
  50:Middlewares/Third_Party/FreeRTOS/Source/list.c **** 	pxList->xListEnd.pxNext = ( ListItem_t * ) &( pxList->xListEnd );	/*lint !e826 !e740 !e9087 The mi
  51:Middlewares/Third_Party/FreeRTOS/Source/list.c **** 	pxList->xListEnd.pxPrevious = ( ListItem_t * ) &( pxList->xListEnd );/*lint !e826 !e740 !e9087 The
  52:Middlewares/Third_Party/FreeRTOS/Source/list.c **** 
  53:Middlewares/Third_Party/FreeRTOS/Source/list.c **** 	pxList->uxNumberOfItems = ( UBaseType_t ) 0U;
  41              		.loc 1 53 26 view .LVU4
  42 0008 0022     		movs	r2, #0
  46:Middlewares/Third_Party/FreeRTOS/Source/list.c **** 
  43              		.loc 1 46 30 view .LVU5
  44 000a C0E90131 		strd	r3, r1, [r0, #4]
  50:Middlewares/Third_Party/FreeRTOS/Source/list.c **** 	pxList->xListEnd.pxPrevious = ( ListItem_t * ) &( pxList->xListEnd );/*lint !e826 !e740 !e9087 The
  45              		.loc 1 50 2 is_stmt 1 view .LVU6
  51:Middlewares/Third_Party/FreeRTOS/Source/list.c **** 
  46              		.loc 1 51 30 is_stmt 0 view .LVU7
  47 000e C0E90333 		strd	r3, r3, [r0, #12]
  48              		.loc 1 53 2 is_stmt 1 view .LVU8
  49              		.loc 1 53 26 is_stmt 0 view .LVU9
  50 0012 0260     		str	r2, [r0]
  54:Middlewares/Third_Party/FreeRTOS/Source/list.c **** 
  55:Middlewares/Third_Party/FreeRTOS/Source/list.c **** 	/* Write known values into the list if
  56:Middlewares/Third_Party/FreeRTOS/Source/list.c **** 	configUSE_LIST_DATA_INTEGRITY_CHECK_BYTES is set to 1. */
  57:Middlewares/Third_Party/FreeRTOS/Source/list.c **** 	listSET_LIST_INTEGRITY_CHECK_1_VALUE( pxList );
  51              		.loc 1 57 48 is_stmt 1 view .LVU10
  58:Middlewares/Third_Party/FreeRTOS/Source/list.c **** 	listSET_LIST_INTEGRITY_CHECK_2_VALUE( pxList );
  52              		.loc 1 58 48 view .LVU11
  59:Middlewares/Third_Party/FreeRTOS/Source/list.c **** }
  53              		.loc 1 59 1 is_stmt 0 view .LVU12
ARM GAS  /tmp/cczsD9cw.s 			page 3


  54 0014 7047     		bx	lr
  55              		.cfi_endproc
  56              	.LFE5:
  58 0016 00BF     		.section	.text.vListInitialiseItem,"ax",%progbits
  59              		.align	1
  60              		.p2align 2,,3
  61              		.global	vListInitialiseItem
  62              		.syntax unified
  63              		.thumb
  64              		.thumb_func
  65              		.fpu fpv4-sp-d16
  67              	vListInitialiseItem:
  68              	.LVL1:
  69              	.LFB6:
  60:Middlewares/Third_Party/FreeRTOS/Source/list.c **** /*-----------------------------------------------------------*/
  61:Middlewares/Third_Party/FreeRTOS/Source/list.c **** 
  62:Middlewares/Third_Party/FreeRTOS/Source/list.c **** void vListInitialiseItem( ListItem_t * const pxItem )
  63:Middlewares/Third_Party/FreeRTOS/Source/list.c **** {
  70              		.loc 1 63 1 is_stmt 1 view -0
  71              		.cfi_startproc
  72              		@ args = 0, pretend = 0, frame = 0
  73              		@ frame_needed = 0, uses_anonymous_args = 0
  74              		@ link register save eliminated.
  64:Middlewares/Third_Party/FreeRTOS/Source/list.c **** 	/* Make sure the list item is not recorded as being on a list. */
  65:Middlewares/Third_Party/FreeRTOS/Source/list.c **** 	pxItem->pxContainer = NULL;
  75              		.loc 1 65 2 view .LVU14
  76              		.loc 1 65 22 is_stmt 0 view .LVU15
  77 0000 0023     		movs	r3, #0
  78 0002 0361     		str	r3, [r0, #16]
  66:Middlewares/Third_Party/FreeRTOS/Source/list.c **** 
  67:Middlewares/Third_Party/FreeRTOS/Source/list.c **** 	/* Write known values into the list item if
  68:Middlewares/Third_Party/FreeRTOS/Source/list.c **** 	configUSE_LIST_DATA_INTEGRITY_CHECK_BYTES is set to 1. */
  69:Middlewares/Third_Party/FreeRTOS/Source/list.c **** 	listSET_FIRST_LIST_ITEM_INTEGRITY_CHECK_VALUE( pxItem );
  79              		.loc 1 69 57 is_stmt 1 view .LVU16
  70:Middlewares/Third_Party/FreeRTOS/Source/list.c **** 	listSET_SECOND_LIST_ITEM_INTEGRITY_CHECK_VALUE( pxItem );
  80              		.loc 1 70 58 view .LVU17
  71:Middlewares/Third_Party/FreeRTOS/Source/list.c **** }
  81              		.loc 1 71 1 is_stmt 0 view .LVU18
  82 0004 7047     		bx	lr
  83              		.cfi_endproc
  84              	.LFE6:
  86 0006 00BF     		.section	.text.vListInsertEnd,"ax",%progbits
  87              		.align	1
  88              		.p2align 2,,3
  89              		.global	vListInsertEnd
  90              		.syntax unified
  91              		.thumb
  92              		.thumb_func
  93              		.fpu fpv4-sp-d16
  95              	vListInsertEnd:
  96              	.LVL2:
  97              	.LFB7:
  72:Middlewares/Third_Party/FreeRTOS/Source/list.c **** /*-----------------------------------------------------------*/
  73:Middlewares/Third_Party/FreeRTOS/Source/list.c **** 
  74:Middlewares/Third_Party/FreeRTOS/Source/list.c **** void vListInsertEnd( List_t * const pxList, ListItem_t * const pxNewListItem )
  75:Middlewares/Third_Party/FreeRTOS/Source/list.c **** {
  98              		.loc 1 75 1 is_stmt 1 view -0
ARM GAS  /tmp/cczsD9cw.s 			page 4


  99              		.cfi_startproc
 100              		@ args = 0, pretend = 0, frame = 0
 101              		@ frame_needed = 0, uses_anonymous_args = 0
 102              		@ link register save eliminated.
  76:Middlewares/Third_Party/FreeRTOS/Source/list.c **** ListItem_t * const pxIndex = pxList->pxIndex;
 103              		.loc 1 76 1 view .LVU20
 104              		.loc 1 76 20 is_stmt 0 view .LVU21
 105 0000 4368     		ldr	r3, [r0, #4]
 106              	.LVL3:
  77:Middlewares/Third_Party/FreeRTOS/Source/list.c **** 
  78:Middlewares/Third_Party/FreeRTOS/Source/list.c **** 	/* Only effective when configASSERT() is also defined, these tests may catch
  79:Middlewares/Third_Party/FreeRTOS/Source/list.c **** 	the list data structures being overwritten in memory.  They will not catch
  80:Middlewares/Third_Party/FreeRTOS/Source/list.c **** 	data errors caused by incorrect configuration or use of FreeRTOS. */
  81:Middlewares/Third_Party/FreeRTOS/Source/list.c **** 	listTEST_LIST_INTEGRITY( pxList );
 107              		.loc 1 81 35 is_stmt 1 view .LVU22
  82:Middlewares/Third_Party/FreeRTOS/Source/list.c **** 	listTEST_LIST_ITEM_INTEGRITY( pxNewListItem );
 108              		.loc 1 82 47 view .LVU23
  83:Middlewares/Third_Party/FreeRTOS/Source/list.c **** 
  84:Middlewares/Third_Party/FreeRTOS/Source/list.c **** 	/* Insert a new list item into pxList, but rather than sort the list,
  85:Middlewares/Third_Party/FreeRTOS/Source/list.c **** 	makes the new list item the last item to be removed by a call to
  86:Middlewares/Third_Party/FreeRTOS/Source/list.c **** 	listGET_OWNER_OF_NEXT_ENTRY(). */
  87:Middlewares/Third_Party/FreeRTOS/Source/list.c **** 	pxNewListItem->pxNext = pxIndex;
 109              		.loc 1 87 2 view .LVU24
  88:Middlewares/Third_Party/FreeRTOS/Source/list.c **** 	pxNewListItem->pxPrevious = pxIndex->pxPrevious;
 110              		.loc 1 88 37 is_stmt 0 view .LVU25
 111 0002 9A68     		ldr	r2, [r3, #8]
 112              		.loc 1 88 28 view .LVU26
 113 0004 8A60     		str	r2, [r1, #8]
  89:Middlewares/Third_Party/FreeRTOS/Source/list.c **** 
  90:Middlewares/Third_Party/FreeRTOS/Source/list.c **** 	/* Only used during decision coverage testing. */
  91:Middlewares/Third_Party/FreeRTOS/Source/list.c **** 	mtCOVERAGE_TEST_DELAY();
  92:Middlewares/Third_Party/FreeRTOS/Source/list.c **** 
  93:Middlewares/Third_Party/FreeRTOS/Source/list.c **** 	pxIndex->pxPrevious->pxNext = pxNewListItem;
  94:Middlewares/Third_Party/FreeRTOS/Source/list.c **** 	pxIndex->pxPrevious = pxNewListItem;
  95:Middlewares/Third_Party/FreeRTOS/Source/list.c **** 
  96:Middlewares/Third_Party/FreeRTOS/Source/list.c **** 	/* Remember which list the item is in. */
  97:Middlewares/Third_Party/FreeRTOS/Source/list.c **** 	pxNewListItem->pxContainer = pxList;
  98:Middlewares/Third_Party/FreeRTOS/Source/list.c **** 
  99:Middlewares/Third_Party/FreeRTOS/Source/list.c **** 	( pxList->uxNumberOfItems )++;
 114              		.loc 1 99 10 view .LVU27
 115 0006 0268     		ldr	r2, [r0]
  75:Middlewares/Third_Party/FreeRTOS/Source/list.c **** ListItem_t * const pxIndex = pxList->pxIndex;
 116              		.loc 1 75 1 view .LVU28
 117 0008 10B4     		push	{r4}
 118              	.LCFI0:
 119              		.cfi_def_cfa_offset 4
 120              		.cfi_offset 4, -4
  93:Middlewares/Third_Party/FreeRTOS/Source/list.c **** 	pxIndex->pxPrevious = pxNewListItem;
 121              		.loc 1 93 30 view .LVU29
 122 000a 9C68     		ldr	r4, [r3, #8]
  87:Middlewares/Third_Party/FreeRTOS/Source/list.c **** 	pxNewListItem->pxPrevious = pxIndex->pxPrevious;
 123              		.loc 1 87 24 view .LVU30
 124 000c 4B60     		str	r3, [r1, #4]
  88:Middlewares/Third_Party/FreeRTOS/Source/list.c **** 
 125              		.loc 1 88 2 is_stmt 1 view .LVU31
  91:Middlewares/Third_Party/FreeRTOS/Source/list.c **** 
 126              		.loc 1 91 25 view .LVU32
ARM GAS  /tmp/cczsD9cw.s 			page 5


  93:Middlewares/Third_Party/FreeRTOS/Source/list.c **** 	pxIndex->pxPrevious = pxNewListItem;
 127              		.loc 1 93 2 view .LVU33
 128              		.loc 1 99 29 is_stmt 0 view .LVU34
 129 000e 0132     		adds	r2, r2, #1
  93:Middlewares/Third_Party/FreeRTOS/Source/list.c **** 	pxIndex->pxPrevious = pxNewListItem;
 130              		.loc 1 93 30 view .LVU35
 131 0010 6160     		str	r1, [r4, #4]
  94:Middlewares/Third_Party/FreeRTOS/Source/list.c **** 
 132              		.loc 1 94 2 is_stmt 1 view .LVU36
  94:Middlewares/Third_Party/FreeRTOS/Source/list.c **** 
 133              		.loc 1 94 22 is_stmt 0 view .LVU37
 134 0012 9960     		str	r1, [r3, #8]
  97:Middlewares/Third_Party/FreeRTOS/Source/list.c **** 
 135              		.loc 1 97 2 is_stmt 1 view .LVU38
 100:Middlewares/Third_Party/FreeRTOS/Source/list.c **** }
 136              		.loc 1 100 1 is_stmt 0 view .LVU39
 137 0014 5DF8044B 		ldr	r4, [sp], #4
 138              	.LCFI1:
 139              		.cfi_restore 4
 140              		.cfi_def_cfa_offset 0
  97:Middlewares/Third_Party/FreeRTOS/Source/list.c **** 
 141              		.loc 1 97 29 view .LVU40
 142 0018 0861     		str	r0, [r1, #16]
  99:Middlewares/Third_Party/FreeRTOS/Source/list.c **** }
 143              		.loc 1 99 2 is_stmt 1 view .LVU41
  99:Middlewares/Third_Party/FreeRTOS/Source/list.c **** }
 144              		.loc 1 99 29 is_stmt 0 view .LVU42
 145 001a 0260     		str	r2, [r0]
 146              		.loc 1 100 1 view .LVU43
 147 001c 7047     		bx	lr
 148              		.cfi_endproc
 149              	.LFE7:
 151 001e 00BF     		.section	.text.vListInsert,"ax",%progbits
 152              		.align	1
 153              		.p2align 2,,3
 154              		.global	vListInsert
 155              		.syntax unified
 156              		.thumb
 157              		.thumb_func
 158              		.fpu fpv4-sp-d16
 160              	vListInsert:
 161              	.LVL4:
 162              	.LFB8:
 101:Middlewares/Third_Party/FreeRTOS/Source/list.c **** /*-----------------------------------------------------------*/
 102:Middlewares/Third_Party/FreeRTOS/Source/list.c **** 
 103:Middlewares/Third_Party/FreeRTOS/Source/list.c **** void vListInsert( List_t * const pxList, ListItem_t * const pxNewListItem )
 104:Middlewares/Third_Party/FreeRTOS/Source/list.c **** {
 163              		.loc 1 104 1 is_stmt 1 view -0
 164              		.cfi_startproc
 165              		@ args = 0, pretend = 0, frame = 0
 166              		@ frame_needed = 0, uses_anonymous_args = 0
 167              		@ link register save eliminated.
 105:Middlewares/Third_Party/FreeRTOS/Source/list.c **** ListItem_t *pxIterator;
 168              		.loc 1 105 1 view .LVU45
 106:Middlewares/Third_Party/FreeRTOS/Source/list.c **** const TickType_t xValueOfInsertion = pxNewListItem->xItemValue;
 169              		.loc 1 106 1 view .LVU46
 104:Middlewares/Third_Party/FreeRTOS/Source/list.c **** ListItem_t *pxIterator;
ARM GAS  /tmp/cczsD9cw.s 			page 6


 170              		.loc 1 104 1 is_stmt 0 view .LVU47
 171 0000 30B4     		push	{r4, r5}
 172              	.LCFI2:
 173              		.cfi_def_cfa_offset 8
 174              		.cfi_offset 4, -8
 175              		.cfi_offset 5, -4
 176              		.loc 1 106 18 view .LVU48
 177 0002 0D68     		ldr	r5, [r1]
 178              	.LVL5:
 107:Middlewares/Third_Party/FreeRTOS/Source/list.c **** 
 108:Middlewares/Third_Party/FreeRTOS/Source/list.c **** 	/* Only effective when configASSERT() is also defined, these tests may catch
 109:Middlewares/Third_Party/FreeRTOS/Source/list.c **** 	the list data structures being overwritten in memory.  They will not catch
 110:Middlewares/Third_Party/FreeRTOS/Source/list.c **** 	data errors caused by incorrect configuration or use of FreeRTOS. */
 111:Middlewares/Third_Party/FreeRTOS/Source/list.c **** 	listTEST_LIST_INTEGRITY( pxList );
 179              		.loc 1 111 35 is_stmt 1 view .LVU49
 112:Middlewares/Third_Party/FreeRTOS/Source/list.c **** 	listTEST_LIST_ITEM_INTEGRITY( pxNewListItem );
 180              		.loc 1 112 47 view .LVU50
 113:Middlewares/Third_Party/FreeRTOS/Source/list.c **** 
 114:Middlewares/Third_Party/FreeRTOS/Source/list.c **** 	/* Insert the new list item into the list, sorted in xItemValue order.
 115:Middlewares/Third_Party/FreeRTOS/Source/list.c **** 
 116:Middlewares/Third_Party/FreeRTOS/Source/list.c **** 	If the list already contains a list item with the same item value then the
 117:Middlewares/Third_Party/FreeRTOS/Source/list.c **** 	new list item should be placed after it.  This ensures that TCBs which are
 118:Middlewares/Third_Party/FreeRTOS/Source/list.c **** 	stored in ready lists (all of which have the same xItemValue value) get a
 119:Middlewares/Third_Party/FreeRTOS/Source/list.c **** 	share of the CPU.  However, if the xItemValue is the same as the back marker
 120:Middlewares/Third_Party/FreeRTOS/Source/list.c **** 	the iteration loop below will not end.  Therefore the value is checked
 121:Middlewares/Third_Party/FreeRTOS/Source/list.c **** 	first, and the algorithm slightly modified if necessary. */
 122:Middlewares/Third_Party/FreeRTOS/Source/list.c **** 	if( xValueOfInsertion == portMAX_DELAY )
 181              		.loc 1 122 2 view .LVU51
 182              		.loc 1 122 4 is_stmt 0 view .LVU52
 183 0004 6B1C     		adds	r3, r5, #1
 184 0006 10D0     		beq	.L12
 123:Middlewares/Third_Party/FreeRTOS/Source/list.c **** 	{
 124:Middlewares/Third_Party/FreeRTOS/Source/list.c **** 		pxIterator = pxList->xListEnd.pxPrevious;
 125:Middlewares/Third_Party/FreeRTOS/Source/list.c **** 	}
 126:Middlewares/Third_Party/FreeRTOS/Source/list.c **** 	else
 127:Middlewares/Third_Party/FreeRTOS/Source/list.c **** 	{
 128:Middlewares/Third_Party/FreeRTOS/Source/list.c **** 		/* *** NOTE ***********************************************************
 129:Middlewares/Third_Party/FreeRTOS/Source/list.c **** 		If you find your application is crashing here then likely causes are
 130:Middlewares/Third_Party/FreeRTOS/Source/list.c **** 		listed below.  In addition see https://www.freertos.org/FAQHelp.html for
 131:Middlewares/Third_Party/FreeRTOS/Source/list.c **** 		more tips, and ensure configASSERT() is defined!
 132:Middlewares/Third_Party/FreeRTOS/Source/list.c **** 		https://www.freertos.org/a00110.html#configASSERT
 133:Middlewares/Third_Party/FreeRTOS/Source/list.c **** 
 134:Middlewares/Third_Party/FreeRTOS/Source/list.c **** 			1) Stack overflow -
 135:Middlewares/Third_Party/FreeRTOS/Source/list.c **** 			   see https://www.freertos.org/Stacks-and-stack-overflow-checking.html
 136:Middlewares/Third_Party/FreeRTOS/Source/list.c **** 			2) Incorrect interrupt priority assignment, especially on Cortex-M
 137:Middlewares/Third_Party/FreeRTOS/Source/list.c **** 			   parts where numerically high priority values denote low actual
 138:Middlewares/Third_Party/FreeRTOS/Source/list.c **** 			   interrupt priorities, which can seem counter intuitive.  See
 139:Middlewares/Third_Party/FreeRTOS/Source/list.c **** 			   https://www.freertos.org/RTOS-Cortex-M3-M4.html and the definition
 140:Middlewares/Third_Party/FreeRTOS/Source/list.c **** 			   of configMAX_SYSCALL_INTERRUPT_PRIORITY on
 141:Middlewares/Third_Party/FreeRTOS/Source/list.c **** 			   https://www.freertos.org/a00110.html
 142:Middlewares/Third_Party/FreeRTOS/Source/list.c **** 			3) Calling an API function from within a critical section or when
 143:Middlewares/Third_Party/FreeRTOS/Source/list.c **** 			   the scheduler is suspended, or calling an API function that does
 144:Middlewares/Third_Party/FreeRTOS/Source/list.c **** 			   not end in "FromISR" from an interrupt.
 145:Middlewares/Third_Party/FreeRTOS/Source/list.c **** 			4) Using a queue or semaphore before it has been initialised or
 146:Middlewares/Third_Party/FreeRTOS/Source/list.c **** 			   before the scheduler has been started (are interrupts firing
 147:Middlewares/Third_Party/FreeRTOS/Source/list.c **** 			   before vTaskStartScheduler() has been called?).
 148:Middlewares/Third_Party/FreeRTOS/Source/list.c **** 		**********************************************************************/
ARM GAS  /tmp/cczsD9cw.s 			page 7


 149:Middlewares/Third_Party/FreeRTOS/Source/list.c **** 
 150:Middlewares/Third_Party/FreeRTOS/Source/list.c **** 		for( pxIterator = ( ListItem_t * ) &( pxList->xListEnd ); pxIterator->pxNext->xItemValue <= xValu
 185              		.loc 1 150 3 is_stmt 1 view .LVU53
 186              		.loc 1 150 19 is_stmt 0 view .LVU54
 187 0008 00F10803 		add	r3, r0, #8
 188              	.LVL6:
 189              	.L9:
 190              		.loc 1 150 61 is_stmt 1 discriminator 1 view .LVU55
 191 000c 1C46     		mov	r4, r3
 192              		.loc 1 150 71 is_stmt 0 discriminator 1 view .LVU56
 193 000e 5B68     		ldr	r3, [r3, #4]
 194              	.LVL7:
 195              		.loc 1 150 3 discriminator 1 view .LVU57
 196 0010 1A68     		ldr	r2, [r3]
 197 0012 AA42     		cmp	r2, r5
 198 0014 FAD9     		bls	.L9
 199              	.L8:
 151:Middlewares/Third_Party/FreeRTOS/Source/list.c **** 		{
 152:Middlewares/Third_Party/FreeRTOS/Source/list.c **** 			/* There is nothing to do here, just iterating to the wanted
 153:Middlewares/Third_Party/FreeRTOS/Source/list.c **** 			insertion position. */
 154:Middlewares/Third_Party/FreeRTOS/Source/list.c **** 		}
 155:Middlewares/Third_Party/FreeRTOS/Source/list.c **** 	}
 156:Middlewares/Third_Party/FreeRTOS/Source/list.c **** 
 157:Middlewares/Third_Party/FreeRTOS/Source/list.c **** 	pxNewListItem->pxNext = pxIterator->pxNext;
 200              		.loc 1 157 2 is_stmt 1 view .LVU58
 158:Middlewares/Third_Party/FreeRTOS/Source/list.c **** 	pxNewListItem->pxNext->pxPrevious = pxNewListItem;
 159:Middlewares/Third_Party/FreeRTOS/Source/list.c **** 	pxNewListItem->pxPrevious = pxIterator;
 160:Middlewares/Third_Party/FreeRTOS/Source/list.c **** 	pxIterator->pxNext = pxNewListItem;
 161:Middlewares/Third_Party/FreeRTOS/Source/list.c **** 
 162:Middlewares/Third_Party/FreeRTOS/Source/list.c **** 	/* Remember which list the item is in.  This allows fast removal of the
 163:Middlewares/Third_Party/FreeRTOS/Source/list.c **** 	item later. */
 164:Middlewares/Third_Party/FreeRTOS/Source/list.c **** 	pxNewListItem->pxContainer = pxList;
 165:Middlewares/Third_Party/FreeRTOS/Source/list.c **** 
 166:Middlewares/Third_Party/FreeRTOS/Source/list.c **** 	( pxList->uxNumberOfItems )++;
 201              		.loc 1 166 10 is_stmt 0 view .LVU59
 202 0016 0268     		ldr	r2, [r0]
 157:Middlewares/Third_Party/FreeRTOS/Source/list.c **** 	pxNewListItem->pxNext->pxPrevious = pxNewListItem;
 203              		.loc 1 157 24 view .LVU60
 204 0018 4B60     		str	r3, [r1, #4]
 158:Middlewares/Third_Party/FreeRTOS/Source/list.c **** 	pxNewListItem->pxNext->pxPrevious = pxNewListItem;
 205              		.loc 1 158 2 is_stmt 1 view .LVU61
 206              		.loc 1 166 29 is_stmt 0 view .LVU62
 207 001a 0132     		adds	r2, r2, #1
 158:Middlewares/Third_Party/FreeRTOS/Source/list.c **** 	pxNewListItem->pxNext->pxPrevious = pxNewListItem;
 208              		.loc 1 158 36 view .LVU63
 209 001c 9960     		str	r1, [r3, #8]
 159:Middlewares/Third_Party/FreeRTOS/Source/list.c **** 	pxIterator->pxNext = pxNewListItem;
 210              		.loc 1 159 2 is_stmt 1 view .LVU64
 159:Middlewares/Third_Party/FreeRTOS/Source/list.c **** 	pxIterator->pxNext = pxNewListItem;
 211              		.loc 1 159 28 is_stmt 0 view .LVU65
 212 001e 8C60     		str	r4, [r1, #8]
 160:Middlewares/Third_Party/FreeRTOS/Source/list.c **** 
 213              		.loc 1 160 2 is_stmt 1 view .LVU66
 160:Middlewares/Third_Party/FreeRTOS/Source/list.c **** 
 214              		.loc 1 160 21 is_stmt 0 view .LVU67
 215 0020 6160     		str	r1, [r4, #4]
 164:Middlewares/Third_Party/FreeRTOS/Source/list.c **** 
ARM GAS  /tmp/cczsD9cw.s 			page 8


 216              		.loc 1 164 2 is_stmt 1 view .LVU68
 164:Middlewares/Third_Party/FreeRTOS/Source/list.c **** 
 217              		.loc 1 164 29 is_stmt 0 view .LVU69
 218 0022 0861     		str	r0, [r1, #16]
 219              		.loc 1 166 2 is_stmt 1 view .LVU70
 167:Middlewares/Third_Party/FreeRTOS/Source/list.c **** }
 220              		.loc 1 167 1 is_stmt 0 view .LVU71
 221 0024 30BC     		pop	{r4, r5}
 222              	.LCFI3:
 223              		.cfi_remember_state
 224              		.cfi_restore 5
 225              		.cfi_restore 4
 226              		.cfi_def_cfa_offset 0
 227              	.LVL8:
 166:Middlewares/Third_Party/FreeRTOS/Source/list.c **** }
 228              		.loc 1 166 29 view .LVU72
 229 0026 0260     		str	r2, [r0]
 230              		.loc 1 167 1 view .LVU73
 231 0028 7047     		bx	lr
 232              	.LVL9:
 233              	.L12:
 234              	.LCFI4:
 235              		.cfi_restore_state
 124:Middlewares/Third_Party/FreeRTOS/Source/list.c **** 	}
 236              		.loc 1 124 3 is_stmt 1 view .LVU74
 124:Middlewares/Third_Party/FreeRTOS/Source/list.c **** 	}
 237              		.loc 1 124 14 is_stmt 0 view .LVU75
 238 002a 0469     		ldr	r4, [r0, #16]
 239              	.LVL10:
 157:Middlewares/Third_Party/FreeRTOS/Source/list.c **** 	pxNewListItem->pxNext->pxPrevious = pxNewListItem;
 240              		.loc 1 157 36 view .LVU76
 241 002c 6368     		ldr	r3, [r4, #4]
 242 002e F2E7     		b	.L8
 243              		.cfi_endproc
 244              	.LFE8:
 246              		.section	.text.uxListRemove,"ax",%progbits
 247              		.align	1
 248              		.p2align 2,,3
 249              		.global	uxListRemove
 250              		.syntax unified
 251              		.thumb
 252              		.thumb_func
 253              		.fpu fpv4-sp-d16
 255              	uxListRemove:
 256              	.LVL11:
 257              	.LFB9:
 168:Middlewares/Third_Party/FreeRTOS/Source/list.c **** /*-----------------------------------------------------------*/
 169:Middlewares/Third_Party/FreeRTOS/Source/list.c **** 
 170:Middlewares/Third_Party/FreeRTOS/Source/list.c **** UBaseType_t uxListRemove( ListItem_t * const pxItemToRemove )
 171:Middlewares/Third_Party/FreeRTOS/Source/list.c **** {
 258              		.loc 1 171 1 is_stmt 1 view -0
 259              		.cfi_startproc
 260              		@ args = 0, pretend = 0, frame = 0
 261              		@ frame_needed = 0, uses_anonymous_args = 0
 262              		@ link register save eliminated.
 172:Middlewares/Third_Party/FreeRTOS/Source/list.c **** /* The list item knows which list it is in.  Obtain the list from the list
 173:Middlewares/Third_Party/FreeRTOS/Source/list.c **** item. */
ARM GAS  /tmp/cczsD9cw.s 			page 9


 174:Middlewares/Third_Party/FreeRTOS/Source/list.c **** List_t * const pxList = pxItemToRemove->pxContainer;
 263              		.loc 1 174 1 view .LVU78
 264              		.loc 1 174 16 is_stmt 0 view .LVU79
 265 0000 0369     		ldr	r3, [r0, #16]
 266              	.LVL12:
 175:Middlewares/Third_Party/FreeRTOS/Source/list.c **** 
 176:Middlewares/Third_Party/FreeRTOS/Source/list.c **** 	pxItemToRemove->pxNext->pxPrevious = pxItemToRemove->pxPrevious;
 267              		.loc 1 176 2 is_stmt 1 view .LVU80
 171:Middlewares/Third_Party/FreeRTOS/Source/list.c **** /* The list item knows which list it is in.  Obtain the list from the list
 268              		.loc 1 171 1 is_stmt 0 view .LVU81
 269 0002 10B4     		push	{r4}
 270              	.LCFI5:
 271              		.cfi_def_cfa_offset 4
 272              		.cfi_offset 4, -4
 273              		.loc 1 176 53 view .LVU82
 274 0004 D0E90112 		ldrd	r1, r2, [r0, #4]
 177:Middlewares/Third_Party/FreeRTOS/Source/list.c **** 	pxItemToRemove->pxPrevious->pxNext = pxItemToRemove->pxNext;
 178:Middlewares/Third_Party/FreeRTOS/Source/list.c **** 
 179:Middlewares/Third_Party/FreeRTOS/Source/list.c **** 	/* Only used during decision coverage testing. */
 180:Middlewares/Third_Party/FreeRTOS/Source/list.c **** 	mtCOVERAGE_TEST_DELAY();
 181:Middlewares/Third_Party/FreeRTOS/Source/list.c **** 
 182:Middlewares/Third_Party/FreeRTOS/Source/list.c **** 	/* Make sure the index is left pointing to a valid item. */
 183:Middlewares/Third_Party/FreeRTOS/Source/list.c **** 	if( pxList->pxIndex == pxItemToRemove )
 275              		.loc 1 183 4 view .LVU83
 276 0008 5C68     		ldr	r4, [r3, #4]
 176:Middlewares/Third_Party/FreeRTOS/Source/list.c **** 	pxItemToRemove->pxPrevious->pxNext = pxItemToRemove->pxNext;
 277              		.loc 1 176 37 view .LVU84
 278 000a 8A60     		str	r2, [r1, #8]
 177:Middlewares/Third_Party/FreeRTOS/Source/list.c **** 	pxItemToRemove->pxPrevious->pxNext = pxItemToRemove->pxNext;
 279              		.loc 1 177 2 is_stmt 1 view .LVU85
 280              		.loc 1 183 4 is_stmt 0 view .LVU86
 281 000c 8442     		cmp	r4, r0
 177:Middlewares/Third_Party/FreeRTOS/Source/list.c **** 	pxItemToRemove->pxPrevious->pxNext = pxItemToRemove->pxNext;
 282              		.loc 1 177 37 view .LVU87
 283 000e 5160     		str	r1, [r2, #4]
 180:Middlewares/Third_Party/FreeRTOS/Source/list.c **** 
 284              		.loc 1 180 25 is_stmt 1 view .LVU88
 285              		.loc 1 183 2 view .LVU89
 184:Middlewares/Third_Party/FreeRTOS/Source/list.c **** 	{
 185:Middlewares/Third_Party/FreeRTOS/Source/list.c **** 		pxList->pxIndex = pxItemToRemove->pxPrevious;
 286              		.loc 1 185 3 view .LVU90
 287              		.loc 1 185 19 is_stmt 0 view .LVU91
 288 0010 08BF     		it	eq
 289 0012 5A60     		streq	r2, [r3, #4]
 186:Middlewares/Third_Party/FreeRTOS/Source/list.c **** 	}
 187:Middlewares/Third_Party/FreeRTOS/Source/list.c **** 	else
 188:Middlewares/Third_Party/FreeRTOS/Source/list.c **** 	{
 189:Middlewares/Third_Party/FreeRTOS/Source/list.c **** 		mtCOVERAGE_TEST_MARKER();
 290              		.loc 1 189 27 is_stmt 1 view .LVU92
 190:Middlewares/Third_Party/FreeRTOS/Source/list.c **** 	}
 191:Middlewares/Third_Party/FreeRTOS/Source/list.c **** 
 192:Middlewares/Third_Party/FreeRTOS/Source/list.c **** 	pxItemToRemove->pxContainer = NULL;
 291              		.loc 1 192 2 view .LVU93
 193:Middlewares/Third_Party/FreeRTOS/Source/list.c **** 	( pxList->uxNumberOfItems )--;
 292              		.loc 1 193 10 is_stmt 0 view .LVU94
 293 0014 1A68     		ldr	r2, [r3]
 194:Middlewares/Third_Party/FreeRTOS/Source/list.c **** 
ARM GAS  /tmp/cczsD9cw.s 			page 10


 195:Middlewares/Third_Party/FreeRTOS/Source/list.c **** 	return pxList->uxNumberOfItems;
 196:Middlewares/Third_Party/FreeRTOS/Source/list.c **** }
 294              		.loc 1 196 1 view .LVU95
 295 0016 5DF8044B 		ldr	r4, [sp], #4
 296              	.LCFI6:
 297              		.cfi_restore 4
 298              		.cfi_def_cfa_offset 0
 192:Middlewares/Third_Party/FreeRTOS/Source/list.c **** 	( pxList->uxNumberOfItems )--;
 299              		.loc 1 192 30 view .LVU96
 300 001a 0021     		movs	r1, #0
 193:Middlewares/Third_Party/FreeRTOS/Source/list.c **** 	( pxList->uxNumberOfItems )--;
 301              		.loc 1 193 29 view .LVU97
 302 001c 013A     		subs	r2, r2, #1
 192:Middlewares/Third_Party/FreeRTOS/Source/list.c **** 	( pxList->uxNumberOfItems )--;
 303              		.loc 1 192 30 view .LVU98
 304 001e 0161     		str	r1, [r0, #16]
 193:Middlewares/Third_Party/FreeRTOS/Source/list.c **** 	( pxList->uxNumberOfItems )--;
 305              		.loc 1 193 2 is_stmt 1 view .LVU99
 193:Middlewares/Third_Party/FreeRTOS/Source/list.c **** 	( pxList->uxNumberOfItems )--;
 306              		.loc 1 193 29 is_stmt 0 view .LVU100
 307 0020 1A60     		str	r2, [r3]
 195:Middlewares/Third_Party/FreeRTOS/Source/list.c **** }
 308              		.loc 1 195 2 is_stmt 1 view .LVU101
 195:Middlewares/Third_Party/FreeRTOS/Source/list.c **** }
 309              		.loc 1 195 15 is_stmt 0 view .LVU102
 310 0022 1868     		ldr	r0, [r3]
 311              	.LVL13:
 312              		.loc 1 196 1 view .LVU103
 313 0024 7047     		bx	lr
 314              		.cfi_endproc
 315              	.LFE9:
 317 0026 00BF     		.text
 318              	.Letext0:
 319              		.file 2 "/usr/share/gcc-arm-none-eabi-10-2020-q4-major/arm-none-eabi/include/machine/_default_type
 320              		.file 3 "/usr/share/gcc-arm-none-eabi-10-2020-q4-major/arm-none-eabi/include/sys/_stdint.h"
 321              		.file 4 "Middlewares/Third_Party/FreeRTOS/Source/portable/GCC/ARM_CM4F/portmacro.h"
 322              		.file 5 "Middlewares/Third_Party/FreeRTOS/Source/include/list.h"
ARM GAS  /tmp/cczsD9cw.s 			page 11


DEFINED SYMBOLS
                            *ABS*:0000000000000000 list.c
     /tmp/cczsD9cw.s:18     .text.vListInitialise:0000000000000000 $t
     /tmp/cczsD9cw.s:27     .text.vListInitialise:0000000000000000 vListInitialise
     /tmp/cczsD9cw.s:59     .text.vListInitialiseItem:0000000000000000 $t
     /tmp/cczsD9cw.s:67     .text.vListInitialiseItem:0000000000000000 vListInitialiseItem
     /tmp/cczsD9cw.s:87     .text.vListInsertEnd:0000000000000000 $t
     /tmp/cczsD9cw.s:95     .text.vListInsertEnd:0000000000000000 vListInsertEnd
     /tmp/cczsD9cw.s:152    .text.vListInsert:0000000000000000 $t
     /tmp/cczsD9cw.s:160    .text.vListInsert:0000000000000000 vListInsert
     /tmp/cczsD9cw.s:247    .text.uxListRemove:0000000000000000 $t
     /tmp/cczsD9cw.s:255    .text.uxListRemove:0000000000000000 uxListRemove

NO UNDEFINED SYMBOLS
