ARM GAS  /tmp/ccVNcLc0.s 			page 1


   1              		.cpu cortex-m4
   2              		.eabi_attribute 27, 1
   3              		.eabi_attribute 28, 1
   4              		.eabi_attribute 20, 1
   5              		.eabi_attribute 21, 1
   6              		.eabi_attribute 23, 3
   7              		.eabi_attribute 24, 1
   8              		.eabi_attribute 25, 1
   9              		.eabi_attribute 26, 1
  10              		.eabi_attribute 30, 1
  11              		.eabi_attribute 34, 1
  12              		.eabi_attribute 18, 2
  13              		.file	"mc_app_hooks.c"
  14              		.text
  15              	.Ltext0:
  16              		.cfi_sections	.debug_frame
  17              		.section	.text.MC_APP_BootHook,"ax",%progbits
  18              		.align	1
  19              		.weak	MC_APP_BootHook
  20              		.arch armv7e-m
  21              		.syntax unified
  22              		.thumb
  23              		.thumb_func
  24              		.fpu fpv4-sp-d16
  26              	MC_APP_BootHook:
  27              	.LFB1435:
  28              		.file 1 "Src/mc_app_hooks.c"
   1:Src/mc_app_hooks.c **** 
   2:Src/mc_app_hooks.c **** /**
   3:Src/mc_app_hooks.c ****   ******************************************************************************
   4:Src/mc_app_hooks.c ****   * @file    mc_app_hooks.c
   5:Src/mc_app_hooks.c ****   * @author  Motor Control SDK Team, ST Microelectronics
   6:Src/mc_app_hooks.c ****   * @brief   This file implements default motor control app hooks.
   7:Src/mc_app_hooks.c ****   *
   8:Src/mc_app_hooks.c ****   ******************************************************************************
   9:Src/mc_app_hooks.c ****   * @attention
  10:Src/mc_app_hooks.c ****   *
  11:Src/mc_app_hooks.c ****   * <h2><center>&copy; Copyright (c) 2024 STMicroelectronics.
  12:Src/mc_app_hooks.c ****   * All rights reserved.</center></h2>
  13:Src/mc_app_hooks.c ****   *
  14:Src/mc_app_hooks.c ****   * This software component is licensed by ST under Ultimate Liberty license
  15:Src/mc_app_hooks.c ****   * SLA0044, the "License"; You may not use this file except in compliance with
  16:Src/mc_app_hooks.c ****   * the License. You may obtain a copy of the License at:
  17:Src/mc_app_hooks.c ****   *                             www.st.com/SLA0044
  18:Src/mc_app_hooks.c ****   *
  19:Src/mc_app_hooks.c ****   ******************************************************************************
  20:Src/mc_app_hooks.c ****   * @ingroup MCAppHooks
  21:Src/mc_app_hooks.c ****   */
  22:Src/mc_app_hooks.c **** 
  23:Src/mc_app_hooks.c **** /* Includes ------------------------------------------------------------------*/
  24:Src/mc_app_hooks.c **** #include "mc_type.h"
  25:Src/mc_app_hooks.c **** #include "mc_app_hooks.h"
  26:Src/mc_app_hooks.c **** 
  27:Src/mc_app_hooks.c **** /** @addtogroup MCSDK
  28:Src/mc_app_hooks.c ****   * @{
  29:Src/mc_app_hooks.c ****   */
  30:Src/mc_app_hooks.c **** 
ARM GAS  /tmp/ccVNcLc0.s 			page 2


  31:Src/mc_app_hooks.c **** /** @addtogroup MCTasks
  32:Src/mc_app_hooks.c ****   * @{
  33:Src/mc_app_hooks.c ****   */
  34:Src/mc_app_hooks.c **** 
  35:Src/mc_app_hooks.c **** /**
  36:Src/mc_app_hooks.c ****  * @defgroup MCAppHooks Motor Control Applicative hooks
  37:Src/mc_app_hooks.c ****  * @brief User defined functions that are called in the Motor Control tasks.
  38:Src/mc_app_hooks.c ****  *
  39:Src/mc_app_hooks.c ****  *
  40:Src/mc_app_hooks.c ****  * @{
  41:Src/mc_app_hooks.c ****  */
  42:Src/mc_app_hooks.c **** 
  43:Src/mc_app_hooks.c **** /**
  44:Src/mc_app_hooks.c ****  * @brief Hook function called right before the end of the MCboot function.
  45:Src/mc_app_hooks.c ****  *
  46:Src/mc_app_hooks.c ****  *
  47:Src/mc_app_hooks.c ****  *
  48:Src/mc_app_hooks.c ****  */
  49:Src/mc_app_hooks.c **** __weak void MC_APP_BootHook(void)
  50:Src/mc_app_hooks.c **** {
  29              		.loc 1 50 1 view -0
  30              		.cfi_startproc
  31              		@ args = 0, pretend = 0, frame = 0
  32              		@ frame_needed = 0, uses_anonymous_args = 0
  33              		@ link register save eliminated.
  51:Src/mc_app_hooks.c ****   /*
  52:Src/mc_app_hooks.c ****    * This function can be overloaded or the application can inject
  53:Src/mc_app_hooks.c ****    * code into it that will be executed at the end of MCboot().
  54:Src/mc_app_hooks.c ****    */
  55:Src/mc_app_hooks.c **** 
  56:Src/mc_app_hooks.c **** /* USER CODE BEGIN BootHook */
  57:Src/mc_app_hooks.c **** 
  58:Src/mc_app_hooks.c **** /* USER CODE END BootHook */
  59:Src/mc_app_hooks.c **** }
  34              		.loc 1 59 1 view .LVU1
  35 0000 7047     		bx	lr
  36              		.cfi_endproc
  37              	.LFE1435:
  39              		.section	.text.MC_APP_PostMediumFrequencyHook_M1,"ax",%progbits
  40              		.align	1
  41              		.weak	MC_APP_PostMediumFrequencyHook_M1
  42              		.syntax unified
  43              		.thumb
  44              		.thumb_func
  45              		.fpu fpv4-sp-d16
  47              	MC_APP_PostMediumFrequencyHook_M1:
  48              	.LFB1436:
  60:Src/mc_app_hooks.c **** 
  61:Src/mc_app_hooks.c **** /**
  62:Src/mc_app_hooks.c ****  * @brief Hook function called right after the Medium Frequency Task for Motor 1.
  63:Src/mc_app_hooks.c ****  *
  64:Src/mc_app_hooks.c ****  *
  65:Src/mc_app_hooks.c ****  *
  66:Src/mc_app_hooks.c ****  */
  67:Src/mc_app_hooks.c **** __weak void MC_APP_PostMediumFrequencyHook_M1(void)
  68:Src/mc_app_hooks.c **** {
  49              		.loc 1 68 1 view -0
ARM GAS  /tmp/ccVNcLc0.s 			page 3


  50              		.cfi_startproc
  51              		@ args = 0, pretend = 0, frame = 0
  52              		@ frame_needed = 0, uses_anonymous_args = 0
  53              		@ link register save eliminated.
  69:Src/mc_app_hooks.c ****   /*
  70:Src/mc_app_hooks.c ****    * This function can be overloaded or the application can inject
  71:Src/mc_app_hooks.c ****    * code into it that will be executed right after the Medium
  72:Src/mc_app_hooks.c ****    * Frequency Task of Motor 1
  73:Src/mc_app_hooks.c ****    */
  74:Src/mc_app_hooks.c **** 
  75:Src/mc_app_hooks.c **** /* USER SECTION BEGIN PostMediumFrequencyHookM1 */
  76:Src/mc_app_hooks.c **** 
  77:Src/mc_app_hooks.c **** /* USER SECTION END PostMediumFrequencyHookM1 */
  78:Src/mc_app_hooks.c **** }
  54              		.loc 1 78 1 view .LVU3
  55 0000 7047     		bx	lr
  56              		.cfi_endproc
  57              	.LFE1436:
  59              		.text
  60              	.Letext0:
  61              		.file 2 "/usr/share/gcc-arm-none-eabi-10-2020-q4-major/arm-none-eabi/include/machine/_default_type
  62              		.file 3 "/usr/share/gcc-arm-none-eabi-10-2020-q4-major/arm-none-eabi/include/sys/_stdint.h"
  63              		.file 4 "Drivers/STM32G4xx_HAL_Driver/Inc/stm32g4xx_ll_tim.h"
  64              		.file 5 "Drivers/STM32G4xx_HAL_Driver/Inc/stm32g4xx_ll_usart.h"
  65              		.file 6 "Drivers/STM32G4xx_HAL_Driver/Inc/stm32g4xx_ll_dma.h"
ARM GAS  /tmp/ccVNcLc0.s 			page 4


DEFINED SYMBOLS
                            *ABS*:0000000000000000 mc_app_hooks.c
     /tmp/ccVNcLc0.s:18     .text.MC_APP_BootHook:0000000000000000 $t
     /tmp/ccVNcLc0.s:26     .text.MC_APP_BootHook:0000000000000000 MC_APP_BootHook
     /tmp/ccVNcLc0.s:40     .text.MC_APP_PostMediumFrequencyHook_M1:0000000000000000 $t
     /tmp/ccVNcLc0.s:47     .text.MC_APP_PostMediumFrequencyHook_M1:0000000000000000 MC_APP_PostMediumFrequencyHook_M1

NO UNDEFINED SYMBOLS
