ARM GAS  /tmp/ccaDkQ7z.s 			page 1


   1              		.cpu cortex-m4
   2              		.eabi_attribute 27, 1
   3              		.eabi_attribute 28, 1
   4              		.eabi_attribute 20, 1
   5              		.eabi_attribute 21, 1
   6              		.eabi_attribute 23, 3
   7              		.eabi_attribute 24, 1
   8              		.eabi_attribute 25, 1
   9              		.eabi_attribute 26, 1
  10              		.eabi_attribute 30, 6
  11              		.eabi_attribute 34, 1
  12              		.eabi_attribute 18, 2
  13              		.file	"mc_configuration_registers.c"
  14              		.text
  15              	.Ltext0:
  16              		.cfi_sections	.debug_frame
  17              		.section	.rodata.OFFSET_TAB_CCMRx,"a"
  18              		.align	2
  21              	OFFSET_TAB_CCMRx:
  22 0000 00000000 		.ascii	"\000\000\000\000\004\004\004\00488"
  22      04040404 
  22      3838
  23              		.section	.rodata.SHIFT_TAB_OCxx,"a"
  24              		.align	2
  27              	SHIFT_TAB_OCxx:
  28 0000 00000800 		.ascii	"\000\000\010\000\000\000\010\000\000\010"
  28      00000800 
  28      0008
  29              		.section	.rodata.SHIFT_TAB_ICxx,"a"
  30              		.align	2
  33              	SHIFT_TAB_ICxx:
  34 0000 00000800 		.ascii	"\000\000\010\000\000\000\010\000\000\000"
  34      00000800 
  34      0000
  35              		.section	.rodata.SHIFT_TAB_CCxP,"a"
  36              		.align	2
  39              	SHIFT_TAB_CCxP:
  40 0000 00020406 		.ascii	"\000\002\004\006\010\012\014\016\020\024"
  40      080A0C0E 
  40      1014
  41              		.section	.rodata.SHIFT_TAB_OISx,"a"
  42              		.align	2
  45              	SHIFT_TAB_OISx:
  46 0000 00010203 		.ascii	"\000\001\002\003\004\005\006\007\010\012"
  46      04050607 
  46      080A
  47              		.section	.rodata.USART_PRESCALER_TAB,"a"
  48              		.align	2
  51              	USART_PRESCALER_TAB:
  52 0000 01000000 		.word	1
  53 0004 02000000 		.word	2
  54 0008 04000000 		.word	4
  55 000c 06000000 		.word	6
  56 0010 08000000 		.word	8
  57 0014 0A000000 		.word	10
  58 0018 0C000000 		.word	12
  59 001c 10000000 		.word	16
ARM GAS  /tmp/ccaDkQ7z.s 			page 2


  60 0020 20000000 		.word	32
  61 0024 40000000 		.word	64
  62 0028 80000000 		.word	128
  63 002c 00010000 		.word	256
  64              		.section	.rodata.CHANNEL_OFFSET_TAB,"a"
  65              		.align	2
  68              	CHANNEL_OFFSET_TAB:
  69 0000 081C3044 		.ascii	"\010\0340DXl"
  69      586C
  70              		.global	CTL_BOARD
  71              		.section	.rodata.CTL_BOARD,"a"
  72              		.align	2
  75              	CTL_BOARD:
  76 0000 45565350 		.ascii	"EVSPIN32G4\000"
  76      494E3332 
  76      473400
  77              		.section	.rodata.M1_PWR_BOARD,"a"
  78              		.align	2
  81              	M1_PWR_BOARD:
  82 0000 45565350 		.ascii	"EVSPIN32G4\000"
  82      494E3332 
  82      473400
  83              		.global	FIRMWARE_NAME
  84              		.section	.rodata.FIRMWARE_NAME,"a"
  85              		.align	2
  88              	FIRMWARE_NAME:
  89 0000 5354204D 		.ascii	"ST MC SDK\011Ver.6.3.2\000"
  89      43205344 
  89      4B095665 
  89      722E362E 
  89      332E3200 
  90              		.global	globalConfig_reg
  91              		.section	.rodata.globalConfig_reg,"a"
  92              		.align	2
  95              	globalConfig_reg:
  96 0000 00020306 		.word	100860416
  97 0004 01       		.byte	1
  98 0005 02       		.byte	2
  99 0006 0A       		.byte	10
 100 0007 00       		.byte	0
 101 0008 00       		.byte	0
 102 0009 00       		.space	1
 103              		.section	.rodata.M1_ApplicationConfig_reg,"a"
 104              		.align	2
 107              	M1_ApplicationConfig_reg:
 108 0000 A00F0000 		.word	4000
 109 0004 49923C42 		.word	1111265865
 110 0008 CDCCCC3F 		.word	1070386381
 111 000c 1800     		.short	24
 112 000e 00       		.byte	0
 113 000f 00       		.space	1
 114              		.section	.rodata.M1_MotorConfig_reg,"a"
 115              		.align	2
 118              	M1_MotorConfig_reg:
 119 0000 00000040 		.word	1073741824
 120 0004 00008040 		.word	1082130432
 121 0008 3333B33E 		.word	1051931443
ARM GAS  /tmp/ccaDkQ7z.s 			page 3


 122 000c 00000000 		.space	4
 123 0010 52491D3A 		.word	974997842
 124 0014 52491D3A 		.word	974997842
 125 0018 CDCCCC3F 		.word	1070386381
 126 001c 00000000 		.space	8
 126      00000000 
 127 0024 5368696E 		.ascii	"Shinano LA052-080E3NL1\000"
 127      616E6F20 
 127      4C413035 
 127      322D3038 
 127      3045334E 
 128 003b 00       		.space	1
 129              		.section	.rodata.M1_FOCConfig_reg,"a"
 130              		.align	2
 133              	M1_FOCConfig_reg:
 134 0000 01       		.byte	1
 135 0001 00       		.byte	0
 136 0002 00       		.byte	0
 137 0003 01       		.byte	1
 138 0004 204E0000 		.word	20000
 139 0008 E803     		.short	1000
 140 000a 0206     		.short	1538
 141 000c 0160     		.short	24577
 142              		.global	PWR_BOARD_NAME
 143              		.section	.data.PWR_BOARD_NAME,"aw"
 144              		.align	2
 147              	PWR_BOARD_NAME:
 148 0000 00000000 		.word	M1_PWR_BOARD
 149              		.global	FOCConfig_reg
 150              		.section	.data.FOCConfig_reg,"aw"
 151              		.align	2
 154              	FOCConfig_reg:
 155 0000 00000000 		.word	M1_FOCConfig_reg
 156              		.global	MotorConfig_reg
 157              		.section	.data.MotorConfig_reg,"aw"
 158              		.align	2
 161              	MotorConfig_reg:
 162 0000 00000000 		.word	M1_MotorConfig_reg
 163              		.global	ApplicationConfig_reg
 164              		.section	.data.ApplicationConfig_reg,"aw"
 165              		.align	2
 168              	ApplicationConfig_reg:
 169 0000 00000000 		.word	M1_ApplicationConfig_reg
 170              		.text
 171              	.Letext0:
 172              		.file 1 "/usr/share/gcc-arm-none-eabi-10-2020-q4-major/arm-none-eabi/include/machine/_default_type
 173              		.file 2 "/usr/share/gcc-arm-none-eabi-10-2020-q4-major/arm-none-eabi/include/sys/_stdint.h"
 174              		.file 3 "Drivers/STM32G4xx_HAL_Driver/Inc/stm32g4xx_ll_tim.h"
 175              		.file 4 "Drivers/STM32G4xx_HAL_Driver/Inc/stm32g4xx_ll_usart.h"
 176              		.file 5 "Drivers/STM32G4xx_HAL_Driver/Inc/stm32g4xx_ll_dma.h"
 177              		.file 6 "Inc/mc_type.h"
 178              		.file 7 "Inc/mc_configuration_registers.h"
 179              		.file 8 "Src/mc_configuration_registers.c"
ARM GAS  /tmp/ccaDkQ7z.s 			page 4


DEFINED SYMBOLS
                            *ABS*:0000000000000000 mc_configuration_registers.c
     /tmp/ccaDkQ7z.s:18     .rodata.OFFSET_TAB_CCMRx:0000000000000000 $d
     /tmp/ccaDkQ7z.s:21     .rodata.OFFSET_TAB_CCMRx:0000000000000000 OFFSET_TAB_CCMRx
     /tmp/ccaDkQ7z.s:24     .rodata.SHIFT_TAB_OCxx:0000000000000000 $d
     /tmp/ccaDkQ7z.s:27     .rodata.SHIFT_TAB_OCxx:0000000000000000 SHIFT_TAB_OCxx
     /tmp/ccaDkQ7z.s:30     .rodata.SHIFT_TAB_ICxx:0000000000000000 $d
     /tmp/ccaDkQ7z.s:33     .rodata.SHIFT_TAB_ICxx:0000000000000000 SHIFT_TAB_ICxx
     /tmp/ccaDkQ7z.s:36     .rodata.SHIFT_TAB_CCxP:0000000000000000 $d
     /tmp/ccaDkQ7z.s:39     .rodata.SHIFT_TAB_CCxP:0000000000000000 SHIFT_TAB_CCxP
     /tmp/ccaDkQ7z.s:42     .rodata.SHIFT_TAB_OISx:0000000000000000 $d
     /tmp/ccaDkQ7z.s:45     .rodata.SHIFT_TAB_OISx:0000000000000000 SHIFT_TAB_OISx
     /tmp/ccaDkQ7z.s:48     .rodata.USART_PRESCALER_TAB:0000000000000000 $d
     /tmp/ccaDkQ7z.s:51     .rodata.USART_PRESCALER_TAB:0000000000000000 USART_PRESCALER_TAB
     /tmp/ccaDkQ7z.s:65     .rodata.CHANNEL_OFFSET_TAB:0000000000000000 $d
     /tmp/ccaDkQ7z.s:68     .rodata.CHANNEL_OFFSET_TAB:0000000000000000 CHANNEL_OFFSET_TAB
     /tmp/ccaDkQ7z.s:75     .rodata.CTL_BOARD:0000000000000000 CTL_BOARD
     /tmp/ccaDkQ7z.s:72     .rodata.CTL_BOARD:0000000000000000 $d
     /tmp/ccaDkQ7z.s:78     .rodata.M1_PWR_BOARD:0000000000000000 $d
     /tmp/ccaDkQ7z.s:81     .rodata.M1_PWR_BOARD:0000000000000000 M1_PWR_BOARD
     /tmp/ccaDkQ7z.s:88     .rodata.FIRMWARE_NAME:0000000000000000 FIRMWARE_NAME
     /tmp/ccaDkQ7z.s:85     .rodata.FIRMWARE_NAME:0000000000000000 $d
     /tmp/ccaDkQ7z.s:95     .rodata.globalConfig_reg:0000000000000000 globalConfig_reg
     /tmp/ccaDkQ7z.s:92     .rodata.globalConfig_reg:0000000000000000 $d
     /tmp/ccaDkQ7z.s:104    .rodata.M1_ApplicationConfig_reg:0000000000000000 $d
     /tmp/ccaDkQ7z.s:107    .rodata.M1_ApplicationConfig_reg:0000000000000000 M1_ApplicationConfig_reg
     /tmp/ccaDkQ7z.s:115    .rodata.M1_MotorConfig_reg:0000000000000000 $d
     /tmp/ccaDkQ7z.s:118    .rodata.M1_MotorConfig_reg:0000000000000000 M1_MotorConfig_reg
     /tmp/ccaDkQ7z.s:130    .rodata.M1_FOCConfig_reg:0000000000000000 $d
     /tmp/ccaDkQ7z.s:133    .rodata.M1_FOCConfig_reg:0000000000000000 M1_FOCConfig_reg
     /tmp/ccaDkQ7z.s:147    .data.PWR_BOARD_NAME:0000000000000000 PWR_BOARD_NAME
     /tmp/ccaDkQ7z.s:144    .data.PWR_BOARD_NAME:0000000000000000 $d
     /tmp/ccaDkQ7z.s:154    .data.FOCConfig_reg:0000000000000000 FOCConfig_reg
     /tmp/ccaDkQ7z.s:151    .data.FOCConfig_reg:0000000000000000 $d
     /tmp/ccaDkQ7z.s:161    .data.MotorConfig_reg:0000000000000000 MotorConfig_reg
     /tmp/ccaDkQ7z.s:158    .data.MotorConfig_reg:0000000000000000 $d
     /tmp/ccaDkQ7z.s:168    .data.ApplicationConfig_reg:0000000000000000 ApplicationConfig_reg
     /tmp/ccaDkQ7z.s:165    .data.ApplicationConfig_reg:0000000000000000 $d

NO UNDEFINED SYMBOLS
