ARM GAS  /tmp/ccLvwvD8.s 			page 1


   1              		.cpu cortex-m4
   2              		.eabi_attribute 27, 1
   3              		.eabi_attribute 28, 1
   4              		.eabi_attribute 20, 1
   5              		.eabi_attribute 21, 1
   6              		.eabi_attribute 23, 3
   7              		.eabi_attribute 24, 1
   8              		.eabi_attribute 25, 1
   9              		.eabi_attribute 26, 1
  10              		.eabi_attribute 30, 2
  11              		.eabi_attribute 34, 1
  12              		.eabi_attribute 18, 2
  13              		.file	"mc_config.c"
  14              		.text
  15              	.Ltext0:
  16              		.cfi_sections	.debug_frame
  17              		.global	Mci
  18              		.global	pFF
  19              		.global	pMPM
  20              		.global	pPIDId
  21              		.global	pPIDIq
  22              		.global	pTemperatureSensor
  23              		.global	pSTC
  24              		.global	pREMNG
  25              		.global	FOCVars
  26              		.global	OTT
  27              		.global	RampExtMngrParamsOTT
  28              		.global	SCC
  29              		.global	RampExtMngrParamsSCC
  30              		.global	CircleLimitationM1
  31              		.global	RampExtMngrHFParamsM1
  32              		.global	STO_M1
  33              		.global	STO_PLL_M1
  34              		.global	PWM_Handle_M1
  35              		.global	RevUpControlM1
  36              		.global	SpeednTorqCtrlM1
  37              		.global	FF_M1
  38              		.global	PIDIdHandle_M1
  39              		.global	PIDIqHandle_M1
  40              		.global	PIDSpeedHandle_M1
  41              		.global	PQD_MotorPowMeasM1
  42              		.section	.bss.FOCVars,"aw",%nobits
  43              		.align	2
  46              	FOCVars:
  47 0000 00000000 		.space	38
  47      00000000 
  47      00000000 
  47      00000000 
  47      00000000 
  48              		.section	.bss.pREMNG,"aw",%nobits
  49              		.align	2
  52              	pREMNG:
  53 0000 00000000 		.space	4
  54              		.section	.data.CircleLimitationM1,"aw"
  55              		.align	2
  58              	CircleLimitationM1:
  59 0000 FF7F     		.short	32767
ARM GAS  /tmp/ccLvwvD8.s 			page 2


  60 0002 9879     		.short	31128
  61              		.section	.data.FF_M1,"aw"
  62              		.align	2
  65              	FF_M1:
  66 0000 00000000 		.space	36
  66      00000000 
  66      00000000 
  66      00000000 
  66      00000000 
  67 0024 8000     		.short	128
  68 0026 0000     		.space	2
  69 0028 6BC50A00 		.word	705899
  70 002c 6BC50A00 		.word	705899
  71 0030 05BE0000 		.word	48645
  72 0034 0700     		.short	7
  73 0036 0000     		.space	2
  74              		.section	.data.Mci,"aw"
  75              		.align	2
  78              	Mci:
  79 0000 00000000 		.word	SpeednTorqCtrlM1
  80 0004 00000000 		.word	FOCVars
  81 0008 00000000 		.word	PWM_Handle_M1
  82 000c 00       		.byte	0
  83 000d 00       		.space	1
  84 000e 0000     		.short	0
  85 0010 0000     		.short	0
  86 0012 00000000 		.space	6
  86      0000
  87 0018 00000000 		.word	scaleParams_M1
  88 001c 0000     		.short	0
  89 001e 00       		.byte	0
  90 001f 00       		.byte	0
  91 0020 0000     		.short	0
  92 0022 0000     		.short	0
  93 0024 00       		.byte	0
  94 0025 00000000 		.space	7
  94      000000
  95              		.section	.data.OTT,"aw"
  96              		.align	2
  99              	OTT:
 100 0000 00000000 		.space	156
 100      00000000 
 100      00000000 
 100      00000000 
 100      00000000 
 101 009c 00000000 		.word	OTT_Params
 102              		.section	.data.PIDIdHandle_M1,"aw"
 103              		.align	2
 106              	PIDIdHandle_M1:
 107 0000 250E     		.short	3621
 108 0002 330D     		.short	3379
 109 0004 00000000 		.space	8
 109      00000000 
 110 000c 00E0FF0F 		.word	268427264
 111 0010 002000F0 		.word	-268427264
 112 0014 FF7F     		.short	32767
 113 0016 0180     		.short	-32767
ARM GAS  /tmp/ccLvwvD8.s 			page 3


 114 0018 0001     		.short	256
 115 001a 0020     		.short	8192
 116 001c 0800     		.short	8
 117 001e 0D00     		.short	13
 118 0020 0000     		.short	0
 119 0022 0000     		.space	2
 120 0024 0000     		.short	0
 121 0026 0000     		.short	0
 122 0028 00000000 		.space	4
 123              		.section	.data.PIDIqHandle_M1,"aw"
 124              		.align	2
 127              	PIDIqHandle_M1:
 128 0000 250E     		.short	3621
 129 0002 330D     		.short	3379
 130 0004 00000000 		.space	8
 130      00000000 
 131 000c 00E0FF0F 		.word	268427264
 132 0010 002000F0 		.word	-268427264
 133 0014 FF7F     		.short	32767
 134 0016 0180     		.short	-32767
 135 0018 0001     		.short	256
 136 001a 0020     		.short	8192
 137 001c 0800     		.short	8
 138 001e 0D00     		.short	13
 139 0020 0000     		.short	0
 140 0022 0000     		.space	2
 141 0024 0000     		.short	0
 142 0026 0000     		.short	0
 143 0028 00000000 		.space	4
 144              		.section	.data.PIDSpeedHandle_M1,"aw"
 145              		.align	2
 148              	PIDSpeedHandle_M1:
 149 0000 D807     		.short	2008
 150 0002 B400     		.short	180
 151 0004 00000000 		.space	8
 151      00000000 
 152 000c 00001601 		.word	18219008
 153 0010 0000EAFE 		.word	-18219008
 154 0014 5804     		.short	1112
 155 0016 A8FB     		.short	-1112
 156 0018 0002     		.short	512
 157 001a 0040     		.short	16384
 158 001c 0900     		.short	9
 159 001e 0E00     		.short	14
 160 0020 0000     		.short	0
 161 0022 0000     		.space	2
 162 0024 0000     		.short	0
 163 0026 0000     		.short	0
 164 0028 00000000 		.space	4
 165              		.section	.data.PQD_MotorPowMeasM1,"aw"
 166              		.align	2
 169              	PQD_MotorPowMeasM1:
 170 0000 00000000 		.space	4
 171 0004 884D233B 		.word	992169352
 172 0008 00000000 		.space	8
 172      00000000 
 173              		.section	.data.PWM_Handle_M1,"aw"
ARM GAS  /tmp/ccLvwvD8.s 			page 4


 174              		.align	2
 177              	PWM_Handle_M1:
 178 0000 00000000 		.word	R3_2_GetPhaseCurrents_OVM
 179 0004 00000000 		.word	R3_2_SwitchOffPWM
 180 0008 00000000 		.word	R3_2_SwitchOnPWM
 181 000c 00000000 		.word	R3_2_CurrentReadingPolarization
 182 0010 00000000 		.word	R3_2_TurnOnLowSides
 183 0014 00000000 		.word	R3_2_SetADCSampPointSectX_OVM
 184 0018 00000000 		.word	0
 185 001c 00000000 		.word	R3_2_RLDetectionModeEnable
 186 0020 00000000 		.word	R3_2_RLDetectionModeDisable
 187 0024 00000000 		.word	R3_2_RLDetectionModeSetDuty
 188 0028 00000000 		.word	R3_2_RLTurnOnLowSidesAndStart
 189 002c 00000000 		.word	R3_2_SetOffsetCalib
 190 0030 00000000 		.word	R3_2_GetOffsetCalib
 191 0034 00000000 		.space	8
 191      00000000 
 192 003c 00000000 		.word	0
 193 0040 00000000 		.word	0
 194 0044 00000000 		.word	0
 195 0048 0000     		.short	0
 196 004a 0000     		.short	0
 197 004c 0000     		.short	0
 198 004e 0473     		.short	29444
 199 0050 0000     		.short	0
 200 0052 0000     		.short	0
 201 0054 0000     		.short	0
 202 0056 0000     		.short	0
 203 0058 0000     		.short	0
 204 005a 0000     		.short	0
 205 005c 0000     		.short	0
 206 005e 0000     		.space	2
 207 0060 0000     		.short	0
 208 0062 0000     		.short	0
 209 0064 0000     		.short	0
 210 0066 0000     		.short	0
 211 0068 00000000 		.space	6
 211      0000
 212 006e FF3F     		.short	16383
 213 0070 3421     		.short	8500
 214 0072 3F00     		.short	63
 215 0074 2A00     		.short	42
 216 0076 2A00     		.short	42
 217 0078 00       		.byte	0
 218 0079 00       		.space	1
 219 007a 00       		.byte	0
 220 007b 01       		.byte	1
 221 007c 00       		.byte	0
 222 007d 00       		.space	1
 223 007e 00       		.byte	0
 224 007f 00       		.space	1
 225 0080 00       		.byte	0
 226 0081 00       		.byte	0
 227 0082 00       		.byte	0
 228 0083 00       		.byte	0
 229 0084 00       		.space	1
 230 0085 00       		.byte	0
ARM GAS  /tmp/ccLvwvD8.s 			page 5


 231 0086 0000     		.space	2
 232 0088 00000000 		.word	0
 233 008c 00000000 		.word	0
 234 0090 00000000 		.word	0
 235 0094 9A10     		.short	4250
 236 0096 0000     		.short	0
 237 0098 00       		.byte	0
 238 0099 00       		.byte	0
 239 009a 0000     		.space	2
 240 009c 00000000 		.word	R3_2_ParamsM1
 241 00a0 00       		.byte	0
 242 00a1 000000   		.space	3
 243              		.section	.data.RampExtMngrHFParamsM1,"aw"
 244              		.align	2
 247              	RampExtMngrHFParamsM1:
 248 0000 204E0000 		.word	20000
 249 0004 00000000 		.space	20
 249      00000000 
 249      00000000 
 249      00000000 
 249      00000000 
 250              		.section	.data.RampExtMngrParamsOTT,"aw"
 251              		.align	2
 254              	RampExtMngrParamsOTT:
 255 0000 E8030000 		.word	1000
 256 0004 00000000 		.space	20
 256      00000000 
 256      00000000 
 256      00000000 
 256      00000000 
 257              		.section	.data.RampExtMngrParamsSCC,"aw"
 258              		.align	2
 261              	RampExtMngrParamsSCC:
 262 0000 204E0000 		.word	20000
 263 0004 00000000 		.space	20
 263      00000000 
 263      00000000 
 263      00000000 
 263      00000000 
 264              		.section	.data.RevUpControlM1,"aw"
 265              		.align	2
 268              	RevUpControlM1:
 269 0000 E803     		.short	1000
 270 0002 0000     		.short	0
 271 0004 00000000 		.space	8
 271      00000000 
 272 000c E803     		.short	1000
 273 000e 0000     		.short	0
 274 0010 5804     		.short	1112
 275 0012 0000     		.space	2
 276 0014 18000000 		.word	RevUpControlM1+24
 277 0018 800C     		.short	3200
 278 001a 0A01     		.short	266
 279 001c 5804     		.short	1112
 280 001e 0000     		.space	2
 281 0020 24000000 		.word	RevUpControlM1+36
 282 0024 0000     		.short	0
ARM GAS  /tmp/ccLvwvD8.s 			page 6


 283 0026 0A01     		.short	266
 284 0028 5804     		.short	1112
 285 002a 0000     		.space	2
 286 002c 30000000 		.word	RevUpControlM1+48
 287 0030 0000     		.short	0
 288 0032 0A01     		.short	266
 289 0034 5804     		.short	1112
 290 0036 0000     		.space	2
 291 0038 3C000000 		.word	RevUpControlM1+60
 292 003c 0000     		.short	0
 293 003e 0A01     		.short	266
 294 0040 5804     		.short	1112
 295 0042 0000     		.space	2
 296 0044 00000000 		.word	0
 297 0048 00       		.space	1
 298 0049 02       		.byte	2
 299 004a F000     		.short	240
 300 004c 7800     		.short	120
 301 004e 00000000 		.space	4
 302 0052 00       		.byte	0
 303 0053 00000000 		.space	9
 303      00000000 
 303      00
 304 005c F401     		.short	500
 305 005e 0000     		.short	0
 306 0060 5804     		.short	1112
 307 0062 0000     		.space	2
 308 0064 00000000 		.word	0
 309 0068 00000000 		.space	16
 309      00000000 
 309      00000000 
 309      00000000 
 310              		.section	.data.SCC,"aw"
 311              		.align	2
 314              	SCC:
 315 0000 00000000 		.space	1352
 315      00000000 
 315      00000000 
 315      00000000 
 315      00000000 
 316 0548 00000000 		.word	SCC_Params
 317              		.section	.data.STO_M1,"aw"
 318              		.align	2
 321              	STO_M1:
 322 0000 00000000 		.word	STO_PLL_M1
 323 0004 00000000 		.word	STO_PLL_ForceConvergency1
 324 0008 00000000 		.word	STO_PLL_ForceConvergency2
 325 000c 00000000 		.word	STO_OTF_ResetPLL
 326 0010 00000000 		.word	STO_PLL_IsVarianceTight
 327              		.section	.data.STO_PLL_M1,"aw"
 328              		.align	2
 331              	STO_PLL_M1:
 332 0000 00       		.space	1
 333 0001 02       		.byte	2
 334 0002 0A       		.byte	10
 335 0003 03       		.byte	3
 336 0004 00000000 		.space	16
ARM GAS  /tmp/ccLvwvD8.s 			page 7


 336      00000000 
 336      00000000 
 336      00000000 
 337 0014 6E25     		.short	9582
 338 0016 0000     		.short	0
 339 0018 FFFF     		.short	-1
 340 001a 204E     		.short	20000
 341 001c 00000100 		.word	65536
 342 0020 0000     		.short	0
 343 0022 67A1     		.short	-24217
 344 0024 0000     		.short	0
 345 0026 5450     		.short	20564
 346 0028 0000     		.short	0
 347 002a 0000     		.space	2
 348 002c 0000     		.short	0
 349 002e 0004     		.short	1024
 350 0030 00000000 		.space	4
 351 0034 D500     		.short	213
 352 0036 0800     		.short	8
 353 0038 00000000 		.space	8
 353      00000000 
 354 0040 FFFFFF7F 		.word	2147483647
 355 0044 01000080 		.word	-2147483647
 356 0048 FF7F     		.short	32767
 357 004a 0180     		.short	-32767
 358 004c 0040     		.short	16384
 359 004e FFFF     		.short	-1
 360 0050 0E00     		.short	14
 361 0052 1000     		.short	16
 362 0054 0000     		.short	0
 363 0056 0000     		.space	2
 364 0058 0000     		.short	0
 365 005a 0000     		.short	0
 366 005c 00000000 		.space	4
 367 0060 00000000 		.space	174
 367      00000000 
 367      00000000 
 367      00000000 
 367      00000000 
 368 010e 40       		.byte	64
 369 010f 40       		.byte	64
 370 0110 2000     		.short	32
 371 0112 11       		.byte	17
 372 0113 0F       		.byte	15
 373 0114 F000     		.short	240
 374 0116 02       		.byte	2
 375 0117 40       		.byte	64
 376 0118 40       		.byte	64
 377 0119 00       		.space	1
 378 011a 6E25     		.short	9582
 379 011c 0E00     		.short	14
 380 011e 0A00     		.short	10
 381 0120 0600     		.short	6
 382 0122 0000     		.space	2
 383 0124 00       		.byte	0
 384 0125 000000   		.space	3
 385              		.section	.data.SpeednTorqCtrlM1,"aw"
ARM GAS  /tmp/ccLvwvD8.s 			page 8


 386              		.align	2
 389              	SpeednTorqCtrlM1:
 390 0000 00000000 		.space	28
 390      00000000 
 390      00000000 
 390      00000000 
 390      00000000 
 391 001c E803     		.short	1000
 392 001e 8D20     		.short	8333
 393 0020 0000     		.short	0
 394 0022 0000     		.short	0
 395 0024 73DF     		.short	-8333
 396 0026 5804     		.short	1112
 397 0028 A8FB     		.short	-1112
 398 002a 04       		.byte	4
 399 002b 00       		.space	1
 400 002c F000     		.short	240
 401 002e 0000     		.short	0
 402 0030 0000     		.short	0
 403 0032 0000     		.space	2
 404              		.section	.data.pFF,"aw"
 405              		.align	2
 408              	pFF:
 409 0000 00000000 		.word	FF_M1
 410              		.section	.data.pMPM,"aw"
 411              		.align	2
 414              	pMPM:
 415 0000 00000000 		.word	PQD_MotorPowMeasM1
 416              		.section	.data.pPIDId,"aw"
 417              		.align	2
 420              	pPIDId:
 421 0000 00000000 		.word	PIDIdHandle_M1
 422              		.section	.data.pPIDIq,"aw"
 423              		.align	2
 426              	pPIDIq:
 427 0000 00000000 		.word	PIDIqHandle_M1
 428              		.section	.data.pSTC,"aw"
 429              		.align	2
 432              	pSTC:
 433 0000 00000000 		.word	SpeednTorqCtrlM1
 434              		.section	.data.pTemperatureSensor,"aw"
 435              		.align	2
 438              	pTemperatureSensor:
 439 0000 00000000 		.word	TempSensor_M1
 440              		.text
 441              	.Letext0:
 442              		.file 1 "/usr/share/gcc-arm-none-eabi-10-2020-q4-major/arm-none-eabi/include/machine/_default_type
 443              		.file 2 "/usr/share/gcc-arm-none-eabi-10-2020-q4-major/arm-none-eabi/include/sys/_stdint.h"
 444              		.file 3 "Drivers/CMSIS/Device/ST/STM32G4xx/Include/stm32g431xx.h"
 445              		.file 4 "Drivers/STM32G4xx_HAL_Driver/Inc/stm32g4xx_ll_tim.h"
 446              		.file 5 "Drivers/STM32G4xx_HAL_Driver/Inc/stm32g4xx_ll_usart.h"
 447              		.file 6 "Drivers/STM32G4xx_HAL_Driver/Inc/stm32g4xx_ll_dma.h"
 448              		.file 7 "Inc/mc_type.h"
 449              		.file 8 "MCSDK_v6.3.2-Full/MotorControl/MCSDK/MCLib/Any/Inc/pid_regulator.h"
 450              		.file 9 "MCSDK_v6.3.2-Full/MotorControl/MCSDK/MCLib/Any/Inc/speed_pos_fdbk.h"
 451              		.file 10 "MCSDK_v6.3.2-Full/MotorControl/MCSDK/MCLib/Any/Inc/speed_torq_ctrl.h"
 452              		.file 11 "MCSDK_v6.3.2-Full/MotorControl/MCSDK/MCLib/Any/Inc/virtual_speed_sensor.h"
ARM GAS  /tmp/ccLvwvD8.s 			page 9


 453              		.file 12 "MCSDK_v6.3.2-Full/MotorControl/MCSDK/MCLib/Any/Inc/sto_speed_pos_fdbk.h"
 454              		.file 13 "Inc/pwm_curr_fdbk.h"
 455              		.file 14 "MCSDK_v6.3.2-Full/MotorControl/MCSDK/MCLib/Any/Inc/revup_ctrl.h"
 456              		.file 15 "MCSDK_v6.3.2-Full/MotorControl/MCSDK/MCLib/Any/Inc/ntc_temperature_sensor.h"
 457              		.file 16 "Inc/mc_perf.h"
 458              		.file 17 "Inc/mc_interface.h"
 459              		.file 18 "MCSDK_v6.3.2-Full/MotorControl/MCSDK/MCLib/Any/Inc/bus_voltage_sensor.h"
 460              		.file 19 "MCSDK_v6.3.2-Full/MotorControl/MCSDK/MCLib/Any/Inc/r_divider_bus_voltage_sensor.h"
 461              		.file 20 "MCSDK_v6.3.2-Full/MotorControl/MCSDK/MCLib/Any/Inc/sto_pll_speed_pos_fdbk.h"
 462              		.file 21 "MCSDK_v6.3.2-Full/MotorControl/MCSDK/MCLib/Any/Inc/ramp_ext_mngr.h"
 463              		.file 22 "MCSDK_v6.3.2-Full/MotorControl/MCSDK/MCLib/Any/Inc/mp_one_touch_tuning.h"
 464              		.file 23 "MCSDK_v6.3.2-Full/MotorControl/MCSDK/MCLib/Any/Inc/circle_limitation.h"
 465              		.file 24 "Inc/hall_speed_pos_fdbk.h"
 466              		.file 25 "MCSDK_v6.3.2-Full/MotorControl/MCSDK/MCLib/Any/Inc/mp_hall_tuning.h"
 467              		.file 26 "MCSDK_v6.3.2-Full/MotorControl/MCSDK/MCLib/Any/Inc/mp_self_com_ctrl.h"
 468              		.file 27 "Inc/mc_config_common.h"
 469              		.file 28 "MCSDK_v6.3.2-Full/MotorControl/MCSDK/MCLib/Any/Inc/feed_forward_ctrl.h"
 470              		.file 29 "MCSDK_v6.3.2-Full/MotorControl/MCSDK/MCLib/Any/Inc/pqd_motor_power_measurement.h"
 471              		.file 30 "MCSDK_v6.3.2-Full/MotorControl/MCSDK/MCLib/G4xx/Inc/r3_2_g4xx_pwm_curr_fdbk.h"
 472              		.file 31 "Inc/mc_config.h"
 473              		.file 32 "Inc/mc_parameters.h"
 474              		.file 33 "Src/mc_config.c"
ARM GAS  /tmp/ccLvwvD8.s 			page 10


DEFINED SYMBOLS
                            *ABS*:0000000000000000 mc_config.c
     /tmp/ccLvwvD8.s:78     .data.Mci:0000000000000000 Mci
     /tmp/ccLvwvD8.s:408    .data.pFF:0000000000000000 pFF
     /tmp/ccLvwvD8.s:414    .data.pMPM:0000000000000000 pMPM
     /tmp/ccLvwvD8.s:420    .data.pPIDId:0000000000000000 pPIDId
     /tmp/ccLvwvD8.s:426    .data.pPIDIq:0000000000000000 pPIDIq
     /tmp/ccLvwvD8.s:438    .data.pTemperatureSensor:0000000000000000 pTemperatureSensor
     /tmp/ccLvwvD8.s:432    .data.pSTC:0000000000000000 pSTC
     /tmp/ccLvwvD8.s:52     .bss.pREMNG:0000000000000000 pREMNG
     /tmp/ccLvwvD8.s:46     .bss.FOCVars:0000000000000000 FOCVars
     /tmp/ccLvwvD8.s:99     .data.OTT:0000000000000000 OTT
     /tmp/ccLvwvD8.s:254    .data.RampExtMngrParamsOTT:0000000000000000 RampExtMngrParamsOTT
     /tmp/ccLvwvD8.s:314    .data.SCC:0000000000000000 SCC
     /tmp/ccLvwvD8.s:261    .data.RampExtMngrParamsSCC:0000000000000000 RampExtMngrParamsSCC
     /tmp/ccLvwvD8.s:58     .data.CircleLimitationM1:0000000000000000 CircleLimitationM1
     /tmp/ccLvwvD8.s:247    .data.RampExtMngrHFParamsM1:0000000000000000 RampExtMngrHFParamsM1
     /tmp/ccLvwvD8.s:321    .data.STO_M1:0000000000000000 STO_M1
     /tmp/ccLvwvD8.s:331    .data.STO_PLL_M1:0000000000000000 STO_PLL_M1
     /tmp/ccLvwvD8.s:177    .data.PWM_Handle_M1:0000000000000000 PWM_Handle_M1
     /tmp/ccLvwvD8.s:268    .data.RevUpControlM1:0000000000000000 RevUpControlM1
     /tmp/ccLvwvD8.s:389    .data.SpeednTorqCtrlM1:0000000000000000 SpeednTorqCtrlM1
     /tmp/ccLvwvD8.s:65     .data.FF_M1:0000000000000000 FF_M1
     /tmp/ccLvwvD8.s:106    .data.PIDIdHandle_M1:0000000000000000 PIDIdHandle_M1
     /tmp/ccLvwvD8.s:127    .data.PIDIqHandle_M1:0000000000000000 PIDIqHandle_M1
     /tmp/ccLvwvD8.s:148    .data.PIDSpeedHandle_M1:0000000000000000 PIDSpeedHandle_M1
     /tmp/ccLvwvD8.s:169    .data.PQD_MotorPowMeasM1:0000000000000000 PQD_MotorPowMeasM1
     /tmp/ccLvwvD8.s:43     .bss.FOCVars:0000000000000000 $d
     /tmp/ccLvwvD8.s:49     .bss.pREMNG:0000000000000000 $d
     /tmp/ccLvwvD8.s:55     .data.CircleLimitationM1:0000000000000000 $d
     /tmp/ccLvwvD8.s:62     .data.FF_M1:0000000000000000 $d
     /tmp/ccLvwvD8.s:75     .data.Mci:0000000000000000 $d
     /tmp/ccLvwvD8.s:96     .data.OTT:0000000000000000 $d
     /tmp/ccLvwvD8.s:103    .data.PIDIdHandle_M1:0000000000000000 $d
     /tmp/ccLvwvD8.s:124    .data.PIDIqHandle_M1:0000000000000000 $d
     /tmp/ccLvwvD8.s:145    .data.PIDSpeedHandle_M1:0000000000000000 $d
     /tmp/ccLvwvD8.s:166    .data.PQD_MotorPowMeasM1:0000000000000000 $d
     /tmp/ccLvwvD8.s:174    .data.PWM_Handle_M1:0000000000000000 $d
     /tmp/ccLvwvD8.s:244    .data.RampExtMngrHFParamsM1:0000000000000000 $d
     /tmp/ccLvwvD8.s:251    .data.RampExtMngrParamsOTT:0000000000000000 $d
     /tmp/ccLvwvD8.s:258    .data.RampExtMngrParamsSCC:0000000000000000 $d
     /tmp/ccLvwvD8.s:265    .data.RevUpControlM1:0000000000000000 $d
     /tmp/ccLvwvD8.s:311    .data.SCC:0000000000000000 $d
     /tmp/ccLvwvD8.s:318    .data.STO_M1:0000000000000000 $d
     /tmp/ccLvwvD8.s:328    .data.STO_PLL_M1:0000000000000000 $d
     /tmp/ccLvwvD8.s:386    .data.SpeednTorqCtrlM1:0000000000000000 $d
     /tmp/ccLvwvD8.s:405    .data.pFF:0000000000000000 $d
     /tmp/ccLvwvD8.s:411    .data.pMPM:0000000000000000 $d
     /tmp/ccLvwvD8.s:417    .data.pPIDId:0000000000000000 $d
     /tmp/ccLvwvD8.s:423    .data.pPIDIq:0000000000000000 $d
     /tmp/ccLvwvD8.s:429    .data.pSTC:0000000000000000 $d
     /tmp/ccLvwvD8.s:435    .data.pTemperatureSensor:0000000000000000 $d

UNDEFINED SYMBOLS
scaleParams_M1
OTT_Params
R3_2_GetPhaseCurrents_OVM
ARM GAS  /tmp/ccLvwvD8.s 			page 11


R3_2_SwitchOffPWM
R3_2_SwitchOnPWM
R3_2_CurrentReadingPolarization
R3_2_TurnOnLowSides
R3_2_SetADCSampPointSectX_OVM
R3_2_RLDetectionModeEnable
R3_2_RLDetectionModeDisable
R3_2_RLDetectionModeSetDuty
R3_2_RLTurnOnLowSidesAndStart
R3_2_SetOffsetCalib
R3_2_GetOffsetCalib
R3_2_ParamsM1
SCC_Params
STO_PLL_ForceConvergency1
STO_PLL_ForceConvergency2
STO_OTF_ResetPLL
STO_PLL_IsVarianceTight
TempSensor_M1
