ARM GAS  /tmp/ccIxOyFA.s 			page 1


   1              		.cpu cortex-m4
   2              		.eabi_attribute 27, 1
   3              		.eabi_attribute 28, 1
   4              		.eabi_attribute 20, 1
   5              		.eabi_attribute 21, 1
   6              		.eabi_attribute 23, 3
   7              		.eabi_attribute 24, 1
   8              		.eabi_attribute 25, 1
   9              		.eabi_attribute 26, 1
  10              		.eabi_attribute 30, 6
  11              		.eabi_attribute 34, 1
  12              		.eabi_attribute 18, 2
  13              		.file	"mc_config_common.c"
  14              		.text
  15              	.Ltext0:
  16              		.cfi_sections	.debug_frame
  17              		.section	.rodata.OFFSET_TAB_CCMRx,"a"
  18              		.align	2
  21              	OFFSET_TAB_CCMRx:
  22 0000 00000000 		.ascii	"\000\000\000\000\004\004\004\00488"
  22      04040404 
  22      3838
  23              		.section	.rodata.SHIFT_TAB_OCxx,"a"
  24              		.align	2
  27              	SHIFT_TAB_OCxx:
  28 0000 00000800 		.ascii	"\000\000\010\000\000\000\010\000\000\010"
  28      00000800 
  28      0008
  29              		.section	.rodata.SHIFT_TAB_ICxx,"a"
  30              		.align	2
  33              	SHIFT_TAB_ICxx:
  34 0000 00000800 		.ascii	"\000\000\010\000\000\000\010\000\000\000"
  34      00000800 
  34      0000
  35              		.section	.rodata.SHIFT_TAB_CCxP,"a"
  36              		.align	2
  39              	SHIFT_TAB_CCxP:
  40 0000 00020406 		.ascii	"\000\002\004\006\010\012\014\016\020\024"
  40      080A0C0E 
  40      1014
  41              		.section	.rodata.SHIFT_TAB_OISx,"a"
  42              		.align	2
  45              	SHIFT_TAB_OISx:
  46 0000 00010203 		.ascii	"\000\001\002\003\004\005\006\007\010\012"
  46      04050607 
  46      080A
  47              		.section	.rodata.USART_PRESCALER_TAB,"a"
  48              		.align	2
  51              	USART_PRESCALER_TAB:
  52 0000 01000000 		.word	1
  53 0004 02000000 		.word	2
  54 0008 04000000 		.word	4
  55 000c 06000000 		.word	6
  56 0010 08000000 		.word	8
  57 0014 0A000000 		.word	10
  58 0018 0C000000 		.word	12
  59 001c 10000000 		.word	16
ARM GAS  /tmp/ccIxOyFA.s 			page 2


  60 0020 20000000 		.word	32
  61 0024 40000000 		.word	64
  62 0028 80000000 		.word	128
  63 002c 00010000 		.word	256
  64              		.section	.rodata.CHANNEL_OFFSET_TAB,"a"
  65              		.align	2
  68              	CHANNEL_OFFSET_TAB:
  69 0000 081C3044 		.ascii	"\010\0340DXl"
  69      586C
  70              		.global	VirtualSpeedSensorM1
  71              		.section	.data.VirtualSpeedSensorM1,"aw"
  72              		.align	2
  75              	VirtualSpeedSensorM1:
  76 0000 00       		.space	1
  77 0001 02       		.byte	2
  78 0002 00       		.space	1
  79 0003 03       		.byte	3
  80 0004 00000000 		.space	16
  80      00000000 
  80      00000000 
  80      00000000 
  81 0014 6E25     		.short	9582
  82 0016 0000     		.short	0
  83 0018 FFFF     		.short	-1
  84 001a 204E     		.short	20000
  85 001c 00000100 		.word	65536
  86 0020 00000000 		.space	20
  86      00000000 
  86      00000000 
  86      00000000 
  86      00000000 
  87 0034 E803     		.short	1000
  88 0036 F401     		.short	500
  89              		.global	TempRegConv_M1
  90              		.section	.data.TempRegConv_M1,"aw"
  91              		.align	2
  94              	TempRegConv_M1:
  95 0000 00010050 		.word	1342177536
  96 0004 05       		.byte	5
  97 0005 000000   		.space	3
  98 0008 04000000 		.word	4
  99 000c 00000000 		.space	4
 100              		.global	TempSensor_M1
 101              		.section	.data.TempSensor_M1,"aw"
 102              		.align	2
 105              	TempSensor_M1:
 106 0000 00       		.byte	0
 107 0001 00000000 		.space	9
 107      00000000 
 107      00
 108 000a FA00     		.short	250
 109 000c B9E8     		.short	-5959
 110 000e 54D5     		.short	-10924
 111 0010 8300     		.short	131
 112 0012 0000     		.space	2
 113 0014 C1870000 		.word	34753
 114 0018 3200     		.short	50
ARM GAS  /tmp/ccIxOyFA.s 			page 3


 115 001a 0000     		.space	2
 116              		.section	.bss.RealBusVoltageSensorFilterBufferM1,"aw",%nobits
 117              		.align	2
 120              	RealBusVoltageSensorFilterBufferM1:
 121 0000 00000000 		.space	12
 121      00000000 
 121      00000000 
 122              		.global	VbusRegConv_M1
 123              		.section	.data.VbusRegConv_M1,"aw"
 124              		.align	2
 127              	VbusRegConv_M1:
 128 0000 00000050 		.word	1342177280
 129 0004 01       		.byte	1
 130 0005 000000   		.space	3
 131 0008 04000000 		.word	4
 132 000c 00000000 		.space	4
 133              		.global	BusVoltageSensor_M1
 134              		.section	.data.BusVoltageSensor_M1,"aw"
 135              		.align	2
 138              	BusVoltageSensor_M1:
 139 0000 00       		.byte	0
 140 0001 00       		.space	1
 141 0002 5200     		.short	82
 142 0004 00000000 		.space	6
 142      0000
 143 000a 0600     		.short	6
 144 000c FC59     		.short	23036
 145 000e FC59     		.short	23036
 146 0010 01       		.byte	1
 147 0011 00       		.space	1
 148 0012 381F     		.short	7992
 149 0014 00000000 		.word	RealBusVoltageSensorFilterBufferM1
 150 0018 00000000 		.space	4
 151              		.global	HdlSTSPING4
 152              		.section	.bss.HdlSTSPING4,"aw",%nobits
 153              		.align	2
 156              	HdlSTSPING4:
 157 0000 00000000 		.space	4
 158              		.global	PerfTraces
 159              		.section	.bss.PerfTraces,"aw",%nobits
 160              		.align	2
 163              	PerfTraces:
 164 0000 00000000 		.space	40
 164      00000000 
 164      00000000 
 164      00000000 
 164      00000000 
 165              		.global	pwmcHandle
 166              		.section	.bss.pwmcHandle,"aw",%nobits
 167              		.align	2
 170              	pwmcHandle:
 171 0000 00000000 		.space	4
 172              		.text
 173              	.Letext0:
 174              		.file 1 "/usr/share/gcc-arm-none-eabi-10-2020-q4-major/arm-none-eabi/include/machine/_default_type
 175              		.file 2 "/usr/share/gcc-arm-none-eabi-10-2020-q4-major/arm-none-eabi/include/sys/_stdint.h"
 176              		.file 3 "Drivers/CMSIS/Device/ST/STM32G4xx/Include/stm32g431xx.h"
ARM GAS  /tmp/ccIxOyFA.s 			page 4


 177              		.file 4 "Drivers/STM32G4xx_HAL_Driver/Inc/stm32g4xx_ll_tim.h"
 178              		.file 5 "Drivers/STM32G4xx_HAL_Driver/Inc/stm32g4xx_ll_usart.h"
 179              		.file 6 "Drivers/STM32G4xx_HAL_Driver/Inc/stm32g4xx_ll_dma.h"
 180              		.file 7 "Inc/mc_type.h"
 181              		.file 8 "MCSDK_v6.3.2-Full/MotorControl/MCSDK/MCLib/Any/Inc/speed_pos_fdbk.h"
 182              		.file 9 "MCSDK_v6.3.2-Full/MotorControl/MCSDK/MCLib/Any/Inc/virtual_speed_sensor.h"
 183              		.file 10 "Inc/pwm_curr_fdbk.h"
 184              		.file 11 "MCSDK_v6.3.2-Full/MotorControl/MCSDK/MCLib/Any/Inc/ntc_temperature_sensor.h"
 185              		.file 12 "Inc/mc_perf.h"
 186              		.file 13 "Inc/regular_conversion_manager.h"
 187              		.file 14 "MCSDK_v6.3.2-Full/MotorControl/MCSDK/MCLib/Any/Inc/bus_voltage_sensor.h"
 188              		.file 15 "MCSDK_v6.3.2-Full/MotorControl/MCSDK/MCLib/Any/Inc/r_divider_bus_voltage_sensor.h"
 189              		.file 16 "MCSDK_v6.3.2-Full/MotorControl/MCSDK/MCLib/G4xx/Inc/stspin32g4.h"
 190              		.file 17 "Inc/mc_config_common.h"
 191              		.file 18 "Src/mc_config_common.c"
ARM GAS  /tmp/ccIxOyFA.s 			page 5


DEFINED SYMBOLS
                            *ABS*:0000000000000000 mc_config_common.c
     /tmp/ccIxOyFA.s:18     .rodata.OFFSET_TAB_CCMRx:0000000000000000 $d
     /tmp/ccIxOyFA.s:21     .rodata.OFFSET_TAB_CCMRx:0000000000000000 OFFSET_TAB_CCMRx
     /tmp/ccIxOyFA.s:24     .rodata.SHIFT_TAB_OCxx:0000000000000000 $d
     /tmp/ccIxOyFA.s:27     .rodata.SHIFT_TAB_OCxx:0000000000000000 SHIFT_TAB_OCxx
     /tmp/ccIxOyFA.s:30     .rodata.SHIFT_TAB_ICxx:0000000000000000 $d
     /tmp/ccIxOyFA.s:33     .rodata.SHIFT_TAB_ICxx:0000000000000000 SHIFT_TAB_ICxx
     /tmp/ccIxOyFA.s:36     .rodata.SHIFT_TAB_CCxP:0000000000000000 $d
     /tmp/ccIxOyFA.s:39     .rodata.SHIFT_TAB_CCxP:0000000000000000 SHIFT_TAB_CCxP
     /tmp/ccIxOyFA.s:42     .rodata.SHIFT_TAB_OISx:0000000000000000 $d
     /tmp/ccIxOyFA.s:45     .rodata.SHIFT_TAB_OISx:0000000000000000 SHIFT_TAB_OISx
     /tmp/ccIxOyFA.s:48     .rodata.USART_PRESCALER_TAB:0000000000000000 $d
     /tmp/ccIxOyFA.s:51     .rodata.USART_PRESCALER_TAB:0000000000000000 USART_PRESCALER_TAB
     /tmp/ccIxOyFA.s:65     .rodata.CHANNEL_OFFSET_TAB:0000000000000000 $d
     /tmp/ccIxOyFA.s:68     .rodata.CHANNEL_OFFSET_TAB:0000000000000000 CHANNEL_OFFSET_TAB
     /tmp/ccIxOyFA.s:75     .data.VirtualSpeedSensorM1:0000000000000000 VirtualSpeedSensorM1
     /tmp/ccIxOyFA.s:72     .data.VirtualSpeedSensorM1:0000000000000000 $d
     /tmp/ccIxOyFA.s:94     .data.TempRegConv_M1:0000000000000000 TempRegConv_M1
     /tmp/ccIxOyFA.s:91     .data.TempRegConv_M1:0000000000000000 $d
     /tmp/ccIxOyFA.s:105    .data.TempSensor_M1:0000000000000000 TempSensor_M1
     /tmp/ccIxOyFA.s:102    .data.TempSensor_M1:0000000000000000 $d
     /tmp/ccIxOyFA.s:117    .bss.RealBusVoltageSensorFilterBufferM1:0000000000000000 $d
     /tmp/ccIxOyFA.s:120    .bss.RealBusVoltageSensorFilterBufferM1:0000000000000000 RealBusVoltageSensorFilterBufferM1
     /tmp/ccIxOyFA.s:127    .data.VbusRegConv_M1:0000000000000000 VbusRegConv_M1
     /tmp/ccIxOyFA.s:124    .data.VbusRegConv_M1:0000000000000000 $d
     /tmp/ccIxOyFA.s:138    .data.BusVoltageSensor_M1:0000000000000000 BusVoltageSensor_M1
     /tmp/ccIxOyFA.s:135    .data.BusVoltageSensor_M1:0000000000000000 $d
     /tmp/ccIxOyFA.s:156    .bss.HdlSTSPING4:0000000000000000 HdlSTSPING4
     /tmp/ccIxOyFA.s:153    .bss.HdlSTSPING4:0000000000000000 $d
     /tmp/ccIxOyFA.s:163    .bss.PerfTraces:0000000000000000 PerfTraces
     /tmp/ccIxOyFA.s:160    .bss.PerfTraces:0000000000000000 $d
     /tmp/ccIxOyFA.s:170    .bss.pwmcHandle:0000000000000000 pwmcHandle
     /tmp/ccIxOyFA.s:167    .bss.pwmcHandle:0000000000000000 $d

NO UNDEFINED SYMBOLS
