ARM GAS  /tmp/ccVvBrGc.s 			page 1


   1              		.cpu cortex-m4
   2              		.eabi_attribute 27, 1
   3              		.eabi_attribute 28, 1
   4              		.eabi_attribute 20, 1
   5              		.eabi_attribute 21, 1
   6              		.eabi_attribute 23, 3
   7              		.eabi_attribute 24, 1
   8              		.eabi_attribute 25, 1
   9              		.eabi_attribute 26, 1
  10              		.eabi_attribute 30, 2
  11              		.eabi_attribute 34, 1
  12              		.eabi_attribute 18, 2
  13              		.file	"mc_parameters.c"
  14              		.text
  15              	.Ltext0:
  16              		.cfi_sections	.debug_frame
  17              		.global	scaleParams_M1
  18              		.global	OTT_Params
  19              		.global	SCC_Params
  20              		.global	R3_2_ParamsM1
  21              		.global	R3_3_OPAMPParamsM1
  22              		.section	.data.SCC_Params,"aw"
  23              		.align	2
  26              	SCC_Params:
  27 0000 204E0000 		.word	20000
  28 0004 00000000 		.space	20
  28      00000000 
  28      00000000 
  28      00000000 
  28      00000000 
  29 0018 0AD7A33B 		.word	1000593162
  30 001c 0000E040 		.word	1088421888
  31 0020 CDCC7C42 		.word	1115475149
  32 0024 0AD7233D 		.word	1025758986
  33 0028 0AD7A33D 		.word	1034147594
  34 002c 0AD7A33F 		.word	1067702026
  35 0030 401F     		.short	8000
  36 0032 E803     		.short	1000
  37 0034 F401     		.short	500
  38 0036 0000     		.space	2
  39 0038 0000803F 		.word	1065353216
  40 003c 0080BB45 		.word	1169915904
  41 0040 00       		.byte	0
  42 0041 000000   		.space	3
  43 0044 A00F0000 		.word	4000
  44 0048 204E     		.short	20000
  45 004a 01       		.byte	1
  46 004b 00       		.space	1
  47 004c 33335340 		.word	1079194419
  48 0050 CDCC4C3D 		.word	1028443341
  49              		.section	.data.scaleParams_M1,"aw"
  50              		.align	2
  53              	scaleParams_M1:
  54 0000 99B5DD39 		.word	970831257
  55 0004 4992BC3A 		.word	985436745
  56 0008 B399E03F 		.word	1071684019
  57 000c 00000000 		.space	4
ARM GAS  /tmp/ccVvBrGc.s 			page 2


  58              		.section	.rodata.OTT_Params,"a"
  59              		.align	2
  62              	OTT_Params:
  63 0000 E8030000 		.word	1000
  64 0004 00000000 		.space	20
  64      00000000 
  64      00000000 
  64      00000000 
  64      00000000 
  65 0018 00000000 		.word	0
  66 001c 0000803F 		.word	1065353216
  67 0020 02       		.byte	2
  68 0021 00       		.space	1
  69 0022 5804     		.short	1112
  70 0024 00002041 		.word	1092616192
  71 0028 9A99193F 		.word	1058642330
  72 002c CDCC4C3F 		.word	1061997773
  73 0030 0000A041 		.word	1101004800
  74 0034 00002041 		.word	1092616192
  75 0038 6666663F 		.word	1063675494
  76 003c A00F0000 		.word	4000
  77 0040 0000803F 		.word	1065353216
  78 0044 CDCCCC3D 		.word	1036831949
  79 0048 CDCCCC3D 		.word	1036831949
  80 004c 0AD7A33B 		.word	1000593162
  81 0050 0000E040 		.word	1088421888
  82              		.section	.rodata.R3_2_ParamsM1,"a"
  83              		.align	2
  86              	R3_2_ParamsM1:
  87 0000 002C0140 		.word	1073818624
  88 0004 00000000 		.word	R3_3_OPAMPParamsM1
  89 0008 00020140 		.word	1073807872
  90 000c 04020140 		.word	1073807876
  91 0010 0C020140 		.word	1073807884
  92 0014 00000000 		.word	0
  93 0018 00100050 		.word	1342181376
  94 001c 00100050 		.word	1342181376
  95 0020 00100050 		.word	1342181376
  96 0024 00000000 		.word	0
  97 0028 01001102 		.word	34668545
  98 002c F2004235 		.word	893518066
  99 0030 F2004235 		.word	893518066
 100 0034 00000000 		.word	0
 101 0038 00000050 		.word	1342177280
 102 003c 00000050 		.word	1342177280
 103 0040 00000050 		.word	1342177280
 104 0044 00000050 		.word	1342177280
 105 0048 00000050 		.word	1342177280
 106 004c 00000050 		.word	1342177280
 107 0050 00010050 		.word	1342177536
 108 0054 00010050 		.word	1342177536
 109 0058 00010050 		.word	1342177536
 110 005c 00010050 		.word	1342177536
 111 0060 00010050 		.word	1342177536
 112 0064 00010050 		.word	1342177536
 113 0068 00060000 		.word	1536
 114 006c 00060000 		.word	1536
ARM GAS  /tmp/ccVvBrGc.s 			page 3


 115 0070 00060000 		.word	1536
 116 0074 00060000 		.word	1536
 117 0078 00060000 		.word	1536
 118 007c 00060000 		.word	1536
 119 0080 00060000 		.word	1536
 120 0084 00060000 		.word	1536
 121 0088 00060000 		.word	1536
 122 008c 00060000 		.word	1536
 123 0090 00060000 		.word	1536
 124 0094 00060000 		.word	1536
 125 0098 4B01     		.short	331
 126 009a 1A00     		.short	26
 127 009c 2900     		.short	41
 128 009e A300     		.short	163
 129 00a0 B200     		.short	178
 130 00a2 2220     		.short	8226
 131 00a4 165D     		.short	23830
 132 00a6 01       		.byte	1
 133 00a7 02       		.byte	2
 134 00a8 02       		.byte	2
 135 00a9 02       		.byte	2
 136 00aa 00       		.byte	0
 137 00ab 01       		.byte	1
 138 00ac 01       		.byte	1
 139 00ad 000000   		.space	3
 140              		.section	.rodata.R3_3_OPAMPParamsM1,"a"
 141              		.align	2
 144              	R3_3_OPAMPParamsM1:
 145 0000 00030140 		.word	1073808128
 146 0004 00030140 		.word	1073808128
 147 0008 00030140 		.word	1073808128
 148 000c 00030140 		.word	1073808128
 149 0010 00030140 		.word	1073808128
 150 0014 00030140 		.word	1073808128
 151 0018 04030140 		.word	1073808132
 152 001c 04030140 		.word	1073808132
 153 0020 04030140 		.word	1073808132
 154 0024 04030140 		.word	1073808132
 155 0028 04030140 		.word	1073808132
 156 002c 04030140 		.word	1073808132
 157 0030 08000000 		.word	8
 158 0034 00000000 		.word	0
 159 0038 00000000 		.word	0
 160 003c 00000000 		.word	0
 161 0040 00000000 		.word	0
 162 0044 08000000 		.word	8
 163 0048 08000000 		.word	8
 164 004c 08000000 		.word	8
 165 0050 08000000 		.word	8
 166 0054 00000000 		.word	0
 167 0058 00000000 		.word	0
 168 005c 08000000 		.word	8
 169              		.text
 170              	.Letext0:
 171              		.file 1 "/usr/share/gcc-arm-none-eabi-10-2020-q4-major/arm-none-eabi/include/machine/_default_type
 172              		.file 2 "/usr/share/gcc-arm-none-eabi-10-2020-q4-major/arm-none-eabi/include/sys/_stdint.h"
 173              		.file 3 "Drivers/CMSIS/Device/ST/STM32G4xx/Include/stm32g431xx.h"
ARM GAS  /tmp/ccVvBrGc.s 			page 4


 174              		.file 4 "Drivers/STM32G4xx_HAL_Driver/Inc/stm32g4xx_ll_tim.h"
 175              		.file 5 "Drivers/STM32G4xx_HAL_Driver/Inc/stm32g4xx_ll_usart.h"
 176              		.file 6 "Drivers/STM32G4xx_HAL_Driver/Inc/stm32g4xx_ll_dma.h"
 177              		.file 7 "Inc/mc_interface.h"
 178              		.file 8 "MCSDK_v6.3.2-Full/MotorControl/MCSDK/MCLib/Any/Inc/ramp_ext_mngr.h"
 179              		.file 9 "MCSDK_v6.3.2-Full/MotorControl/MCSDK/MCLib/Any/Inc/mp_one_touch_tuning.h"
 180              		.file 10 "MCSDK_v6.3.2-Full/MotorControl/MCSDK/MCLib/Any/Inc/mp_self_com_ctrl.h"
 181              		.file 11 "MCSDK_v6.3.2-Full/MotorControl/MCSDK/MCLib/G4xx/Inc/r3_2_g4xx_pwm_curr_fdbk.h"
 182              		.file 12 "Src/mc_parameters.c"
ARM GAS  /tmp/ccVvBrGc.s 			page 5


DEFINED SYMBOLS
                            *ABS*:0000000000000000 mc_parameters.c
     /tmp/ccVvBrGc.s:53     .data.scaleParams_M1:0000000000000000 scaleParams_M1
     /tmp/ccVvBrGc.s:62     .rodata.OTT_Params:0000000000000000 OTT_Params
     /tmp/ccVvBrGc.s:26     .data.SCC_Params:0000000000000000 SCC_Params
     /tmp/ccVvBrGc.s:86     .rodata.R3_2_ParamsM1:0000000000000000 R3_2_ParamsM1
     /tmp/ccVvBrGc.s:144    .rodata.R3_3_OPAMPParamsM1:0000000000000000 R3_3_OPAMPParamsM1
     /tmp/ccVvBrGc.s:23     .data.SCC_Params:0000000000000000 $d
     /tmp/ccVvBrGc.s:50     .data.scaleParams_M1:0000000000000000 $d
     /tmp/ccVvBrGc.s:59     .rodata.OTT_Params:0000000000000000 $d
     /tmp/ccVvBrGc.s:83     .rodata.R3_2_ParamsM1:0000000000000000 $d
     /tmp/ccVvBrGc.s:141    .rodata.R3_3_OPAMPParamsM1:0000000000000000 $d

NO UNDEFINED SYMBOLS
