ARM GAS  /tmp/ccboaEXX.s 			page 1


   1              		.cpu cortex-m4
   2              		.eabi_attribute 27, 1
   3              		.eabi_attribute 28, 1
   4              		.eabi_attribute 20, 1
   5              		.eabi_attribute 21, 1
   6              		.eabi_attribute 23, 3
   7              		.eabi_attribute 24, 1
   8              		.eabi_attribute 25, 1
   9              		.eabi_attribute 26, 1
  10              		.eabi_attribute 30, 2
  11              		.eabi_attribute 34, 1
  12              		.eabi_attribute 18, 2
  13              		.file	"r_divider_bus_voltage_sensor.c"
  14              		.text
  15              	.Ltext0:
  16              		.cfi_sections	.debug_frame
  17              		.section	.text.RVBS_Clear,"ax",%progbits
  18              		.align	1
  19              		.p2align 2,,3
  20              		.weak	RVBS_Clear
  21              		.arch armv7e-m
  22              		.syntax unified
  23              		.thumb
  24              		.thumb_func
  25              		.fpu fpv4-sp-d16
  27              	RVBS_Clear:
  28              	.LVL0:
  29              	.LFB1438:
  30              		.file 1 "MCSDK_v6.3.2-Full/MotorControl/MCSDK/MCLib/Any/Src/r_divider_bus_voltage_sensor.c"
   1:MCSDK_v6.3.2-Full/MotorControl/MCSDK/MCLib/Any/Src/r_divider_bus_voltage_sensor.c **** /**
   2:MCSDK_v6.3.2-Full/MotorControl/MCSDK/MCLib/Any/Src/r_divider_bus_voltage_sensor.c ****   ******************************************************************************
   3:MCSDK_v6.3.2-Full/MotorControl/MCSDK/MCLib/Any/Src/r_divider_bus_voltage_sensor.c ****   * @file    r_divider_bus_voltage_sensor.c
   4:MCSDK_v6.3.2-Full/MotorControl/MCSDK/MCLib/Any/Src/r_divider_bus_voltage_sensor.c ****   * @author  Motor Control SDK Team, ST Microelectronics
   5:MCSDK_v6.3.2-Full/MotorControl/MCSDK/MCLib/Any/Src/r_divider_bus_voltage_sensor.c ****   * @brief   This file provides firmware functions that implement the  features
   6:MCSDK_v6.3.2-Full/MotorControl/MCSDK/MCLib/Any/Src/r_divider_bus_voltage_sensor.c ****   *          of the Resistor Divider Bus Voltage Sensor component of the Motor
   7:MCSDK_v6.3.2-Full/MotorControl/MCSDK/MCLib/Any/Src/r_divider_bus_voltage_sensor.c ****   *          Control SDK:
   8:MCSDK_v6.3.2-Full/MotorControl/MCSDK/MCLib/Any/Src/r_divider_bus_voltage_sensor.c ****   *
   9:MCSDK_v6.3.2-Full/MotorControl/MCSDK/MCLib/Any/Src/r_divider_bus_voltage_sensor.c ****   ******************************************************************************
  10:MCSDK_v6.3.2-Full/MotorControl/MCSDK/MCLib/Any/Src/r_divider_bus_voltage_sensor.c ****   * @attention
  11:MCSDK_v6.3.2-Full/MotorControl/MCSDK/MCLib/Any/Src/r_divider_bus_voltage_sensor.c ****   *
  12:MCSDK_v6.3.2-Full/MotorControl/MCSDK/MCLib/Any/Src/r_divider_bus_voltage_sensor.c ****   * <h2><center>&copy; Copyright (c) 2024 STMicroelectronics.
  13:MCSDK_v6.3.2-Full/MotorControl/MCSDK/MCLib/Any/Src/r_divider_bus_voltage_sensor.c ****   * All rights reserved.</center></h2>
  14:MCSDK_v6.3.2-Full/MotorControl/MCSDK/MCLib/Any/Src/r_divider_bus_voltage_sensor.c ****   *
  15:MCSDK_v6.3.2-Full/MotorControl/MCSDK/MCLib/Any/Src/r_divider_bus_voltage_sensor.c ****   * This software component is licensed by ST under Ultimate Liberty license
  16:MCSDK_v6.3.2-Full/MotorControl/MCSDK/MCLib/Any/Src/r_divider_bus_voltage_sensor.c ****   * SLA0044, the "License"; You may not use this file except in compliance with
  17:MCSDK_v6.3.2-Full/MotorControl/MCSDK/MCLib/Any/Src/r_divider_bus_voltage_sensor.c ****   * the License. You may obtain a copy of the License at:
  18:MCSDK_v6.3.2-Full/MotorControl/MCSDK/MCLib/Any/Src/r_divider_bus_voltage_sensor.c ****   *                             www.st.com/SLA0044
  19:MCSDK_v6.3.2-Full/MotorControl/MCSDK/MCLib/Any/Src/r_divider_bus_voltage_sensor.c ****   *
  20:MCSDK_v6.3.2-Full/MotorControl/MCSDK/MCLib/Any/Src/r_divider_bus_voltage_sensor.c ****   ******************************************************************************
  21:MCSDK_v6.3.2-Full/MotorControl/MCSDK/MCLib/Any/Src/r_divider_bus_voltage_sensor.c ****   * @ingroup RDividerBusVoltageSensor
  22:MCSDK_v6.3.2-Full/MotorControl/MCSDK/MCLib/Any/Src/r_divider_bus_voltage_sensor.c ****   */
  23:MCSDK_v6.3.2-Full/MotorControl/MCSDK/MCLib/Any/Src/r_divider_bus_voltage_sensor.c **** 
  24:MCSDK_v6.3.2-Full/MotorControl/MCSDK/MCLib/Any/Src/r_divider_bus_voltage_sensor.c **** /* Includes ------------------------------------------------------------------*/
  25:MCSDK_v6.3.2-Full/MotorControl/MCSDK/MCLib/Any/Src/r_divider_bus_voltage_sensor.c **** #include "mc_type.h"
  26:MCSDK_v6.3.2-Full/MotorControl/MCSDK/MCLib/Any/Src/r_divider_bus_voltage_sensor.c **** #include "r_divider_bus_voltage_sensor.h"
  27:MCSDK_v6.3.2-Full/MotorControl/MCSDK/MCLib/Any/Src/r_divider_bus_voltage_sensor.c **** #include "regular_conversion_manager.h"
  28:MCSDK_v6.3.2-Full/MotorControl/MCSDK/MCLib/Any/Src/r_divider_bus_voltage_sensor.c **** 
ARM GAS  /tmp/ccboaEXX.s 			page 2


  29:MCSDK_v6.3.2-Full/MotorControl/MCSDK/MCLib/Any/Src/r_divider_bus_voltage_sensor.c **** 
  30:MCSDK_v6.3.2-Full/MotorControl/MCSDK/MCLib/Any/Src/r_divider_bus_voltage_sensor.c **** /** @addtogroup MCSDK
  31:MCSDK_v6.3.2-Full/MotorControl/MCSDK/MCLib/Any/Src/r_divider_bus_voltage_sensor.c ****   * @{
  32:MCSDK_v6.3.2-Full/MotorControl/MCSDK/MCLib/Any/Src/r_divider_bus_voltage_sensor.c ****   */
  33:MCSDK_v6.3.2-Full/MotorControl/MCSDK/MCLib/Any/Src/r_divider_bus_voltage_sensor.c **** 
  34:MCSDK_v6.3.2-Full/MotorControl/MCSDK/MCLib/Any/Src/r_divider_bus_voltage_sensor.c **** /** @addtogroup BusVoltageSensor
  35:MCSDK_v6.3.2-Full/MotorControl/MCSDK/MCLib/Any/Src/r_divider_bus_voltage_sensor.c ****   * @{
  36:MCSDK_v6.3.2-Full/MotorControl/MCSDK/MCLib/Any/Src/r_divider_bus_voltage_sensor.c ****   */
  37:MCSDK_v6.3.2-Full/MotorControl/MCSDK/MCLib/Any/Src/r_divider_bus_voltage_sensor.c **** 
  38:MCSDK_v6.3.2-Full/MotorControl/MCSDK/MCLib/Any/Src/r_divider_bus_voltage_sensor.c **** /** @defgroup RDividerBusVoltageSensor Resistor Divider Bus Voltage Sensor
  39:MCSDK_v6.3.2-Full/MotorControl/MCSDK/MCLib/Any/Src/r_divider_bus_voltage_sensor.c ****   * @brief Resistor Divider Bus Voltage Sensor implementation.
  40:MCSDK_v6.3.2-Full/MotorControl/MCSDK/MCLib/Any/Src/r_divider_bus_voltage_sensor.c ****   *
  41:MCSDK_v6.3.2-Full/MotorControl/MCSDK/MCLib/Any/Src/r_divider_bus_voltage_sensor.c ****   * @{
  42:MCSDK_v6.3.2-Full/MotorControl/MCSDK/MCLib/Any/Src/r_divider_bus_voltage_sensor.c ****   */
  43:MCSDK_v6.3.2-Full/MotorControl/MCSDK/MCLib/Any/Src/r_divider_bus_voltage_sensor.c **** 
  44:MCSDK_v6.3.2-Full/MotorControl/MCSDK/MCLib/Any/Src/r_divider_bus_voltage_sensor.c **** /**
  45:MCSDK_v6.3.2-Full/MotorControl/MCSDK/MCLib/Any/Src/r_divider_bus_voltage_sensor.c ****   * @brief  It initializes bus voltage conversion (ADC, ADC channel, conversion time.
  46:MCSDK_v6.3.2-Full/MotorControl/MCSDK/MCLib/Any/Src/r_divider_bus_voltage_sensor.c ****     It must be called only after PWM_Init.
  47:MCSDK_v6.3.2-Full/MotorControl/MCSDK/MCLib/Any/Src/r_divider_bus_voltage_sensor.c ****   * @param  pHandle related RDivider_Handle_t
  48:MCSDK_v6.3.2-Full/MotorControl/MCSDK/MCLib/Any/Src/r_divider_bus_voltage_sensor.c ****   */
  49:MCSDK_v6.3.2-Full/MotorControl/MCSDK/MCLib/Any/Src/r_divider_bus_voltage_sensor.c **** __weak void RVBS_Init(RDivider_Handle_t *pHandle)
  50:MCSDK_v6.3.2-Full/MotorControl/MCSDK/MCLib/Any/Src/r_divider_bus_voltage_sensor.c **** {
  51:MCSDK_v6.3.2-Full/MotorControl/MCSDK/MCLib/Any/Src/r_divider_bus_voltage_sensor.c **** #ifdef NULL_PTR_CHECK_RDIV_BUS_VLT_SNS
  52:MCSDK_v6.3.2-Full/MotorControl/MCSDK/MCLib/Any/Src/r_divider_bus_voltage_sensor.c ****   if (MC_NULL == pHandle)
  53:MCSDK_v6.3.2-Full/MotorControl/MCSDK/MCLib/Any/Src/r_divider_bus_voltage_sensor.c ****   {
  54:MCSDK_v6.3.2-Full/MotorControl/MCSDK/MCLib/Any/Src/r_divider_bus_voltage_sensor.c ****     /* Nothing to do */
  55:MCSDK_v6.3.2-Full/MotorControl/MCSDK/MCLib/Any/Src/r_divider_bus_voltage_sensor.c ****   }
  56:MCSDK_v6.3.2-Full/MotorControl/MCSDK/MCLib/Any/Src/r_divider_bus_voltage_sensor.c ****   else
  57:MCSDK_v6.3.2-Full/MotorControl/MCSDK/MCLib/Any/Src/r_divider_bus_voltage_sensor.c ****   {
  58:MCSDK_v6.3.2-Full/MotorControl/MCSDK/MCLib/Any/Src/r_divider_bus_voltage_sensor.c **** #endif
  59:MCSDK_v6.3.2-Full/MotorControl/MCSDK/MCLib/Any/Src/r_divider_bus_voltage_sensor.c ****     /* Check */
  60:MCSDK_v6.3.2-Full/MotorControl/MCSDK/MCLib/Any/Src/r_divider_bus_voltage_sensor.c ****     RVBS_Clear(pHandle);
  61:MCSDK_v6.3.2-Full/MotorControl/MCSDK/MCLib/Any/Src/r_divider_bus_voltage_sensor.c **** #ifdef NULL_PTR_CHECK_RDIV_BUS_VLT_SNS
  62:MCSDK_v6.3.2-Full/MotorControl/MCSDK/MCLib/Any/Src/r_divider_bus_voltage_sensor.c ****   }
  63:MCSDK_v6.3.2-Full/MotorControl/MCSDK/MCLib/Any/Src/r_divider_bus_voltage_sensor.c **** #endif
  64:MCSDK_v6.3.2-Full/MotorControl/MCSDK/MCLib/Any/Src/r_divider_bus_voltage_sensor.c **** }
  65:MCSDK_v6.3.2-Full/MotorControl/MCSDK/MCLib/Any/Src/r_divider_bus_voltage_sensor.c **** 
  66:MCSDK_v6.3.2-Full/MotorControl/MCSDK/MCLib/Any/Src/r_divider_bus_voltage_sensor.c **** 
  67:MCSDK_v6.3.2-Full/MotorControl/MCSDK/MCLib/Any/Src/r_divider_bus_voltage_sensor.c **** /**
  68:MCSDK_v6.3.2-Full/MotorControl/MCSDK/MCLib/Any/Src/r_divider_bus_voltage_sensor.c ****   * @brief  It clears bus voltage FW variable containing average bus voltage
  69:MCSDK_v6.3.2-Full/MotorControl/MCSDK/MCLib/Any/Src/r_divider_bus_voltage_sensor.c ****   *         value.
  70:MCSDK_v6.3.2-Full/MotorControl/MCSDK/MCLib/Any/Src/r_divider_bus_voltage_sensor.c ****   * @param  pHandle related RDivider_Handle_t
  71:MCSDK_v6.3.2-Full/MotorControl/MCSDK/MCLib/Any/Src/r_divider_bus_voltage_sensor.c ****   */
  72:MCSDK_v6.3.2-Full/MotorControl/MCSDK/MCLib/Any/Src/r_divider_bus_voltage_sensor.c **** __weak void RVBS_Clear(RDivider_Handle_t *pHandle)
  73:MCSDK_v6.3.2-Full/MotorControl/MCSDK/MCLib/Any/Src/r_divider_bus_voltage_sensor.c **** {
  31              		.loc 1 73 1 view -0
  32              		.cfi_startproc
  33              		@ args = 0, pretend = 0, frame = 0
  34              		@ frame_needed = 0, uses_anonymous_args = 0
  35              		@ link register save eliminated.
  74:MCSDK_v6.3.2-Full/MotorControl/MCSDK/MCLib/Any/Src/r_divider_bus_voltage_sensor.c **** #ifdef NULL_PTR_CHECK_RDIV_BUS_VLT_SNS
  75:MCSDK_v6.3.2-Full/MotorControl/MCSDK/MCLib/Any/Src/r_divider_bus_voltage_sensor.c ****   if (MC_NULL == pHandle)
  76:MCSDK_v6.3.2-Full/MotorControl/MCSDK/MCLib/Any/Src/r_divider_bus_voltage_sensor.c ****   {
  77:MCSDK_v6.3.2-Full/MotorControl/MCSDK/MCLib/Any/Src/r_divider_bus_voltage_sensor.c ****     /* Nothing to do */
  78:MCSDK_v6.3.2-Full/MotorControl/MCSDK/MCLib/Any/Src/r_divider_bus_voltage_sensor.c ****   }
  79:MCSDK_v6.3.2-Full/MotorControl/MCSDK/MCLib/Any/Src/r_divider_bus_voltage_sensor.c ****   else
  80:MCSDK_v6.3.2-Full/MotorControl/MCSDK/MCLib/Any/Src/r_divider_bus_voltage_sensor.c ****   {
ARM GAS  /tmp/ccboaEXX.s 			page 3


  81:MCSDK_v6.3.2-Full/MotorControl/MCSDK/MCLib/Any/Src/r_divider_bus_voltage_sensor.c **** #endif
  82:MCSDK_v6.3.2-Full/MotorControl/MCSDK/MCLib/Any/Src/r_divider_bus_voltage_sensor.c ****     uint16_t aux;
  36              		.loc 1 82 5 view .LVU1
  83:MCSDK_v6.3.2-Full/MotorControl/MCSDK/MCLib/Any/Src/r_divider_bus_voltage_sensor.c ****     uint16_t index;
  37              		.loc 1 83 5 view .LVU2
  84:MCSDK_v6.3.2-Full/MotorControl/MCSDK/MCLib/Any/Src/r_divider_bus_voltage_sensor.c **** 
  85:MCSDK_v6.3.2-Full/MotorControl/MCSDK/MCLib/Any/Src/r_divider_bus_voltage_sensor.c ****     aux = (pHandle->OverVoltageThreshold + pHandle->UnderVoltageThreshold) / 2U;
  38              		.loc 1 85 5 view .LVU3
  39              		.loc 1 85 19 is_stmt 0 view .LVU4
  40 0000 B0F80CC0 		ldrh	ip, [r0, #12]
  41              		.loc 1 85 51 view .LVU5
  42 0004 428A     		ldrh	r2, [r0, #18]
  86:MCSDK_v6.3.2-Full/MotorControl/MCSDK/MCLib/Any/Src/r_divider_bus_voltage_sensor.c ****     for (index = 0U; index < pHandle->LowPassFilterBW; index++)
  43              		.loc 1 86 5 view .LVU6
  44 0006 4389     		ldrh	r3, [r0, #10]
  85:MCSDK_v6.3.2-Full/MotorControl/MCSDK/MCLib/Any/Src/r_divider_bus_voltage_sensor.c ****     for (index = 0U; index < pHandle->LowPassFilterBW; index++)
  45              		.loc 1 85 42 view .LVU7
  46 0008 9444     		add	ip, ip, r2
  73:MCSDK_v6.3.2-Full/MotorControl/MCSDK/MCLib/Any/Src/r_divider_bus_voltage_sensor.c **** #ifdef NULL_PTR_CHECK_RDIV_BUS_VLT_SNS
  47              		.loc 1 73 1 view .LVU8
  48 000a 10B4     		push	{r4}
  49              	.LCFI0:
  50              		.cfi_def_cfa_offset 4
  51              		.cfi_offset 4, -4
  85:MCSDK_v6.3.2-Full/MotorControl/MCSDK/MCLib/Any/Src/r_divider_bus_voltage_sensor.c ****     for (index = 0U; index < pHandle->LowPassFilterBW; index++)
  52              		.loc 1 85 9 view .LVU9
  53 000c 4FEA5C0C 		lsr	ip, ip, #1
  54              	.LVL1:
  55              		.loc 1 86 5 is_stmt 1 view .LVU10
  56              		.loc 1 86 22 view .LVU11
  57              		.loc 1 86 5 is_stmt 0 view .LVU12
  58 0010 4BB1     		cbz	r3, .L2
  87:MCSDK_v6.3.2-Full/MotorControl/MCSDK/MCLib/Any/Src/r_divider_bus_voltage_sensor.c ****     {
  88:MCSDK_v6.3.2-Full/MotorControl/MCSDK/MCLib/Any/Src/r_divider_bus_voltage_sensor.c ****       pHandle->aBuffer[index] = aux;
  59              		.loc 1 88 14 view .LVU13
  60 0012 4469     		ldr	r4, [r0, #20]
  61 0014 0023     		movs	r3, #0
  62              	.LVL2:
  63              	.L3:
  64              		.loc 1 88 7 is_stmt 1 discriminator 3 view .LVU14
  65              		.loc 1 88 23 is_stmt 0 discriminator 3 view .LVU15
  66 0016 9AB2     		uxth	r2, r3
  86:MCSDK_v6.3.2-Full/MotorControl/MCSDK/MCLib/Any/Src/r_divider_bus_voltage_sensor.c ****     {
  67              		.loc 1 86 5 discriminator 3 view .LVU16
  68 0018 0133     		adds	r3, r3, #1
  69              	.LVL3:
  70              		.loc 1 88 31 discriminator 3 view .LVU17
  71 001a 24F812C0 		strh	ip, [r4, r2, lsl #1]	@ movhi
  86:MCSDK_v6.3.2-Full/MotorControl/MCSDK/MCLib/Any/Src/r_divider_bus_voltage_sensor.c ****     {
  72              		.loc 1 86 56 is_stmt 1 discriminator 3 view .LVU18
  73              	.LVL4:
  86:MCSDK_v6.3.2-Full/MotorControl/MCSDK/MCLib/Any/Src/r_divider_bus_voltage_sensor.c ****     {
  74              		.loc 1 86 22 discriminator 3 view .LVU19
  86:MCSDK_v6.3.2-Full/MotorControl/MCSDK/MCLib/Any/Src/r_divider_bus_voltage_sensor.c ****     {
  75              		.loc 1 86 5 is_stmt 0 discriminator 3 view .LVU20
  76 001e 4189     		ldrh	r1, [r0, #10]
  77 0020 9AB2     		uxth	r2, r3
ARM GAS  /tmp/ccboaEXX.s 			page 4


  78 0022 9142     		cmp	r1, r2
  79 0024 F7D8     		bhi	.L3
  80              	.L2:
  89:MCSDK_v6.3.2-Full/MotorControl/MCSDK/MCLib/Any/Src/r_divider_bus_voltage_sensor.c ****     }
  90:MCSDK_v6.3.2-Full/MotorControl/MCSDK/MCLib/Any/Src/r_divider_bus_voltage_sensor.c ****     pHandle->_Super.LatestConv = aux;
  81              		.loc 1 90 5 is_stmt 1 view .LVU21
  91:MCSDK_v6.3.2-Full/MotorControl/MCSDK/MCLib/Any/Src/r_divider_bus_voltage_sensor.c ****     pHandle->_Super.AvBusVoltage_d = aux;
  82              		.loc 1 91 5 view .LVU22
  90:MCSDK_v6.3.2-Full/MotorControl/MCSDK/MCLib/Any/Src/r_divider_bus_voltage_sensor.c ****     pHandle->_Super.AvBusVoltage_d = aux;
  83              		.loc 1 90 32 is_stmt 0 view .LVU23
  84 0026 0023     		movs	r3, #0
  85 0028 6CF30F03 		bfi	r3, ip, #0, #16
  86              	.LVL5:
  90:MCSDK_v6.3.2-Full/MotorControl/MCSDK/MCLib/Any/Src/r_divider_bus_voltage_sensor.c ****     pHandle->_Super.AvBusVoltage_d = aux;
  87              		.loc 1 90 32 view .LVU24
  88 002c 6CF31F43 		bfi	r3, ip, #16, #16
  92:MCSDK_v6.3.2-Full/MotorControl/MCSDK/MCLib/Any/Src/r_divider_bus_voltage_sensor.c ****     pHandle->index = 0U;
  89              		.loc 1 92 20 view .LVU25
  90 0030 0022     		movs	r2, #0
  93:MCSDK_v6.3.2-Full/MotorControl/MCSDK/MCLib/Any/Src/r_divider_bus_voltage_sensor.c **** #ifdef NULL_PTR_CHECK_RDIV_BUS_VLT_SNS
  94:MCSDK_v6.3.2-Full/MotorControl/MCSDK/MCLib/Any/Src/r_divider_bus_voltage_sensor.c ****   }
  95:MCSDK_v6.3.2-Full/MotorControl/MCSDK/MCLib/Any/Src/r_divider_bus_voltage_sensor.c **** #endif
  96:MCSDK_v6.3.2-Full/MotorControl/MCSDK/MCLib/Any/Src/r_divider_bus_voltage_sensor.c **** }
  91              		.loc 1 96 1 view .LVU26
  92 0032 5DF8044B 		ldr	r4, [sp], #4
  93              	.LCFI1:
  94              		.cfi_restore 4
  95              		.cfi_def_cfa_offset 0
  90:MCSDK_v6.3.2-Full/MotorControl/MCSDK/MCLib/Any/Src/r_divider_bus_voltage_sensor.c ****     pHandle->_Super.AvBusVoltage_d = aux;
  96              		.loc 1 90 32 view .LVU27
  97 0036 4360     		str	r3, [r0, #4]
  92:MCSDK_v6.3.2-Full/MotorControl/MCSDK/MCLib/Any/Src/r_divider_bus_voltage_sensor.c ****     pHandle->index = 0U;
  98              		.loc 1 92 5 is_stmt 1 view .LVU28
  92:MCSDK_v6.3.2-Full/MotorControl/MCSDK/MCLib/Any/Src/r_divider_bus_voltage_sensor.c ****     pHandle->index = 0U;
  99              		.loc 1 92 20 is_stmt 0 view .LVU29
 100 0038 4276     		strb	r2, [r0, #25]
 101              		.loc 1 96 1 view .LVU30
 102 003a 7047     		bx	lr
 103              		.cfi_endproc
 104              	.LFE1438:
 106              		.section	.text.RVBS_Init,"ax",%progbits
 107              		.align	1
 108              		.p2align 2,,3
 109              		.weak	RVBS_Init
 110              		.syntax unified
 111              		.thumb
 112              		.thumb_func
 113              		.fpu fpv4-sp-d16
 115              	RVBS_Init:
 116              	.LVL6:
 117              	.LFB1437:
  50:MCSDK_v6.3.2-Full/MotorControl/MCSDK/MCLib/Any/Src/r_divider_bus_voltage_sensor.c **** #ifdef NULL_PTR_CHECK_RDIV_BUS_VLT_SNS
 118              		.loc 1 50 1 is_stmt 1 view -0
 119              		.cfi_startproc
 120              		@ args = 0, pretend = 0, frame = 0
 121              		@ frame_needed = 0, uses_anonymous_args = 0
  60:MCSDK_v6.3.2-Full/MotorControl/MCSDK/MCLib/Any/Src/r_divider_bus_voltage_sensor.c **** #ifdef NULL_PTR_CHECK_RDIV_BUS_VLT_SNS
ARM GAS  /tmp/ccboaEXX.s 			page 5


 122              		.loc 1 60 5 view .LVU32
  50:MCSDK_v6.3.2-Full/MotorControl/MCSDK/MCLib/Any/Src/r_divider_bus_voltage_sensor.c **** #ifdef NULL_PTR_CHECK_RDIV_BUS_VLT_SNS
 123              		.loc 1 50 1 is_stmt 0 view .LVU33
 124 0000 08B5     		push	{r3, lr}
 125              	.LCFI2:
 126              		.cfi_def_cfa_offset 8
 127              		.cfi_offset 3, -8
 128              		.cfi_offset 14, -4
  60:MCSDK_v6.3.2-Full/MotorControl/MCSDK/MCLib/Any/Src/r_divider_bus_voltage_sensor.c **** #ifdef NULL_PTR_CHECK_RDIV_BUS_VLT_SNS
 129              		.loc 1 60 5 view .LVU34
 130 0002 FFF7FEFF 		bl	RVBS_Clear
 131              	.LVL7:
  64:MCSDK_v6.3.2-Full/MotorControl/MCSDK/MCLib/Any/Src/r_divider_bus_voltage_sensor.c **** 
 132              		.loc 1 64 1 view .LVU35
 133 0006 08BD     		pop	{r3, pc}
 134              		.cfi_endproc
 135              	.LFE1437:
 137              		.section	.text.RVBS_CheckFaultState,"ax",%progbits
 138              		.align	1
 139              		.p2align 2,,3
 140              		.weak	RVBS_CheckFaultState
 141              		.syntax unified
 142              		.thumb
 143              		.thumb_func
 144              		.fpu fpv4-sp-d16
 146              	RVBS_CheckFaultState:
 147              	.LVL8:
 148              	.LFB1440:
  97:MCSDK_v6.3.2-Full/MotorControl/MCSDK/MCLib/Any/Src/r_divider_bus_voltage_sensor.c **** 
  98:MCSDK_v6.3.2-Full/MotorControl/MCSDK/MCLib/Any/Src/r_divider_bus_voltage_sensor.c **** /**
  99:MCSDK_v6.3.2-Full/MotorControl/MCSDK/MCLib/Any/Src/r_divider_bus_voltage_sensor.c ****   * @brief  It actually performes the Vbus ADC conversion and updates averaged
 100:MCSDK_v6.3.2-Full/MotorControl/MCSDK/MCLib/Any/Src/r_divider_bus_voltage_sensor.c ****   *         value for all STM32 families except STM32F3 in u16Volt format.
 101:MCSDK_v6.3.2-Full/MotorControl/MCSDK/MCLib/Any/Src/r_divider_bus_voltage_sensor.c ****   * @param  pHandle related RDivider_Handle_t
 102:MCSDK_v6.3.2-Full/MotorControl/MCSDK/MCLib/Any/Src/r_divider_bus_voltage_sensor.c ****   * @retval uint16_t Fault code error
 103:MCSDK_v6.3.2-Full/MotorControl/MCSDK/MCLib/Any/Src/r_divider_bus_voltage_sensor.c ****   */
 104:MCSDK_v6.3.2-Full/MotorControl/MCSDK/MCLib/Any/Src/r_divider_bus_voltage_sensor.c **** __weak uint16_t RVBS_CalcAvVbus(RDivider_Handle_t *pHandle, uint16_t rawValue)
 105:MCSDK_v6.3.2-Full/MotorControl/MCSDK/MCLib/Any/Src/r_divider_bus_voltage_sensor.c **** {
 106:MCSDK_v6.3.2-Full/MotorControl/MCSDK/MCLib/Any/Src/r_divider_bus_voltage_sensor.c ****   uint16_t tempValue;
 107:MCSDK_v6.3.2-Full/MotorControl/MCSDK/MCLib/Any/Src/r_divider_bus_voltage_sensor.c **** #ifdef NULL_PTR_CHECK_RDIV_BUS_VLT_SNS
 108:MCSDK_v6.3.2-Full/MotorControl/MCSDK/MCLib/Any/Src/r_divider_bus_voltage_sensor.c ****   if (MC_NULL == pHandle)
 109:MCSDK_v6.3.2-Full/MotorControl/MCSDK/MCLib/Any/Src/r_divider_bus_voltage_sensor.c ****   {
 110:MCSDK_v6.3.2-Full/MotorControl/MCSDK/MCLib/Any/Src/r_divider_bus_voltage_sensor.c ****     tempValue = 0U;
 111:MCSDK_v6.3.2-Full/MotorControl/MCSDK/MCLib/Any/Src/r_divider_bus_voltage_sensor.c ****   }
 112:MCSDK_v6.3.2-Full/MotorControl/MCSDK/MCLib/Any/Src/r_divider_bus_voltage_sensor.c ****   else
 113:MCSDK_v6.3.2-Full/MotorControl/MCSDK/MCLib/Any/Src/r_divider_bus_voltage_sensor.c ****   {
 114:MCSDK_v6.3.2-Full/MotorControl/MCSDK/MCLib/Any/Src/r_divider_bus_voltage_sensor.c **** #endif
 115:MCSDK_v6.3.2-Full/MotorControl/MCSDK/MCLib/Any/Src/r_divider_bus_voltage_sensor.c ****     uint32_t wtemp;
 116:MCSDK_v6.3.2-Full/MotorControl/MCSDK/MCLib/Any/Src/r_divider_bus_voltage_sensor.c ****     uint16_t hAux;
 117:MCSDK_v6.3.2-Full/MotorControl/MCSDK/MCLib/Any/Src/r_divider_bus_voltage_sensor.c ****     uint8_t i;
 118:MCSDK_v6.3.2-Full/MotorControl/MCSDK/MCLib/Any/Src/r_divider_bus_voltage_sensor.c **** 
 119:MCSDK_v6.3.2-Full/MotorControl/MCSDK/MCLib/Any/Src/r_divider_bus_voltage_sensor.c ****     hAux = rawValue;
 120:MCSDK_v6.3.2-Full/MotorControl/MCSDK/MCLib/Any/Src/r_divider_bus_voltage_sensor.c **** 
 121:MCSDK_v6.3.2-Full/MotorControl/MCSDK/MCLib/Any/Src/r_divider_bus_voltage_sensor.c ****     if (0xFFFFU == hAux)
 122:MCSDK_v6.3.2-Full/MotorControl/MCSDK/MCLib/Any/Src/r_divider_bus_voltage_sensor.c ****     {
 123:MCSDK_v6.3.2-Full/MotorControl/MCSDK/MCLib/Any/Src/r_divider_bus_voltage_sensor.c ****       /* Nothing to do */
 124:MCSDK_v6.3.2-Full/MotorControl/MCSDK/MCLib/Any/Src/r_divider_bus_voltage_sensor.c ****     }
 125:MCSDK_v6.3.2-Full/MotorControl/MCSDK/MCLib/Any/Src/r_divider_bus_voltage_sensor.c ****     else
ARM GAS  /tmp/ccboaEXX.s 			page 6


 126:MCSDK_v6.3.2-Full/MotorControl/MCSDK/MCLib/Any/Src/r_divider_bus_voltage_sensor.c ****     {
 127:MCSDK_v6.3.2-Full/MotorControl/MCSDK/MCLib/Any/Src/r_divider_bus_voltage_sensor.c ****       /* Store latest value on buffer */
 128:MCSDK_v6.3.2-Full/MotorControl/MCSDK/MCLib/Any/Src/r_divider_bus_voltage_sensor.c ****       pHandle->aBuffer[pHandle->index] = hAux;
 129:MCSDK_v6.3.2-Full/MotorControl/MCSDK/MCLib/Any/Src/r_divider_bus_voltage_sensor.c ****       wtemp = 0u;
 130:MCSDK_v6.3.2-Full/MotorControl/MCSDK/MCLib/Any/Src/r_divider_bus_voltage_sensor.c ****       for (i = 0U; i < (uint8_t)pHandle->LowPassFilterBW; i++)
 131:MCSDK_v6.3.2-Full/MotorControl/MCSDK/MCLib/Any/Src/r_divider_bus_voltage_sensor.c ****       {
 132:MCSDK_v6.3.2-Full/MotorControl/MCSDK/MCLib/Any/Src/r_divider_bus_voltage_sensor.c ****         wtemp += pHandle->aBuffer[i];
 133:MCSDK_v6.3.2-Full/MotorControl/MCSDK/MCLib/Any/Src/r_divider_bus_voltage_sensor.c ****       }
 134:MCSDK_v6.3.2-Full/MotorControl/MCSDK/MCLib/Any/Src/r_divider_bus_voltage_sensor.c ****       wtemp /= pHandle->LowPassFilterBW;
 135:MCSDK_v6.3.2-Full/MotorControl/MCSDK/MCLib/Any/Src/r_divider_bus_voltage_sensor.c ****       /* Averaging done over the buffer stored values */
 136:MCSDK_v6.3.2-Full/MotorControl/MCSDK/MCLib/Any/Src/r_divider_bus_voltage_sensor.c ****       pHandle->_Super.AvBusVoltage_d = (uint16_t)wtemp;
 137:MCSDK_v6.3.2-Full/MotorControl/MCSDK/MCLib/Any/Src/r_divider_bus_voltage_sensor.c ****       pHandle->_Super.LatestConv = hAux;
 138:MCSDK_v6.3.2-Full/MotorControl/MCSDK/MCLib/Any/Src/r_divider_bus_voltage_sensor.c **** 
 139:MCSDK_v6.3.2-Full/MotorControl/MCSDK/MCLib/Any/Src/r_divider_bus_voltage_sensor.c ****       if ((uint16_t)pHandle->index < (pHandle->LowPassFilterBW - 1U))
 140:MCSDK_v6.3.2-Full/MotorControl/MCSDK/MCLib/Any/Src/r_divider_bus_voltage_sensor.c ****       {
 141:MCSDK_v6.3.2-Full/MotorControl/MCSDK/MCLib/Any/Src/r_divider_bus_voltage_sensor.c ****         pHandle->index++;
 142:MCSDK_v6.3.2-Full/MotorControl/MCSDK/MCLib/Any/Src/r_divider_bus_voltage_sensor.c ****       }
 143:MCSDK_v6.3.2-Full/MotorControl/MCSDK/MCLib/Any/Src/r_divider_bus_voltage_sensor.c ****       else
 144:MCSDK_v6.3.2-Full/MotorControl/MCSDK/MCLib/Any/Src/r_divider_bus_voltage_sensor.c ****       {
 145:MCSDK_v6.3.2-Full/MotorControl/MCSDK/MCLib/Any/Src/r_divider_bus_voltage_sensor.c ****         pHandle->index = 0U;
 146:MCSDK_v6.3.2-Full/MotorControl/MCSDK/MCLib/Any/Src/r_divider_bus_voltage_sensor.c ****       }
 147:MCSDK_v6.3.2-Full/MotorControl/MCSDK/MCLib/Any/Src/r_divider_bus_voltage_sensor.c ****     }
 148:MCSDK_v6.3.2-Full/MotorControl/MCSDK/MCLib/Any/Src/r_divider_bus_voltage_sensor.c **** 
 149:MCSDK_v6.3.2-Full/MotorControl/MCSDK/MCLib/Any/Src/r_divider_bus_voltage_sensor.c ****     pHandle->_Super.FaultState = RVBS_CheckFaultState(pHandle);
 150:MCSDK_v6.3.2-Full/MotorControl/MCSDK/MCLib/Any/Src/r_divider_bus_voltage_sensor.c ****     tempValue = pHandle->_Super.FaultState;
 151:MCSDK_v6.3.2-Full/MotorControl/MCSDK/MCLib/Any/Src/r_divider_bus_voltage_sensor.c **** #ifdef NULL_PTR_CHECK_RDIV_BUS_VLT_SNS
 152:MCSDK_v6.3.2-Full/MotorControl/MCSDK/MCLib/Any/Src/r_divider_bus_voltage_sensor.c ****   }
 153:MCSDK_v6.3.2-Full/MotorControl/MCSDK/MCLib/Any/Src/r_divider_bus_voltage_sensor.c **** #endif
 154:MCSDK_v6.3.2-Full/MotorControl/MCSDK/MCLib/Any/Src/r_divider_bus_voltage_sensor.c ****   return (tempValue);
 155:MCSDK_v6.3.2-Full/MotorControl/MCSDK/MCLib/Any/Src/r_divider_bus_voltage_sensor.c **** }
 156:MCSDK_v6.3.2-Full/MotorControl/MCSDK/MCLib/Any/Src/r_divider_bus_voltage_sensor.c **** 
 157:MCSDK_v6.3.2-Full/MotorControl/MCSDK/MCLib/Any/Src/r_divider_bus_voltage_sensor.c **** /**
 158:MCSDK_v6.3.2-Full/MotorControl/MCSDK/MCLib/Any/Src/r_divider_bus_voltage_sensor.c ****   * @brief  It returns #MC_OVER_VOLT, #MC_UNDER_VOLT or #MC_NO_ERROR depending on
 159:MCSDK_v6.3.2-Full/MotorControl/MCSDK/MCLib/Any/Src/r_divider_bus_voltage_sensor.c ****   *         bus voltage and protection threshold values
 160:MCSDK_v6.3.2-Full/MotorControl/MCSDK/MCLib/Any/Src/r_divider_bus_voltage_sensor.c ****   * @param  pHandle related RDivider_Handle_t
 161:MCSDK_v6.3.2-Full/MotorControl/MCSDK/MCLib/Any/Src/r_divider_bus_voltage_sensor.c ****   * @retval uint16_t Fault code error
 162:MCSDK_v6.3.2-Full/MotorControl/MCSDK/MCLib/Any/Src/r_divider_bus_voltage_sensor.c ****   */
 163:MCSDK_v6.3.2-Full/MotorControl/MCSDK/MCLib/Any/Src/r_divider_bus_voltage_sensor.c **** __weak uint16_t RVBS_CheckFaultState(RDivider_Handle_t *pHandle)
 164:MCSDK_v6.3.2-Full/MotorControl/MCSDK/MCLib/Any/Src/r_divider_bus_voltage_sensor.c **** {
 149              		.loc 1 164 1 is_stmt 1 view -0
 150              		.cfi_startproc
 151              		@ args = 0, pretend = 0, frame = 0
 152              		@ frame_needed = 0, uses_anonymous_args = 0
 153              		@ link register save eliminated.
 165:MCSDK_v6.3.2-Full/MotorControl/MCSDK/MCLib/Any/Src/r_divider_bus_voltage_sensor.c ****   uint16_t fault;
 154              		.loc 1 165 3 view .LVU37
 166:MCSDK_v6.3.2-Full/MotorControl/MCSDK/MCLib/Any/Src/r_divider_bus_voltage_sensor.c **** #ifdef NULL_PTR_CHECK_RDIV_BUS_VLT_SNS
 167:MCSDK_v6.3.2-Full/MotorControl/MCSDK/MCLib/Any/Src/r_divider_bus_voltage_sensor.c ****   if (MC_NULL == pHandle)
 168:MCSDK_v6.3.2-Full/MotorControl/MCSDK/MCLib/Any/Src/r_divider_bus_voltage_sensor.c ****   {
 169:MCSDK_v6.3.2-Full/MotorControl/MCSDK/MCLib/Any/Src/r_divider_bus_voltage_sensor.c ****     fault = MC_SW_ERROR;
 170:MCSDK_v6.3.2-Full/MotorControl/MCSDK/MCLib/Any/Src/r_divider_bus_voltage_sensor.c ****   }
 171:MCSDK_v6.3.2-Full/MotorControl/MCSDK/MCLib/Any/Src/r_divider_bus_voltage_sensor.c ****   else
 172:MCSDK_v6.3.2-Full/MotorControl/MCSDK/MCLib/Any/Src/r_divider_bus_voltage_sensor.c ****   {
 173:MCSDK_v6.3.2-Full/MotorControl/MCSDK/MCLib/Any/Src/r_divider_bus_voltage_sensor.c **** #endif
 174:MCSDK_v6.3.2-Full/MotorControl/MCSDK/MCLib/Any/Src/r_divider_bus_voltage_sensor.c **** 	/* If both thresholds are equal, single threshold feature is used */
 175:MCSDK_v6.3.2-Full/MotorControl/MCSDK/MCLib/Any/Src/r_divider_bus_voltage_sensor.c **** 	if (pHandle->OverVoltageThreshold == pHandle->OverVoltageThresholdLow)
 155              		.loc 1 175 2 view .LVU38
ARM GAS  /tmp/ccboaEXX.s 			page 7


 156              		.loc 1 175 13 is_stmt 0 view .LVU39
 157 0000 8289     		ldrh	r2, [r0, #12]
 158              		.loc 1 175 46 view .LVU40
 159 0002 C189     		ldrh	r1, [r0, #14]
 160              		.loc 1 175 5 view .LVU41
 161 0004 8A42     		cmp	r2, r1
 162 0006 0ED0     		beq	.L21
 176:MCSDK_v6.3.2-Full/MotorControl/MCSDK/MCLib/Any/Src/r_divider_bus_voltage_sensor.c **** 	{
 177:MCSDK_v6.3.2-Full/MotorControl/MCSDK/MCLib/Any/Src/r_divider_bus_voltage_sensor.c ****       if (pHandle->_Super.AvBusVoltage_d > pHandle->OverVoltageThreshold)
 178:MCSDK_v6.3.2-Full/MotorControl/MCSDK/MCLib/Any/Src/r_divider_bus_voltage_sensor.c ****       {
 179:MCSDK_v6.3.2-Full/MotorControl/MCSDK/MCLib/Any/Src/r_divider_bus_voltage_sensor.c ****         fault = MC_OVER_VOLT;
 180:MCSDK_v6.3.2-Full/MotorControl/MCSDK/MCLib/Any/Src/r_divider_bus_voltage_sensor.c ****       }
 181:MCSDK_v6.3.2-Full/MotorControl/MCSDK/MCLib/Any/Src/r_divider_bus_voltage_sensor.c ****       else if (pHandle->_Super.AvBusVoltage_d < pHandle->UnderVoltageThreshold)
 182:MCSDK_v6.3.2-Full/MotorControl/MCSDK/MCLib/Any/Src/r_divider_bus_voltage_sensor.c ****       {
 183:MCSDK_v6.3.2-Full/MotorControl/MCSDK/MCLib/Any/Src/r_divider_bus_voltage_sensor.c ****         fault = MC_UNDER_VOLT;
 184:MCSDK_v6.3.2-Full/MotorControl/MCSDK/MCLib/Any/Src/r_divider_bus_voltage_sensor.c ****       }
 185:MCSDK_v6.3.2-Full/MotorControl/MCSDK/MCLib/Any/Src/r_divider_bus_voltage_sensor.c ****       else
 186:MCSDK_v6.3.2-Full/MotorControl/MCSDK/MCLib/Any/Src/r_divider_bus_voltage_sensor.c ****       {
 187:MCSDK_v6.3.2-Full/MotorControl/MCSDK/MCLib/Any/Src/r_divider_bus_voltage_sensor.c ****         fault = MC_NO_ERROR;
 188:MCSDK_v6.3.2-Full/MotorControl/MCSDK/MCLib/Any/Src/r_divider_bus_voltage_sensor.c ****       }
 189:MCSDK_v6.3.2-Full/MotorControl/MCSDK/MCLib/Any/Src/r_divider_bus_voltage_sensor.c **** 	}
 190:MCSDK_v6.3.2-Full/MotorControl/MCSDK/MCLib/Any/Src/r_divider_bus_voltage_sensor.c ****     else
 191:MCSDK_v6.3.2-Full/MotorControl/MCSDK/MCLib/Any/Src/r_divider_bus_voltage_sensor.c ****     {
 192:MCSDK_v6.3.2-Full/MotorControl/MCSDK/MCLib/Any/Src/r_divider_bus_voltage_sensor.c ****       /* If both thresholds are different, hysteresis feature is used (Brake mode) */
 193:MCSDK_v6.3.2-Full/MotorControl/MCSDK/MCLib/Any/Src/r_divider_bus_voltage_sensor.c ****       if (pHandle->_Super.AvBusVoltage_d < pHandle->UnderVoltageThreshold)
 163              		.loc 1 193 7 is_stmt 1 view .LVU42
 164              		.loc 1 193 26 is_stmt 0 view .LVU43
 165 0008 B0F806C0 		ldrh	ip, [r0, #6]
 166              		.loc 1 193 10 view .LVU44
 167 000c 438A     		ldrh	r3, [r0, #18]
 168 000e 6345     		cmp	r3, ip
 169 0010 07D8     		bhi	.L18
 194:MCSDK_v6.3.2-Full/MotorControl/MCSDK/MCLib/Any/Src/r_divider_bus_voltage_sensor.c ****       {
 195:MCSDK_v6.3.2-Full/MotorControl/MCSDK/MCLib/Any/Src/r_divider_bus_voltage_sensor.c ****         fault = MC_UNDER_VOLT;
 196:MCSDK_v6.3.2-Full/MotorControl/MCSDK/MCLib/Any/Src/r_divider_bus_voltage_sensor.c ****       }
 197:MCSDK_v6.3.2-Full/MotorControl/MCSDK/MCLib/Any/Src/r_divider_bus_voltage_sensor.c ****       else if ( false == pHandle->OverVoltageHysteresisUpDir )
 170              		.loc 1 197 12 is_stmt 1 view .LVU45
 171              		.loc 1 197 15 is_stmt 0 view .LVU46
 172 0012 037C     		ldrb	r3, [r0, #16]	@ zero_extendqisi2
 173 0014 83B9     		cbnz	r3, .L15
 198:MCSDK_v6.3.2-Full/MotorControl/MCSDK/MCLib/Any/Src/r_divider_bus_voltage_sensor.c ****       {
 199:MCSDK_v6.3.2-Full/MotorControl/MCSDK/MCLib/Any/Src/r_divider_bus_voltage_sensor.c ****         if (pHandle->_Super.AvBusVoltage_d < pHandle->OverVoltageThresholdLow)
 174              		.loc 1 199 9 is_stmt 1 view .LVU47
 175              		.loc 1 199 12 is_stmt 0 view .LVU48
 176 0016 6145     		cmp	r1, ip
 177 0018 12D9     		bls	.L19
 200:MCSDK_v6.3.2-Full/MotorControl/MCSDK/MCLib/Any/Src/r_divider_bus_voltage_sensor.c ****         {
 201:MCSDK_v6.3.2-Full/MotorControl/MCSDK/MCLib/Any/Src/r_divider_bus_voltage_sensor.c ****           pHandle->OverVoltageHysteresisUpDir = true;
 178              		.loc 1 201 11 is_stmt 1 view .LVU49
 179              		.loc 1 201 47 is_stmt 0 view .LVU50
 180 001a 0122     		movs	r2, #1
 181 001c 0274     		strb	r2, [r0, #16]
 202:MCSDK_v6.3.2-Full/MotorControl/MCSDK/MCLib/Any/Src/r_divider_bus_voltage_sensor.c ****           fault = MC_NO_ERROR;
 182              		.loc 1 202 11 is_stmt 1 view .LVU51
 183              	.LVL9:
 184              		.loc 1 202 17 is_stmt 0 view .LVU52
 185 001e 1846     		mov	r0, r3
ARM GAS  /tmp/ccboaEXX.s 			page 8


 186              	.LVL10:
 187              		.loc 1 202 17 view .LVU53
 188 0020 7047     		bx	lr
 189              	.LVL11:
 190              	.L18:
 183:MCSDK_v6.3.2-Full/MotorControl/MCSDK/MCLib/Any/Src/r_divider_bus_voltage_sensor.c ****       }
 191              		.loc 1 183 15 view .LVU54
 192 0022 0420     		movs	r0, #4
 193              	.LVL12:
 183:MCSDK_v6.3.2-Full/MotorControl/MCSDK/MCLib/Any/Src/r_divider_bus_voltage_sensor.c ****       }
 194              		.loc 1 183 15 view .LVU55
 195 0024 7047     		bx	lr
 196              	.LVL13:
 197              	.L21:
 177:MCSDK_v6.3.2-Full/MotorControl/MCSDK/MCLib/Any/Src/r_divider_bus_voltage_sensor.c ****       {
 198              		.loc 1 177 7 is_stmt 1 view .LVU56
 177:MCSDK_v6.3.2-Full/MotorControl/MCSDK/MCLib/Any/Src/r_divider_bus_voltage_sensor.c ****       {
 199              		.loc 1 177 26 is_stmt 0 view .LVU57
 200 0026 C388     		ldrh	r3, [r0, #6]
 177:MCSDK_v6.3.2-Full/MotorControl/MCSDK/MCLib/Any/Src/r_divider_bus_voltage_sensor.c ****       {
 201              		.loc 1 177 10 view .LVU58
 202 0028 9A42     		cmp	r2, r3
 203 002a 09D3     		bcc	.L19
 181:MCSDK_v6.3.2-Full/MotorControl/MCSDK/MCLib/Any/Src/r_divider_bus_voltage_sensor.c ****       {
 204              		.loc 1 181 12 is_stmt 1 view .LVU59
 181:MCSDK_v6.3.2-Full/MotorControl/MCSDK/MCLib/Any/Src/r_divider_bus_voltage_sensor.c ****       {
 205              		.loc 1 181 15 is_stmt 0 view .LVU60
 206 002c 408A     		ldrh	r0, [r0, #18]
 207              	.LVL14:
 183:MCSDK_v6.3.2-Full/MotorControl/MCSDK/MCLib/Any/Src/r_divider_bus_voltage_sensor.c ****       }
 208              		.loc 1 183 15 view .LVU61
 209 002e 9842     		cmp	r0, r3
 210 0030 8CBF     		ite	hi
 211 0032 0420     		movhi	r0, #4
 212 0034 0020     		movls	r0, #0
 213 0036 7047     		bx	lr
 214              	.LVL15:
 215              	.L15:
 203:MCSDK_v6.3.2-Full/MotorControl/MCSDK/MCLib/Any/Src/r_divider_bus_voltage_sensor.c ****         }
 204:MCSDK_v6.3.2-Full/MotorControl/MCSDK/MCLib/Any/Src/r_divider_bus_voltage_sensor.c ****         else{
 205:MCSDK_v6.3.2-Full/MotorControl/MCSDK/MCLib/Any/Src/r_divider_bus_voltage_sensor.c ****           fault = MC_OVER_VOLT;
 206:MCSDK_v6.3.2-Full/MotorControl/MCSDK/MCLib/Any/Src/r_divider_bus_voltage_sensor.c ****         }
 207:MCSDK_v6.3.2-Full/MotorControl/MCSDK/MCLib/Any/Src/r_divider_bus_voltage_sensor.c ****       }
 208:MCSDK_v6.3.2-Full/MotorControl/MCSDK/MCLib/Any/Src/r_divider_bus_voltage_sensor.c ****       else
 209:MCSDK_v6.3.2-Full/MotorControl/MCSDK/MCLib/Any/Src/r_divider_bus_voltage_sensor.c ****       {
 210:MCSDK_v6.3.2-Full/MotorControl/MCSDK/MCLib/Any/Src/r_divider_bus_voltage_sensor.c ****         if (pHandle->_Super.AvBusVoltage_d > pHandle->OverVoltageThreshold)
 216              		.loc 1 210 9 is_stmt 1 view .LVU62
 217              		.loc 1 210 12 is_stmt 0 view .LVU63
 218 0038 6245     		cmp	r2, ip
 219 003a 03D3     		bcc	.L22
 187:MCSDK_v6.3.2-Full/MotorControl/MCSDK/MCLib/Any/Src/r_divider_bus_voltage_sensor.c ****       }
 220              		.loc 1 187 15 view .LVU64
 221 003c 0020     		movs	r0, #0
 222              	.LVL16:
 211:MCSDK_v6.3.2-Full/MotorControl/MCSDK/MCLib/Any/Src/r_divider_bus_voltage_sensor.c ****         {
 212:MCSDK_v6.3.2-Full/MotorControl/MCSDK/MCLib/Any/Src/r_divider_bus_voltage_sensor.c ****           pHandle->OverVoltageHysteresisUpDir = false;
 213:MCSDK_v6.3.2-Full/MotorControl/MCSDK/MCLib/Any/Src/r_divider_bus_voltage_sensor.c ****           fault = MC_OVER_VOLT;
ARM GAS  /tmp/ccboaEXX.s 			page 9


 214:MCSDK_v6.3.2-Full/MotorControl/MCSDK/MCLib/Any/Src/r_divider_bus_voltage_sensor.c ****         }
 215:MCSDK_v6.3.2-Full/MotorControl/MCSDK/MCLib/Any/Src/r_divider_bus_voltage_sensor.c ****         else{
 216:MCSDK_v6.3.2-Full/MotorControl/MCSDK/MCLib/Any/Src/r_divider_bus_voltage_sensor.c ****           fault = MC_NO_ERROR;
 217:MCSDK_v6.3.2-Full/MotorControl/MCSDK/MCLib/Any/Src/r_divider_bus_voltage_sensor.c ****         }
 218:MCSDK_v6.3.2-Full/MotorControl/MCSDK/MCLib/Any/Src/r_divider_bus_voltage_sensor.c ****       }
 219:MCSDK_v6.3.2-Full/MotorControl/MCSDK/MCLib/Any/Src/r_divider_bus_voltage_sensor.c ****     }
 220:MCSDK_v6.3.2-Full/MotorControl/MCSDK/MCLib/Any/Src/r_divider_bus_voltage_sensor.c **** #ifdef NULL_PTR_CHECK_RDIV_BUS_VLT_SNS
 221:MCSDK_v6.3.2-Full/MotorControl/MCSDK/MCLib/Any/Src/r_divider_bus_voltage_sensor.c ****   }
 222:MCSDK_v6.3.2-Full/MotorControl/MCSDK/MCLib/Any/Src/r_divider_bus_voltage_sensor.c **** #endif
 223:MCSDK_v6.3.2-Full/MotorControl/MCSDK/MCLib/Any/Src/r_divider_bus_voltage_sensor.c ****   return (fault);
 223              		.loc 1 223 3 is_stmt 1 view .LVU65
 224:MCSDK_v6.3.2-Full/MotorControl/MCSDK/MCLib/Any/Src/r_divider_bus_voltage_sensor.c **** }
 224              		.loc 1 224 1 is_stmt 0 view .LVU66
 225 003e 7047     		bx	lr
 226              	.LVL17:
 227              	.L19:
 179:MCSDK_v6.3.2-Full/MotorControl/MCSDK/MCLib/Any/Src/r_divider_bus_voltage_sensor.c ****       }
 228              		.loc 1 179 15 view .LVU67
 229 0040 0220     		movs	r0, #2
 230              	.LVL18:
 179:MCSDK_v6.3.2-Full/MotorControl/MCSDK/MCLib/Any/Src/r_divider_bus_voltage_sensor.c ****       }
 231              		.loc 1 179 15 view .LVU68
 232 0042 7047     		bx	lr
 233              	.LVL19:
 234              	.L22:
 212:MCSDK_v6.3.2-Full/MotorControl/MCSDK/MCLib/Any/Src/r_divider_bus_voltage_sensor.c ****           fault = MC_OVER_VOLT;
 235              		.loc 1 212 11 is_stmt 1 view .LVU69
 212:MCSDK_v6.3.2-Full/MotorControl/MCSDK/MCLib/Any/Src/r_divider_bus_voltage_sensor.c ****           fault = MC_OVER_VOLT;
 236              		.loc 1 212 47 is_stmt 0 view .LVU70
 237 0044 0023     		movs	r3, #0
 238 0046 0374     		strb	r3, [r0, #16]
 213:MCSDK_v6.3.2-Full/MotorControl/MCSDK/MCLib/Any/Src/r_divider_bus_voltage_sensor.c ****         }
 239              		.loc 1 213 11 is_stmt 1 view .LVU71
 240              	.LVL20:
 213:MCSDK_v6.3.2-Full/MotorControl/MCSDK/MCLib/Any/Src/r_divider_bus_voltage_sensor.c ****         }
 241              		.loc 1 213 17 is_stmt 0 view .LVU72
 242 0048 0220     		movs	r0, #2
 243              	.LVL21:
 213:MCSDK_v6.3.2-Full/MotorControl/MCSDK/MCLib/Any/Src/r_divider_bus_voltage_sensor.c ****         }
 244              		.loc 1 213 17 view .LVU73
 245 004a 7047     		bx	lr
 246              		.cfi_endproc
 247              	.LFE1440:
 249              		.section	.text.RVBS_CalcAvVbus,"ax",%progbits
 250              		.align	1
 251              		.p2align 2,,3
 252              		.weak	RVBS_CalcAvVbus
 253              		.syntax unified
 254              		.thumb
 255              		.thumb_func
 256              		.fpu fpv4-sp-d16
 258              	RVBS_CalcAvVbus:
 259              	.LVL22:
 260              	.LFB1439:
 105:MCSDK_v6.3.2-Full/MotorControl/MCSDK/MCLib/Any/Src/r_divider_bus_voltage_sensor.c ****   uint16_t tempValue;
 261              		.loc 1 105 1 is_stmt 1 view -0
 262              		.cfi_startproc
ARM GAS  /tmp/ccboaEXX.s 			page 10


 263              		@ args = 0, pretend = 0, frame = 0
 264              		@ frame_needed = 0, uses_anonymous_args = 0
 106:MCSDK_v6.3.2-Full/MotorControl/MCSDK/MCLib/Any/Src/r_divider_bus_voltage_sensor.c **** #ifdef NULL_PTR_CHECK_RDIV_BUS_VLT_SNS
 265              		.loc 1 106 3 view .LVU75
 115:MCSDK_v6.3.2-Full/MotorControl/MCSDK/MCLib/Any/Src/r_divider_bus_voltage_sensor.c ****     uint16_t hAux;
 266              		.loc 1 115 5 view .LVU76
 116:MCSDK_v6.3.2-Full/MotorControl/MCSDK/MCLib/Any/Src/r_divider_bus_voltage_sensor.c ****     uint8_t i;
 267              		.loc 1 116 5 view .LVU77
 117:MCSDK_v6.3.2-Full/MotorControl/MCSDK/MCLib/Any/Src/r_divider_bus_voltage_sensor.c **** 
 268              		.loc 1 117 5 view .LVU78
 119:MCSDK_v6.3.2-Full/MotorControl/MCSDK/MCLib/Any/Src/r_divider_bus_voltage_sensor.c **** 
 269              		.loc 1 119 5 view .LVU79
 121:MCSDK_v6.3.2-Full/MotorControl/MCSDK/MCLib/Any/Src/r_divider_bus_voltage_sensor.c ****     {
 270              		.loc 1 121 5 view .LVU80
 105:MCSDK_v6.3.2-Full/MotorControl/MCSDK/MCLib/Any/Src/r_divider_bus_voltage_sensor.c ****   uint16_t tempValue;
 271              		.loc 1 105 1 is_stmt 0 view .LVU81
 272 0000 38B5     		push	{r3, r4, r5, lr}
 273              	.LCFI3:
 274              		.cfi_def_cfa_offset 16
 275              		.cfi_offset 3, -16
 276              		.cfi_offset 4, -12
 277              		.cfi_offset 5, -8
 278              		.cfi_offset 14, -4
 121:MCSDK_v6.3.2-Full/MotorControl/MCSDK/MCLib/Any/Src/r_divider_bus_voltage_sensor.c ****     {
 279              		.loc 1 121 8 view .LVU82
 280 0002 4FF6FF73 		movw	r3, #65535
 281 0006 9942     		cmp	r1, r3
 105:MCSDK_v6.3.2-Full/MotorControl/MCSDK/MCLib/Any/Src/r_divider_bus_voltage_sensor.c ****   uint16_t tempValue;
 282              		.loc 1 105 1 view .LVU83
 283 0008 0446     		mov	r4, r0
 121:MCSDK_v6.3.2-Full/MotorControl/MCSDK/MCLib/Any/Src/r_divider_bus_voltage_sensor.c ****     {
 284              		.loc 1 121 8 view .LVU84
 285 000a 21D0     		beq	.L24
 128:MCSDK_v6.3.2-Full/MotorControl/MCSDK/MCLib/Any/Src/r_divider_bus_voltage_sensor.c ****       wtemp = 0u;
 286              		.loc 1 128 7 is_stmt 1 view .LVU85
 128:MCSDK_v6.3.2-Full/MotorControl/MCSDK/MCLib/Any/Src/r_divider_bus_voltage_sensor.c ****       wtemp = 0u;
 287              		.loc 1 128 14 is_stmt 0 view .LVU86
 288 000c 4369     		ldr	r3, [r0, #20]
 128:MCSDK_v6.3.2-Full/MotorControl/MCSDK/MCLib/Any/Src/r_divider_bus_voltage_sensor.c ****       wtemp = 0u;
 289              		.loc 1 128 31 view .LVU87
 290 000e 457E     		ldrb	r5, [r0, #25]	@ zero_extendqisi2
 128:MCSDK_v6.3.2-Full/MotorControl/MCSDK/MCLib/Any/Src/r_divider_bus_voltage_sensor.c ****       wtemp = 0u;
 291              		.loc 1 128 40 view .LVU88
 292 0010 23F81510 		strh	r1, [r3, r5, lsl #1]	@ movhi
 129:MCSDK_v6.3.2-Full/MotorControl/MCSDK/MCLib/Any/Src/r_divider_bus_voltage_sensor.c ****       for (i = 0U; i < (uint8_t)pHandle->LowPassFilterBW; i++)
 293              		.loc 1 129 7 is_stmt 1 view .LVU89
 294              	.LVL23:
 130:MCSDK_v6.3.2-Full/MotorControl/MCSDK/MCLib/Any/Src/r_divider_bus_voltage_sensor.c ****       {
 295              		.loc 1 130 7 view .LVU90
 130:MCSDK_v6.3.2-Full/MotorControl/MCSDK/MCLib/Any/Src/r_divider_bus_voltage_sensor.c ****       {
 296              		.loc 1 130 20 view .LVU91
 130:MCSDK_v6.3.2-Full/MotorControl/MCSDK/MCLib/Any/Src/r_divider_bus_voltage_sensor.c ****       {
 297              		.loc 1 130 40 is_stmt 0 view .LVU92
 298 0014 B0F80AE0 		ldrh	lr, [r0, #10]
 130:MCSDK_v6.3.2-Full/MotorControl/MCSDK/MCLib/Any/Src/r_divider_bus_voltage_sensor.c ****       {
 299              		.loc 1 130 7 view .LVU93
 300 0018 1EF0FF02 		ands	r2, lr, #255
ARM GAS  /tmp/ccboaEXX.s 			page 11


 301 001c 0DD0     		beq	.L27
 302 001e 013A     		subs	r2, r2, #1
 303 0020 D2B2     		uxtb	r2, r2
 304 0022 03EB4200 		add	r0, r3, r2, lsl #1
 305              	.LVL24:
 130:MCSDK_v6.3.2-Full/MotorControl/MCSDK/MCLib/Any/Src/r_divider_bus_voltage_sensor.c ****       {
 306              		.loc 1 130 7 view .LVU94
 307 0026 023B     		subs	r3, r3, #2
 129:MCSDK_v6.3.2-Full/MotorControl/MCSDK/MCLib/Any/Src/r_divider_bus_voltage_sensor.c ****       for (i = 0U; i < (uint8_t)pHandle->LowPassFilterBW; i++)
 308              		.loc 1 129 13 view .LVU95
 309 0028 0022     		movs	r2, #0
 310              	.LVL25:
 311              	.L26:
 132:MCSDK_v6.3.2-Full/MotorControl/MCSDK/MCLib/Any/Src/r_divider_bus_voltage_sensor.c ****       }
 312              		.loc 1 132 9 is_stmt 1 discriminator 3 view .LVU96
 132:MCSDK_v6.3.2-Full/MotorControl/MCSDK/MCLib/Any/Src/r_divider_bus_voltage_sensor.c ****       }
 313              		.loc 1 132 34 is_stmt 0 discriminator 3 view .LVU97
 314 002a 33F802CF 		ldrh	ip, [r3, #2]!
 315              	.LVL26:
 130:MCSDK_v6.3.2-Full/MotorControl/MCSDK/MCLib/Any/Src/r_divider_bus_voltage_sensor.c ****       {
 316              		.loc 1 130 7 discriminator 3 view .LVU98
 317 002e 9842     		cmp	r0, r3
 132:MCSDK_v6.3.2-Full/MotorControl/MCSDK/MCLib/Any/Src/r_divider_bus_voltage_sensor.c ****       }
 318              		.loc 1 132 15 discriminator 3 view .LVU99
 319 0030 6244     		add	r2, r2, ip
 320              	.LVL27:
 130:MCSDK_v6.3.2-Full/MotorControl/MCSDK/MCLib/Any/Src/r_divider_bus_voltage_sensor.c ****       {
 321              		.loc 1 130 59 is_stmt 1 discriminator 3 view .LVU100
 130:MCSDK_v6.3.2-Full/MotorControl/MCSDK/MCLib/Any/Src/r_divider_bus_voltage_sensor.c ****       {
 322              		.loc 1 130 20 discriminator 3 view .LVU101
 130:MCSDK_v6.3.2-Full/MotorControl/MCSDK/MCLib/Any/Src/r_divider_bus_voltage_sensor.c ****       {
 323              		.loc 1 130 7 is_stmt 0 discriminator 3 view .LVU102
 324 0032 FAD1     		bne	.L26
 134:MCSDK_v6.3.2-Full/MotorControl/MCSDK/MCLib/Any/Src/r_divider_bus_voltage_sensor.c ****       /* Averaging done over the buffer stored values */
 325              		.loc 1 134 13 view .LVU103
 326 0034 B2FBFEF2 		udiv	r2, r2, lr
 327              	.LVL28:
 136:MCSDK_v6.3.2-Full/MotorControl/MCSDK/MCLib/Any/Src/r_divider_bus_voltage_sensor.c ****       pHandle->_Super.LatestConv = hAux;
 328              		.loc 1 136 40 view .LVU104
 329 0038 92B2     		uxth	r2, r2
 330              	.LVL29:
 331              	.L27:
 134:MCSDK_v6.3.2-Full/MotorControl/MCSDK/MCLib/Any/Src/r_divider_bus_voltage_sensor.c ****       /* Averaging done over the buffer stored values */
 332              		.loc 1 134 7 is_stmt 1 view .LVU105
 136:MCSDK_v6.3.2-Full/MotorControl/MCSDK/MCLib/Any/Src/r_divider_bus_voltage_sensor.c ****       pHandle->_Super.LatestConv = hAux;
 333              		.loc 1 136 7 view .LVU106
 139:MCSDK_v6.3.2-Full/MotorControl/MCSDK/MCLib/Any/Src/r_divider_bus_voltage_sensor.c ****       {
 334              		.loc 1 139 64 is_stmt 0 view .LVU107
 335 003a 0EF1FF3E 		add	lr, lr, #-1
 139:MCSDK_v6.3.2-Full/MotorControl/MCSDK/MCLib/Any/Src/r_divider_bus_voltage_sensor.c ****       {
 336              		.loc 1 139 10 view .LVU108
 337 003e 7545     		cmp	r5, lr
 141:MCSDK_v6.3.2-Full/MotorControl/MCSDK/MCLib/Any/Src/r_divider_bus_voltage_sensor.c ****       }
 338              		.loc 1 141 23 view .LVU109
 339 0040 34BF     		ite	cc
 340 0042 0135     		addcc	r5, r5, #1
 145:MCSDK_v6.3.2-Full/MotorControl/MCSDK/MCLib/Any/Src/r_divider_bus_voltage_sensor.c ****       }
ARM GAS  /tmp/ccboaEXX.s 			page 12


 341              		.loc 1 145 24 view .LVU110
 342 0044 0023     		movcs	r3, #0
 136:MCSDK_v6.3.2-Full/MotorControl/MCSDK/MCLib/Any/Src/r_divider_bus_voltage_sensor.c ****       pHandle->_Super.LatestConv = hAux;
 343              		.loc 1 136 38 view .LVU111
 344 0046 E280     		strh	r2, [r4, #6]	@ movhi
 137:MCSDK_v6.3.2-Full/MotorControl/MCSDK/MCLib/Any/Src/r_divider_bus_voltage_sensor.c **** 
 345              		.loc 1 137 7 is_stmt 1 view .LVU112
 137:MCSDK_v6.3.2-Full/MotorControl/MCSDK/MCLib/Any/Src/r_divider_bus_voltage_sensor.c **** 
 346              		.loc 1 137 34 is_stmt 0 view .LVU113
 347 0048 A180     		strh	r1, [r4, #4]	@ movhi
 139:MCSDK_v6.3.2-Full/MotorControl/MCSDK/MCLib/Any/Src/r_divider_bus_voltage_sensor.c ****       {
 348              		.loc 1 139 7 is_stmt 1 view .LVU114
 141:MCSDK_v6.3.2-Full/MotorControl/MCSDK/MCLib/Any/Src/r_divider_bus_voltage_sensor.c ****       }
 349              		.loc 1 141 9 view .LVU115
 141:MCSDK_v6.3.2-Full/MotorControl/MCSDK/MCLib/Any/Src/r_divider_bus_voltage_sensor.c ****       }
 350              		.loc 1 141 23 is_stmt 0 view .LVU116
 351 004a 34BF     		ite	cc
 352 004c 6576     		strbcc	r5, [r4, #25]
 145:MCSDK_v6.3.2-Full/MotorControl/MCSDK/MCLib/Any/Src/r_divider_bus_voltage_sensor.c ****       }
 353              		.loc 1 145 9 is_stmt 1 view .LVU117
 145:MCSDK_v6.3.2-Full/MotorControl/MCSDK/MCLib/Any/Src/r_divider_bus_voltage_sensor.c ****       }
 354              		.loc 1 145 24 is_stmt 0 view .LVU118
 355 004e 6376     		strbcs	r3, [r4, #25]
 356              	.L24:
 149:MCSDK_v6.3.2-Full/MotorControl/MCSDK/MCLib/Any/Src/r_divider_bus_voltage_sensor.c ****     tempValue = pHandle->_Super.FaultState;
 357              		.loc 1 149 5 is_stmt 1 view .LVU119
 149:MCSDK_v6.3.2-Full/MotorControl/MCSDK/MCLib/Any/Src/r_divider_bus_voltage_sensor.c ****     tempValue = pHandle->_Super.FaultState;
 358              		.loc 1 149 34 is_stmt 0 view .LVU120
 359 0050 2046     		mov	r0, r4
 360 0052 FFF7FEFF 		bl	RVBS_CheckFaultState
 361              	.LVL30:
 149:MCSDK_v6.3.2-Full/MotorControl/MCSDK/MCLib/Any/Src/r_divider_bus_voltage_sensor.c ****     tempValue = pHandle->_Super.FaultState;
 362              		.loc 1 149 32 view .LVU121
 363 0056 2081     		strh	r0, [r4, #8]	@ movhi
 150:MCSDK_v6.3.2-Full/MotorControl/MCSDK/MCLib/Any/Src/r_divider_bus_voltage_sensor.c **** #ifdef NULL_PTR_CHECK_RDIV_BUS_VLT_SNS
 364              		.loc 1 150 5 is_stmt 1 view .LVU122
 365              	.LVL31:
 154:MCSDK_v6.3.2-Full/MotorControl/MCSDK/MCLib/Any/Src/r_divider_bus_voltage_sensor.c **** }
 366              		.loc 1 154 3 view .LVU123
 155:MCSDK_v6.3.2-Full/MotorControl/MCSDK/MCLib/Any/Src/r_divider_bus_voltage_sensor.c **** 
 367              		.loc 1 155 1 is_stmt 0 view .LVU124
 368 0058 38BD     		pop	{r3, r4, r5, pc}
 155:MCSDK_v6.3.2-Full/MotorControl/MCSDK/MCLib/Any/Src/r_divider_bus_voltage_sensor.c **** 
 369              		.loc 1 155 1 view .LVU125
 370              		.cfi_endproc
 371              	.LFE1439:
 373 005a 00BF     		.text
 374              	.Letext0:
 375              		.file 2 "/usr/share/gcc-arm-none-eabi-10-2020-q4-major/arm-none-eabi/include/machine/_default_type
 376              		.file 3 "/usr/share/gcc-arm-none-eabi-10-2020-q4-major/arm-none-eabi/include/sys/_stdint.h"
 377              		.file 4 "Drivers/STM32G4xx_HAL_Driver/Inc/stm32g4xx_ll_tim.h"
 378              		.file 5 "Drivers/STM32G4xx_HAL_Driver/Inc/stm32g4xx_ll_usart.h"
 379              		.file 6 "Drivers/STM32G4xx_HAL_Driver/Inc/stm32g4xx_ll_dma.h"
 380              		.file 7 "Inc/mc_type.h"
 381              		.file 8 "MCSDK_v6.3.2-Full/MotorControl/MCSDK/MCLib/Any/Inc/bus_voltage_sensor.h"
 382              		.file 9 "MCSDK_v6.3.2-Full/MotorControl/MCSDK/MCLib/Any/Inc/r_divider_bus_voltage_sensor.h"
ARM GAS  /tmp/ccboaEXX.s 			page 13


DEFINED SYMBOLS
                            *ABS*:0000000000000000 r_divider_bus_voltage_sensor.c
     /tmp/ccboaEXX.s:18     .text.RVBS_Clear:0000000000000000 $t
     /tmp/ccboaEXX.s:27     .text.RVBS_Clear:0000000000000000 RVBS_Clear
     /tmp/ccboaEXX.s:107    .text.RVBS_Init:0000000000000000 $t
     /tmp/ccboaEXX.s:115    .text.RVBS_Init:0000000000000000 RVBS_Init
     /tmp/ccboaEXX.s:138    .text.RVBS_CheckFaultState:0000000000000000 $t
     /tmp/ccboaEXX.s:146    .text.RVBS_CheckFaultState:0000000000000000 RVBS_CheckFaultState
     /tmp/ccboaEXX.s:250    .text.RVBS_CalcAvVbus:0000000000000000 $t
     /tmp/ccboaEXX.s:258    .text.RVBS_CalcAvVbus:0000000000000000 RVBS_CalcAvVbus

NO UNDEFINED SYMBOLS
