ARM GAS  /tmp/ccHQj0JL.s 			page 1


   1              		.cpu cortex-m4
   2              		.eabi_attribute 27, 1
   3              		.eabi_attribute 28, 1
   4              		.eabi_attribute 20, 1
   5              		.eabi_attribute 21, 1
   6              		.eabi_attribute 23, 3
   7              		.eabi_attribute 24, 1
   8              		.eabi_attribute 25, 1
   9              		.eabi_attribute 26, 1
  10              		.eabi_attribute 30, 2
  11              		.eabi_attribute 34, 1
  12              		.eabi_attribute 18, 2
  13              		.file	"stm32g4xx_it.c"
  14              		.text
  15              	.Ltext0:
  16              		.cfi_sections	.debug_frame
  17              		.section	.text.TIM6_DAC_IRQHandler,"ax",%progbits
  18              		.align	1
  19              		.p2align 2,,3
  20              		.global	TIM6_DAC_IRQHandler
  21              		.arch armv7e-m
  22              		.syntax unified
  23              		.thumb
  24              		.thumb_func
  25              		.fpu fpv4-sp-d16
  27              	TIM6_DAC_IRQHandler:
  28              	.LFB1867:
  29              		.file 1 "Src/stm32g4xx_it.c"
   1:Src/stm32g4xx_it.c **** /* USER CODE BEGIN Header */
   2:Src/stm32g4xx_it.c **** /**
   3:Src/stm32g4xx_it.c ****   ******************************************************************************
   4:Src/stm32g4xx_it.c ****   * @file    stm32g4xx_it.c
   5:Src/stm32g4xx_it.c ****   * @brief   Interrupt Service Routines.
   6:Src/stm32g4xx_it.c ****   ******************************************************************************
   7:Src/stm32g4xx_it.c ****   * @attention
   8:Src/stm32g4xx_it.c ****   *
   9:Src/stm32g4xx_it.c ****   * Copyright (c) 2025 STMicroelectronics.
  10:Src/stm32g4xx_it.c ****   * All rights reserved.
  11:Src/stm32g4xx_it.c ****   *
  12:Src/stm32g4xx_it.c ****   * This software is licensed under terms that can be found in the LICENSE file
  13:Src/stm32g4xx_it.c ****   * in the root directory of this software component.
  14:Src/stm32g4xx_it.c ****   * If no LICENSE file comes with this software, it is provided AS-IS.
  15:Src/stm32g4xx_it.c ****   *
  16:Src/stm32g4xx_it.c ****   ******************************************************************************
  17:Src/stm32g4xx_it.c ****   */
  18:Src/stm32g4xx_it.c **** /* USER CODE END Header */
  19:Src/stm32g4xx_it.c **** 
  20:Src/stm32g4xx_it.c **** /* Includes ------------------------------------------------------------------*/
  21:Src/stm32g4xx_it.c **** #include "main.h"
  22:Src/stm32g4xx_it.c **** #include "stm32g4xx_it.h"
  23:Src/stm32g4xx_it.c **** /* Private includes ----------------------------------------------------------*/
  24:Src/stm32g4xx_it.c **** /* USER CODE BEGIN Includes */
  25:Src/stm32g4xx_it.c **** /* USER CODE END Includes */
  26:Src/stm32g4xx_it.c **** 
  27:Src/stm32g4xx_it.c **** /* Private typedef -----------------------------------------------------------*/
  28:Src/stm32g4xx_it.c **** /* USER CODE BEGIN TD */
  29:Src/stm32g4xx_it.c **** 
ARM GAS  /tmp/ccHQj0JL.s 			page 2


  30:Src/stm32g4xx_it.c **** /* USER CODE END TD */
  31:Src/stm32g4xx_it.c **** 
  32:Src/stm32g4xx_it.c **** /* Private define ------------------------------------------------------------*/
  33:Src/stm32g4xx_it.c **** /* USER CODE BEGIN PD */
  34:Src/stm32g4xx_it.c **** 
  35:Src/stm32g4xx_it.c **** /* USER CODE END PD */
  36:Src/stm32g4xx_it.c **** 
  37:Src/stm32g4xx_it.c **** /* Private macro -------------------------------------------------------------*/
  38:Src/stm32g4xx_it.c **** /* USER CODE BEGIN PM */
  39:Src/stm32g4xx_it.c **** 
  40:Src/stm32g4xx_it.c **** /* USER CODE END PM */
  41:Src/stm32g4xx_it.c **** 
  42:Src/stm32g4xx_it.c **** /* Private variables ---------------------------------------------------------*/
  43:Src/stm32g4xx_it.c **** /* USER CODE BEGIN PV */
  44:Src/stm32g4xx_it.c **** 
  45:Src/stm32g4xx_it.c **** /* USER CODE END PV */
  46:Src/stm32g4xx_it.c **** 
  47:Src/stm32g4xx_it.c **** /* Private function prototypes -----------------------------------------------*/
  48:Src/stm32g4xx_it.c **** /* USER CODE BEGIN PFP */
  49:Src/stm32g4xx_it.c **** 
  50:Src/stm32g4xx_it.c **** /* USER CODE END PFP */
  51:Src/stm32g4xx_it.c **** 
  52:Src/stm32g4xx_it.c **** /* Private user code ---------------------------------------------------------*/
  53:Src/stm32g4xx_it.c **** /* USER CODE BEGIN 0 */
  54:Src/stm32g4xx_it.c **** 
  55:Src/stm32g4xx_it.c **** /* USER CODE END 0 */
  56:Src/stm32g4xx_it.c **** 
  57:Src/stm32g4xx_it.c **** /* External variables --------------------------------------------------------*/
  58:Src/stm32g4xx_it.c **** extern TIM_HandleTypeDef htim6;
  59:Src/stm32g4xx_it.c **** 
  60:Src/stm32g4xx_it.c **** /* USER CODE BEGIN EV */
  61:Src/stm32g4xx_it.c **** 
  62:Src/stm32g4xx_it.c **** /* USER CODE END EV */
  63:Src/stm32g4xx_it.c **** 
  64:Src/stm32g4xx_it.c **** /******************************************************************************/
  65:Src/stm32g4xx_it.c **** /*           Cortex-M4 Processor Interruption and Exception Handlers          */
  66:Src/stm32g4xx_it.c **** /******************************************************************************/
  67:Src/stm32g4xx_it.c **** 
  68:Src/stm32g4xx_it.c **** /******************************************************************************/
  69:Src/stm32g4xx_it.c **** /* STM32G4xx Peripheral Interrupt Handlers                                    */
  70:Src/stm32g4xx_it.c **** /* Add here the Interrupt Handlers for the used peripherals.                  */
  71:Src/stm32g4xx_it.c **** /* For the available peripheral interrupt handler names,                      */
  72:Src/stm32g4xx_it.c **** /* please refer to the startup file (startup_stm32g4xx.s).                    */
  73:Src/stm32g4xx_it.c **** /******************************************************************************/
  74:Src/stm32g4xx_it.c **** 
  75:Src/stm32g4xx_it.c **** /**
  76:Src/stm32g4xx_it.c ****   * @brief This function handles TIM6 global interrupt, DAC1 and DAC3 channel underrun error interr
  77:Src/stm32g4xx_it.c ****   */
  78:Src/stm32g4xx_it.c **** void TIM6_DAC_IRQHandler(void)
  79:Src/stm32g4xx_it.c **** {
  30              		.loc 1 79 1 view -0
  31              		.cfi_startproc
  32              		@ args = 0, pretend = 0, frame = 0
  33              		@ frame_needed = 0, uses_anonymous_args = 0
  34              		@ link register save eliminated.
  80:Src/stm32g4xx_it.c ****   /* USER CODE BEGIN TIM6_DAC_IRQn 0 */
  81:Src/stm32g4xx_it.c **** 
ARM GAS  /tmp/ccHQj0JL.s 			page 3


  82:Src/stm32g4xx_it.c ****   /* USER CODE END TIM6_DAC_IRQn 0 */
  83:Src/stm32g4xx_it.c ****   HAL_TIM_IRQHandler(&htim6);
  35              		.loc 1 83 3 view .LVU1
  36 0000 0148     		ldr	r0, .L3
  37 0002 FFF7FEBF 		b	HAL_TIM_IRQHandler
  38              	.LVL0:
  39              	.L4:
  40 0006 00BF     		.align	2
  41              	.L3:
  42 0008 00000000 		.word	htim6
  43              		.cfi_endproc
  44              	.LFE1867:
  46              		.text
  47              	.Letext0:
  48              		.file 2 "/usr/share/gcc-arm-none-eabi-10-2020-q4-major/arm-none-eabi/include/machine/_default_type
  49              		.file 3 "/usr/share/gcc-arm-none-eabi-10-2020-q4-major/arm-none-eabi/include/sys/_stdint.h"
  50              		.file 4 "Drivers/CMSIS/Device/ST/STM32G4xx/Include/stm32g431xx.h"
  51              		.file 5 "Drivers/STM32G4xx_HAL_Driver/Inc/stm32g4xx_hal_def.h"
  52              		.file 6 "Drivers/STM32G4xx_HAL_Driver/Inc/stm32g4xx_hal_dma.h"
  53              		.file 7 "Drivers/STM32G4xx_HAL_Driver/Inc/stm32g4xx_hal_tim.h"
  54              		.file 8 "Drivers/STM32G4xx_HAL_Driver/Inc/stm32g4xx_ll_tim.h"
  55              		.file 9 "Drivers/STM32G4xx_HAL_Driver/Inc/stm32g4xx_ll_usart.h"
  56              		.file 10 "Drivers/STM32G4xx_HAL_Driver/Inc/stm32g4xx_ll_dma.h"
ARM GAS  /tmp/ccHQj0JL.s 			page 4


DEFINED SYMBOLS
                            *ABS*:0000000000000000 stm32g4xx_it.c
     /tmp/ccHQj0JL.s:18     .text.TIM6_DAC_IRQHandler:0000000000000000 $t
     /tmp/ccHQj0JL.s:27     .text.TIM6_DAC_IRQHandler:0000000000000000 TIM6_DAC_IRQHandler
     /tmp/ccHQj0JL.s:42     .text.TIM6_DAC_IRQHandler:0000000000000008 $d

UNDEFINED SYMBOLS
HAL_TIM_IRQHandler
htim6
