ARM GAS  /tmp/ccREsCkg.s 			page 1


   1              		.cpu cortex-m4
   2              		.eabi_attribute 27, 1
   3              		.eabi_attribute 28, 1
   4              		.eabi_attribute 20, 1
   5              		.eabi_attribute 21, 1
   6              		.eabi_attribute 23, 3
   7              		.eabi_attribute 24, 1
   8              		.eabi_attribute 25, 1
   9              		.eabi_attribute 26, 1
  10              		.eabi_attribute 30, 1
  11              		.eabi_attribute 34, 1
  12              		.eabi_attribute 18, 2
  13              		.file	"stm32g4xx_hal_timebase_tim.c"
  14              		.text
  15              	.Ltext0:
  16              		.cfi_sections	.debug_frame
  17              		.section	.text.HAL_InitTick,"ax",%progbits
  18              		.align	1
  19              		.global	HAL_InitTick
  20              		.arch armv7e-m
  21              		.syntax unified
  22              		.thumb
  23              		.thumb_func
  24              		.fpu fpv4-sp-d16
  26              	HAL_InitTick:
  27              	.LVL0:
  28              	.LFB132:
  29              		.file 1 "Src/stm32g4xx_hal_timebase_tim.c"
   1:Src/stm32g4xx_hal_timebase_tim.c **** /* USER CODE BEGIN Header */
   2:Src/stm32g4xx_hal_timebase_tim.c **** /**
   3:Src/stm32g4xx_hal_timebase_tim.c ****   ******************************************************************************
   4:Src/stm32g4xx_hal_timebase_tim.c ****   * @file    stm32g4xx_hal_timebase_tim.c
   5:Src/stm32g4xx_hal_timebase_tim.c ****   * @brief   HAL time base based on the hardware TIM.
   6:Src/stm32g4xx_hal_timebase_tim.c ****   ******************************************************************************
   7:Src/stm32g4xx_hal_timebase_tim.c ****   * @attention
   8:Src/stm32g4xx_hal_timebase_tim.c ****   *
   9:Src/stm32g4xx_hal_timebase_tim.c ****   * Copyright (c) 2025 STMicroelectronics.
  10:Src/stm32g4xx_hal_timebase_tim.c ****   * All rights reserved.
  11:Src/stm32g4xx_hal_timebase_tim.c ****   *
  12:Src/stm32g4xx_hal_timebase_tim.c ****   * This software is licensed under terms that can be found in the LICENSE file
  13:Src/stm32g4xx_hal_timebase_tim.c ****   * in the root directory of this software component.
  14:Src/stm32g4xx_hal_timebase_tim.c ****   * If no LICENSE file comes with this software, it is provided AS-IS.
  15:Src/stm32g4xx_hal_timebase_tim.c ****   *
  16:Src/stm32g4xx_hal_timebase_tim.c ****   ******************************************************************************
  17:Src/stm32g4xx_hal_timebase_tim.c ****   */
  18:Src/stm32g4xx_hal_timebase_tim.c **** /* USER CODE END Header */
  19:Src/stm32g4xx_hal_timebase_tim.c **** 
  20:Src/stm32g4xx_hal_timebase_tim.c **** /* Includes ------------------------------------------------------------------*/
  21:Src/stm32g4xx_hal_timebase_tim.c **** #include "stm32g4xx_hal.h"
  22:Src/stm32g4xx_hal_timebase_tim.c **** #include "stm32g4xx_hal_tim.h"
  23:Src/stm32g4xx_hal_timebase_tim.c **** 
  24:Src/stm32g4xx_hal_timebase_tim.c **** /* Private typedef -----------------------------------------------------------*/
  25:Src/stm32g4xx_hal_timebase_tim.c **** /* Private define ------------------------------------------------------------*/
  26:Src/stm32g4xx_hal_timebase_tim.c **** /* Private macro -------------------------------------------------------------*/
  27:Src/stm32g4xx_hal_timebase_tim.c **** /* Private variables ---------------------------------------------------------*/
  28:Src/stm32g4xx_hal_timebase_tim.c **** TIM_HandleTypeDef        htim6;
  29:Src/stm32g4xx_hal_timebase_tim.c **** /* Private function prototypes -----------------------------------------------*/
ARM GAS  /tmp/ccREsCkg.s 			page 2


  30:Src/stm32g4xx_hal_timebase_tim.c **** /* Private functions ---------------------------------------------------------*/
  31:Src/stm32g4xx_hal_timebase_tim.c **** 
  32:Src/stm32g4xx_hal_timebase_tim.c **** /**
  33:Src/stm32g4xx_hal_timebase_tim.c ****   * @brief  This function configures the TIM6 as a time base source.
  34:Src/stm32g4xx_hal_timebase_tim.c ****   *         The time source is configured  to have 1ms time base with a dedicated
  35:Src/stm32g4xx_hal_timebase_tim.c ****   *         Tick interrupt priority.
  36:Src/stm32g4xx_hal_timebase_tim.c ****   * @note   This function is called  automatically at the beginning of program after
  37:Src/stm32g4xx_hal_timebase_tim.c ****   *         reset by HAL_Init() or at any time when clock is configured, by HAL_RCC_ClockConfig().
  38:Src/stm32g4xx_hal_timebase_tim.c ****   * @param  TickPriority: Tick interrupt priority.
  39:Src/stm32g4xx_hal_timebase_tim.c ****   * @retval HAL status
  40:Src/stm32g4xx_hal_timebase_tim.c ****   */
  41:Src/stm32g4xx_hal_timebase_tim.c **** HAL_StatusTypeDef HAL_InitTick(uint32_t TickPriority)
  42:Src/stm32g4xx_hal_timebase_tim.c **** {
  30              		.loc 1 42 1 view -0
  31              		.cfi_startproc
  32              		@ args = 0, pretend = 0, frame = 32
  33              		@ frame_needed = 0, uses_anonymous_args = 0
  34              		.loc 1 42 1 is_stmt 0 view .LVU1
  35 0000 30B5     		push	{r4, r5, lr}
  36              	.LCFI0:
  37              		.cfi_def_cfa_offset 12
  38              		.cfi_offset 4, -12
  39              		.cfi_offset 5, -8
  40              		.cfi_offset 14, -4
  41 0002 89B0     		sub	sp, sp, #36
  42              	.LCFI1:
  43              		.cfi_def_cfa_offset 48
  44 0004 0446     		mov	r4, r0
  43:Src/stm32g4xx_hal_timebase_tim.c ****   RCC_ClkInitTypeDef    clkconfig;
  45              		.loc 1 43 3 is_stmt 1 view .LVU2
  44:Src/stm32g4xx_hal_timebase_tim.c ****   uint32_t              uwTimclock = 0;
  46              		.loc 1 44 3 view .LVU3
  47              	.LVL1:
  45:Src/stm32g4xx_hal_timebase_tim.c ****   uint32_t              uwPrescalerValue = 0;
  48              		.loc 1 45 3 view .LVU4
  46:Src/stm32g4xx_hal_timebase_tim.c ****   uint32_t              pFLatency;
  49              		.loc 1 46 3 view .LVU5
  47:Src/stm32g4xx_hal_timebase_tim.c ****   HAL_StatusTypeDef     status;
  50              		.loc 1 47 3 view .LVU6
  48:Src/stm32g4xx_hal_timebase_tim.c **** 
  49:Src/stm32g4xx_hal_timebase_tim.c ****   /* Enable TIM6 clock */
  50:Src/stm32g4xx_hal_timebase_tim.c ****   __HAL_RCC_TIM6_CLK_ENABLE();
  51              		.loc 1 50 3 view .LVU7
  52              	.LBB2:
  53              		.loc 1 50 3 view .LVU8
  54              		.loc 1 50 3 view .LVU9
  55 0006 1E4B     		ldr	r3, .L7
  56 0008 9A6D     		ldr	r2, [r3, #88]
  57 000a 42F01002 		orr	r2, r2, #16
  58 000e 9A65     		str	r2, [r3, #88]
  59              		.loc 1 50 3 view .LVU10
  60 0010 9B6D     		ldr	r3, [r3, #88]
  61 0012 03F01003 		and	r3, r3, #16
  62 0016 0193     		str	r3, [sp, #4]
  63              		.loc 1 50 3 view .LVU11
  64 0018 019B     		ldr	r3, [sp, #4]
  65              	.LBE2:
ARM GAS  /tmp/ccREsCkg.s 			page 3


  66              		.loc 1 50 3 view .LVU12
  51:Src/stm32g4xx_hal_timebase_tim.c **** 
  52:Src/stm32g4xx_hal_timebase_tim.c ****   /* Get clock configuration */
  53:Src/stm32g4xx_hal_timebase_tim.c ****   HAL_RCC_GetClockConfig(&clkconfig, &pFLatency);
  67              		.loc 1 53 3 view .LVU13
  68 001a 02A9     		add	r1, sp, #8
  69 001c 03A8     		add	r0, sp, #12
  70              	.LVL2:
  71              		.loc 1 53 3 is_stmt 0 view .LVU14
  72 001e FFF7FEFF 		bl	HAL_RCC_GetClockConfig
  73              	.LVL3:
  54:Src/stm32g4xx_hal_timebase_tim.c **** 
  55:Src/stm32g4xx_hal_timebase_tim.c ****   /* Compute TIM6 clock */
  56:Src/stm32g4xx_hal_timebase_tim.c ****   uwTimclock = HAL_RCC_GetPCLK1Freq();
  74              		.loc 1 56 3 is_stmt 1 view .LVU15
  75              		.loc 1 56 16 is_stmt 0 view .LVU16
  76 0022 FFF7FEFF 		bl	HAL_RCC_GetPCLK1Freq
  77              	.LVL4:
  78 0026 0346     		mov	r3, r0
  79              	.LVL5:
  57:Src/stm32g4xx_hal_timebase_tim.c **** 
  58:Src/stm32g4xx_hal_timebase_tim.c ****   /* Compute the prescaler value to have TIM6 counter clock equal to 1MHz */
  59:Src/stm32g4xx_hal_timebase_tim.c ****   uwPrescalerValue = (uint32_t) ((uwTimclock / 1000000U) - 1U);
  80              		.loc 1 59 3 is_stmt 1 view .LVU17
  60:Src/stm32g4xx_hal_timebase_tim.c **** 
  61:Src/stm32g4xx_hal_timebase_tim.c ****   /* Initialize TIM6 */
  62:Src/stm32g4xx_hal_timebase_tim.c ****   htim6.Instance = TIM6;
  81              		.loc 1 62 3 view .LVU18
  82              		.loc 1 62 18 is_stmt 0 view .LVU19
  83 0028 1648     		ldr	r0, .L7+4
  84              	.LVL6:
  85              		.loc 1 62 18 view .LVU20
  86 002a 174A     		ldr	r2, .L7+8
  87 002c 0260     		str	r2, [r0]
  63:Src/stm32g4xx_hal_timebase_tim.c **** 
  64:Src/stm32g4xx_hal_timebase_tim.c ****   /* Initialize TIMx peripheral as follow:
  65:Src/stm32g4xx_hal_timebase_tim.c **** 
  66:Src/stm32g4xx_hal_timebase_tim.c ****   + Period = [(TIM6CLK/1000) - 1]. to have a (1/1000) s time base.
  67:Src/stm32g4xx_hal_timebase_tim.c ****   + Prescaler = (uwTimclock/1000000 - 1) to have a 1MHz counter clock.
  68:Src/stm32g4xx_hal_timebase_tim.c ****   + ClockDivision = 0
  69:Src/stm32g4xx_hal_timebase_tim.c ****   + Counter direction = Up
  70:Src/stm32g4xx_hal_timebase_tim.c ****   */
  71:Src/stm32g4xx_hal_timebase_tim.c ****   htim6.Init.Period = (1000000U / 1000U) - 1U;
  88              		.loc 1 71 3 is_stmt 1 view .LVU21
  89              		.loc 1 71 21 is_stmt 0 view .LVU22
  90 002e 40F2E732 		movw	r2, #999
  91 0032 C260     		str	r2, [r0, #12]
  72:Src/stm32g4xx_hal_timebase_tim.c ****   htim6.Init.Prescaler = uwPrescalerValue;
  92              		.loc 1 72 3 is_stmt 1 view .LVU23
  59:Src/stm32g4xx_hal_timebase_tim.c **** 
  93              		.loc 1 59 46 is_stmt 0 view .LVU24
  94 0034 154A     		ldr	r2, .L7+12
  95 0036 A2FB0323 		umull	r2, r3, r2, r3
  96              	.LVL7:
  59:Src/stm32g4xx_hal_timebase_tim.c **** 
  97              		.loc 1 59 46 view .LVU25
  98 003a 9B0C     		lsrs	r3, r3, #18
ARM GAS  /tmp/ccREsCkg.s 			page 4


  59:Src/stm32g4xx_hal_timebase_tim.c **** 
  99              		.loc 1 59 20 view .LVU26
 100 003c 013B     		subs	r3, r3, #1
 101              		.loc 1 72 24 view .LVU27
 102 003e 4360     		str	r3, [r0, #4]
  73:Src/stm32g4xx_hal_timebase_tim.c ****   htim6.Init.ClockDivision = 0;
 103              		.loc 1 73 3 is_stmt 1 view .LVU28
 104              		.loc 1 73 28 is_stmt 0 view .LVU29
 105 0040 0023     		movs	r3, #0
 106 0042 0361     		str	r3, [r0, #16]
  74:Src/stm32g4xx_hal_timebase_tim.c ****   htim6.Init.CounterMode = TIM_COUNTERMODE_UP;
 107              		.loc 1 74 3 is_stmt 1 view .LVU30
 108              		.loc 1 74 26 is_stmt 0 view .LVU31
 109 0044 8360     		str	r3, [r0, #8]
  75:Src/stm32g4xx_hal_timebase_tim.c **** 
  76:Src/stm32g4xx_hal_timebase_tim.c ****   status = HAL_TIM_Base_Init(&htim6);
 110              		.loc 1 76 3 is_stmt 1 view .LVU32
 111              		.loc 1 76 12 is_stmt 0 view .LVU33
 112 0046 FFF7FEFF 		bl	HAL_TIM_Base_Init
 113              	.LVL8:
  77:Src/stm32g4xx_hal_timebase_tim.c ****   if (status == HAL_OK)
 114              		.loc 1 77 3 is_stmt 1 view .LVU34
 115              		.loc 1 77 6 is_stmt 0 view .LVU35
 116 004a 0546     		mov	r5, r0
 117 004c 10B1     		cbz	r0, .L5
 118              	.LVL9:
 119              	.L2:
  78:Src/stm32g4xx_hal_timebase_tim.c ****   {
  79:Src/stm32g4xx_hal_timebase_tim.c ****     /* Start the TIM time Base generation in interrupt mode */
  80:Src/stm32g4xx_hal_timebase_tim.c ****     status = HAL_TIM_Base_Start_IT(&htim6);
  81:Src/stm32g4xx_hal_timebase_tim.c ****     if (status == HAL_OK)
  82:Src/stm32g4xx_hal_timebase_tim.c ****     {
  83:Src/stm32g4xx_hal_timebase_tim.c ****     /* Enable the TIM6 global Interrupt */
  84:Src/stm32g4xx_hal_timebase_tim.c ****         HAL_NVIC_EnableIRQ(TIM6_DAC_IRQn);
  85:Src/stm32g4xx_hal_timebase_tim.c ****       /* Configure the SysTick IRQ priority */
  86:Src/stm32g4xx_hal_timebase_tim.c ****       if (TickPriority < (1UL << __NVIC_PRIO_BITS))
  87:Src/stm32g4xx_hal_timebase_tim.c ****       {
  88:Src/stm32g4xx_hal_timebase_tim.c ****         /* Configure the TIM IRQ priority */
  89:Src/stm32g4xx_hal_timebase_tim.c ****         HAL_NVIC_SetPriority(TIM6_DAC_IRQn, TickPriority, 0U);
  90:Src/stm32g4xx_hal_timebase_tim.c ****         uwTickPrio = TickPriority;
  91:Src/stm32g4xx_hal_timebase_tim.c ****       }
  92:Src/stm32g4xx_hal_timebase_tim.c ****       else
  93:Src/stm32g4xx_hal_timebase_tim.c ****       {
  94:Src/stm32g4xx_hal_timebase_tim.c ****         status = HAL_ERROR;
  95:Src/stm32g4xx_hal_timebase_tim.c ****       }
  96:Src/stm32g4xx_hal_timebase_tim.c ****     }
  97:Src/stm32g4xx_hal_timebase_tim.c ****   }
  98:Src/stm32g4xx_hal_timebase_tim.c **** 
  99:Src/stm32g4xx_hal_timebase_tim.c ****  /* Return function status */
 100:Src/stm32g4xx_hal_timebase_tim.c ****   return status;
 120              		.loc 1 100 3 is_stmt 1 view .LVU36
 101:Src/stm32g4xx_hal_timebase_tim.c **** }
 121              		.loc 1 101 1 is_stmt 0 view .LVU37
 122 004e 2846     		mov	r0, r5
 123 0050 09B0     		add	sp, sp, #36
 124              	.LCFI2:
 125              		.cfi_remember_state
ARM GAS  /tmp/ccREsCkg.s 			page 5


 126              		.cfi_def_cfa_offset 12
 127              		@ sp needed
 128 0052 30BD     		pop	{r4, r5, pc}
 129              	.LVL10:
 130              	.L5:
 131              	.LCFI3:
 132              		.cfi_restore_state
  80:Src/stm32g4xx_hal_timebase_tim.c ****     if (status == HAL_OK)
 133              		.loc 1 80 5 is_stmt 1 view .LVU38
  80:Src/stm32g4xx_hal_timebase_tim.c ****     if (status == HAL_OK)
 134              		.loc 1 80 14 is_stmt 0 view .LVU39
 135 0054 0B48     		ldr	r0, .L7+4
 136              	.LVL11:
  80:Src/stm32g4xx_hal_timebase_tim.c ****     if (status == HAL_OK)
 137              		.loc 1 80 14 view .LVU40
 138 0056 FFF7FEFF 		bl	HAL_TIM_Base_Start_IT
 139              	.LVL12:
  81:Src/stm32g4xx_hal_timebase_tim.c ****     {
 140              		.loc 1 81 5 is_stmt 1 view .LVU41
  81:Src/stm32g4xx_hal_timebase_tim.c ****     {
 141              		.loc 1 81 8 is_stmt 0 view .LVU42
 142 005a 0546     		mov	r5, r0
 143 005c 0028     		cmp	r0, #0
 144 005e F6D1     		bne	.L2
  84:Src/stm32g4xx_hal_timebase_tim.c ****       /* Configure the SysTick IRQ priority */
 145              		.loc 1 84 9 is_stmt 1 view .LVU43
 146 0060 3620     		movs	r0, #54
 147              	.LVL13:
  84:Src/stm32g4xx_hal_timebase_tim.c ****       /* Configure the SysTick IRQ priority */
 148              		.loc 1 84 9 is_stmt 0 view .LVU44
 149 0062 FFF7FEFF 		bl	HAL_NVIC_EnableIRQ
 150              	.LVL14:
  86:Src/stm32g4xx_hal_timebase_tim.c ****       {
 151              		.loc 1 86 7 is_stmt 1 view .LVU45
  86:Src/stm32g4xx_hal_timebase_tim.c ****       {
 152              		.loc 1 86 10 is_stmt 0 view .LVU46
 153 0066 0F2C     		cmp	r4, #15
 154 0068 01D9     		bls	.L6
  94:Src/stm32g4xx_hal_timebase_tim.c ****       }
 155              		.loc 1 94 16 view .LVU47
 156 006a 0125     		movs	r5, #1
 157 006c EFE7     		b	.L2
 158              	.L6:
  89:Src/stm32g4xx_hal_timebase_tim.c ****         uwTickPrio = TickPriority;
 159              		.loc 1 89 9 is_stmt 1 view .LVU48
 160 006e 0022     		movs	r2, #0
 161 0070 2146     		mov	r1, r4
 162 0072 3620     		movs	r0, #54
 163 0074 FFF7FEFF 		bl	HAL_NVIC_SetPriority
 164              	.LVL15:
  90:Src/stm32g4xx_hal_timebase_tim.c ****       }
 165              		.loc 1 90 9 view .LVU49
  90:Src/stm32g4xx_hal_timebase_tim.c ****       }
 166              		.loc 1 90 20 is_stmt 0 view .LVU50
 167 0078 054B     		ldr	r3, .L7+16
 168 007a 1C60     		str	r4, [r3]
 169 007c E7E7     		b	.L2
ARM GAS  /tmp/ccREsCkg.s 			page 6


 170              	.L8:
 171 007e 00BF     		.align	2
 172              	.L7:
 173 0080 00100240 		.word	1073876992
 174 0084 00000000 		.word	.LANCHOR0
 175 0088 00100040 		.word	1073745920
 176 008c 83DE1B43 		.word	1125899907
 177 0090 00000000 		.word	uwTickPrio
 178              		.cfi_endproc
 179              	.LFE132:
 181              		.section	.text.HAL_SuspendTick,"ax",%progbits
 182              		.align	1
 183              		.global	HAL_SuspendTick
 184              		.syntax unified
 185              		.thumb
 186              		.thumb_func
 187              		.fpu fpv4-sp-d16
 189              	HAL_SuspendTick:
 190              	.LFB133:
 102:Src/stm32g4xx_hal_timebase_tim.c **** 
 103:Src/stm32g4xx_hal_timebase_tim.c **** /**
 104:Src/stm32g4xx_hal_timebase_tim.c ****   * @brief  Suspend Tick increment.
 105:Src/stm32g4xx_hal_timebase_tim.c ****   * @note   Disable the tick increment by disabling TIM6 update interrupt.
 106:Src/stm32g4xx_hal_timebase_tim.c ****   * @param  None
 107:Src/stm32g4xx_hal_timebase_tim.c ****   * @retval None
 108:Src/stm32g4xx_hal_timebase_tim.c ****   */
 109:Src/stm32g4xx_hal_timebase_tim.c **** void HAL_SuspendTick(void)
 110:Src/stm32g4xx_hal_timebase_tim.c **** {
 191              		.loc 1 110 1 is_stmt 1 view -0
 192              		.cfi_startproc
 193              		@ args = 0, pretend = 0, frame = 0
 194              		@ frame_needed = 0, uses_anonymous_args = 0
 195              		@ link register save eliminated.
 111:Src/stm32g4xx_hal_timebase_tim.c ****   /* Disable TIM6 update Interrupt */
 112:Src/stm32g4xx_hal_timebase_tim.c ****   __HAL_TIM_DISABLE_IT(&htim6, TIM_IT_UPDATE);
 196              		.loc 1 112 3 view .LVU52
 197 0000 034B     		ldr	r3, .L10
 198 0002 1A68     		ldr	r2, [r3]
 199 0004 D368     		ldr	r3, [r2, #12]
 200 0006 23F00103 		bic	r3, r3, #1
 201 000a D360     		str	r3, [r2, #12]
 113:Src/stm32g4xx_hal_timebase_tim.c **** }
 202              		.loc 1 113 1 is_stmt 0 view .LVU53
 203 000c 7047     		bx	lr
 204              	.L11:
 205 000e 00BF     		.align	2
 206              	.L10:
 207 0010 00000000 		.word	.LANCHOR0
 208              		.cfi_endproc
 209              	.LFE133:
 211              		.section	.text.HAL_ResumeTick,"ax",%progbits
 212              		.align	1
 213              		.global	HAL_ResumeTick
 214              		.syntax unified
 215              		.thumb
 216              		.thumb_func
 217              		.fpu fpv4-sp-d16
ARM GAS  /tmp/ccREsCkg.s 			page 7


 219              	HAL_ResumeTick:
 220              	.LFB134:
 114:Src/stm32g4xx_hal_timebase_tim.c **** 
 115:Src/stm32g4xx_hal_timebase_tim.c **** /**
 116:Src/stm32g4xx_hal_timebase_tim.c ****   * @brief  Resume Tick increment.
 117:Src/stm32g4xx_hal_timebase_tim.c ****   * @note   Enable the tick increment by Enabling TIM6 update interrupt.
 118:Src/stm32g4xx_hal_timebase_tim.c ****   * @param  None
 119:Src/stm32g4xx_hal_timebase_tim.c ****   * @retval None
 120:Src/stm32g4xx_hal_timebase_tim.c ****   */
 121:Src/stm32g4xx_hal_timebase_tim.c **** void HAL_ResumeTick(void)
 122:Src/stm32g4xx_hal_timebase_tim.c **** {
 221              		.loc 1 122 1 is_stmt 1 view -0
 222              		.cfi_startproc
 223              		@ args = 0, pretend = 0, frame = 0
 224              		@ frame_needed = 0, uses_anonymous_args = 0
 225              		@ link register save eliminated.
 123:Src/stm32g4xx_hal_timebase_tim.c ****   /* Enable TIM6 Update interrupt */
 124:Src/stm32g4xx_hal_timebase_tim.c ****   __HAL_TIM_ENABLE_IT(&htim6, TIM_IT_UPDATE);
 226              		.loc 1 124 3 view .LVU55
 227 0000 034B     		ldr	r3, .L13
 228 0002 1A68     		ldr	r2, [r3]
 229 0004 D368     		ldr	r3, [r2, #12]
 230 0006 43F00103 		orr	r3, r3, #1
 231 000a D360     		str	r3, [r2, #12]
 125:Src/stm32g4xx_hal_timebase_tim.c **** }
 232              		.loc 1 125 1 is_stmt 0 view .LVU56
 233 000c 7047     		bx	lr
 234              	.L14:
 235 000e 00BF     		.align	2
 236              	.L13:
 237 0010 00000000 		.word	.LANCHOR0
 238              		.cfi_endproc
 239              	.LFE134:
 241              		.global	htim6
 242              		.section	.bss.htim6,"aw",%nobits
 243              		.align	2
 244              		.set	.LANCHOR0,. + 0
 247              	htim6:
 248 0000 00000000 		.space	76
 248      00000000 
 248      00000000 
 248      00000000 
 248      00000000 
 249              		.text
 250              	.Letext0:
 251              		.file 2 "/usr/share/gcc-arm-none-eabi-10-2020-q4-major/arm-none-eabi/include/machine/_default_type
 252              		.file 3 "/usr/share/gcc-arm-none-eabi-10-2020-q4-major/arm-none-eabi/include/sys/_stdint.h"
 253              		.file 4 "Drivers/CMSIS/Device/ST/STM32G4xx/Include/stm32g431xx.h"
 254              		.file 5 "Drivers/STM32G4xx_HAL_Driver/Inc/stm32g4xx_hal_def.h"
 255              		.file 6 "Drivers/STM32G4xx_HAL_Driver/Inc/stm32g4xx_hal_rcc.h"
 256              		.file 7 "Drivers/STM32G4xx_HAL_Driver/Inc/stm32g4xx_hal_dma.h"
 257              		.file 8 "Drivers/STM32G4xx_HAL_Driver/Inc/stm32g4xx_hal_tim.h"
 258              		.file 9 "Drivers/STM32G4xx_HAL_Driver/Inc/stm32g4xx_hal.h"
 259              		.file 10 "Drivers/STM32G4xx_HAL_Driver/Inc/stm32g4xx_hal_cortex.h"
ARM GAS  /tmp/ccREsCkg.s 			page 8


DEFINED SYMBOLS
                            *ABS*:0000000000000000 stm32g4xx_hal_timebase_tim.c
     /tmp/ccREsCkg.s:18     .text.HAL_InitTick:0000000000000000 $t
     /tmp/ccREsCkg.s:26     .text.HAL_InitTick:0000000000000000 HAL_InitTick
     /tmp/ccREsCkg.s:173    .text.HAL_InitTick:0000000000000080 $d
     /tmp/ccREsCkg.s:182    .text.HAL_SuspendTick:0000000000000000 $t
     /tmp/ccREsCkg.s:189    .text.HAL_SuspendTick:0000000000000000 HAL_SuspendTick
     /tmp/ccREsCkg.s:207    .text.HAL_SuspendTick:0000000000000010 $d
     /tmp/ccREsCkg.s:212    .text.HAL_ResumeTick:0000000000000000 $t
     /tmp/ccREsCkg.s:219    .text.HAL_ResumeTick:0000000000000000 HAL_ResumeTick
     /tmp/ccREsCkg.s:237    .text.HAL_ResumeTick:0000000000000010 $d
     /tmp/ccREsCkg.s:247    .bss.htim6:0000000000000000 htim6
     /tmp/ccREsCkg.s:243    .bss.htim6:0000000000000000 $d

UNDEFINED SYMBOLS
HAL_RCC_GetClockConfig
HAL_RCC_GetPCLK1Freq
HAL_TIM_Base_Init
HAL_TIM_Base_Start_IT
HAL_NVIC_EnableIRQ
HAL_NVIC_SetPriority
uwTickPrio
