ARM GAS  /tmp/cczwUT3q.s 			page 1


   1              		.cpu cortex-m4
   2              		.eabi_attribute 27, 1
   3              		.eabi_attribute 28, 1
   4              		.eabi_attribute 20, 1
   5              		.eabi_attribute 21, 1
   6              		.eabi_attribute 23, 3
   7              		.eabi_attribute 24, 1
   8              		.eabi_attribute 25, 1
   9              		.eabi_attribute 26, 1
  10              		.eabi_attribute 30, 1
  11              		.eabi_attribute 34, 1
  12              		.eabi_attribute 18, 2
  13              		.file	"syscalls.c"
  14              		.text
  15              	.Ltext0:
  16              		.cfi_sections	.debug_frame
  17              		.section	.text.initialise_monitor_handles,"ax",%progbits
  18              		.align	1
  19              		.global	initialise_monitor_handles
  20              		.arch armv7e-m
  21              		.syntax unified
  22              		.thumb
  23              		.thumb_func
  24              		.fpu fpv4-sp-d16
  26              	initialise_monitor_handles:
  27              	.LFB25:
  28              		.file 1 "Src/syscalls.c"
   1:Src/syscalls.c **** /**
   2:Src/syscalls.c ****  ******************************************************************************
   3:Src/syscalls.c ****  * @file      syscalls.c
   4:Src/syscalls.c ****  * @author    Auto-generated by STM32CubeMX
   5:Src/syscalls.c ****  * @brief     Minimal System calls file
   6:Src/syscalls.c ****  *
   7:Src/syscalls.c ****  *            For more information about which c-functions
   8:Src/syscalls.c ****  *            need which of these lowlevel functions
   9:Src/syscalls.c ****  *            please consult the Newlib libc-manual
  10:Src/syscalls.c ****  ******************************************************************************
  11:Src/syscalls.c ****  * @attention
  12:Src/syscalls.c ****  *
  13:Src/syscalls.c ****  * Copyright (c) 2020-2024 STMicroelectronics.
  14:Src/syscalls.c ****  * All rights reserved.
  15:Src/syscalls.c ****  *
  16:Src/syscalls.c ****  * This software is licensed under terms that can be found in the LICENSE file
  17:Src/syscalls.c ****  * in the root directory of this software component.
  18:Src/syscalls.c ****  * If no LICENSE file comes with this software, it is provided AS-IS.
  19:Src/syscalls.c ****  *
  20:Src/syscalls.c ****  ******************************************************************************
  21:Src/syscalls.c ****  */
  22:Src/syscalls.c **** 
  23:Src/syscalls.c **** /* Includes */
  24:Src/syscalls.c **** #include <sys/stat.h>
  25:Src/syscalls.c **** #include <stdlib.h>
  26:Src/syscalls.c **** #include <errno.h>
  27:Src/syscalls.c **** #include <stdio.h>
  28:Src/syscalls.c **** #include <signal.h>
  29:Src/syscalls.c **** #include <time.h>
  30:Src/syscalls.c **** #include <sys/time.h>
ARM GAS  /tmp/cczwUT3q.s 			page 2


  31:Src/syscalls.c **** #include <sys/times.h>
  32:Src/syscalls.c **** 
  33:Src/syscalls.c **** 
  34:Src/syscalls.c **** /* Variables */
  35:Src/syscalls.c **** extern int __io_putchar(int ch) __attribute__((weak));
  36:Src/syscalls.c **** extern int __io_getchar(void) __attribute__((weak));
  37:Src/syscalls.c **** 
  38:Src/syscalls.c **** 
  39:Src/syscalls.c **** char *__env[1] = { 0 };
  40:Src/syscalls.c **** char **environ = __env;
  41:Src/syscalls.c **** 
  42:Src/syscalls.c **** 
  43:Src/syscalls.c **** /* Functions */
  44:Src/syscalls.c **** void initialise_monitor_handles()
  45:Src/syscalls.c **** {
  29              		.loc 1 45 1 view -0
  30              		.cfi_startproc
  31              		@ args = 0, pretend = 0, frame = 0
  32              		@ frame_needed = 0, uses_anonymous_args = 0
  33              		@ link register save eliminated.
  46:Src/syscalls.c **** }
  34              		.loc 1 46 1 view .LVU1
  35 0000 7047     		bx	lr
  36              		.cfi_endproc
  37              	.LFE25:
  39              		.section	.text._getpid,"ax",%progbits
  40              		.align	1
  41              		.global	_getpid
  42              		.syntax unified
  43              		.thumb
  44              		.thumb_func
  45              		.fpu fpv4-sp-d16
  47              	_getpid:
  48              	.LFB26:
  47:Src/syscalls.c **** 
  48:Src/syscalls.c **** int _getpid(void)
  49:Src/syscalls.c **** {
  49              		.loc 1 49 1 view -0
  50              		.cfi_startproc
  51              		@ args = 0, pretend = 0, frame = 0
  52              		@ frame_needed = 0, uses_anonymous_args = 0
  53              		@ link register save eliminated.
  50:Src/syscalls.c ****   return 1;
  54              		.loc 1 50 3 view .LVU3
  51:Src/syscalls.c **** }
  55              		.loc 1 51 1 is_stmt 0 view .LVU4
  56 0000 0120     		movs	r0, #1
  57 0002 7047     		bx	lr
  58              		.cfi_endproc
  59              	.LFE26:
  61              		.section	.text._kill,"ax",%progbits
  62              		.align	1
  63              		.global	_kill
  64              		.syntax unified
  65              		.thumb
  66              		.thumb_func
  67              		.fpu fpv4-sp-d16
ARM GAS  /tmp/cczwUT3q.s 			page 3


  69              	_kill:
  70              	.LVL0:
  71              	.LFB27:
  52:Src/syscalls.c **** 
  53:Src/syscalls.c **** int _kill(int pid, int sig)
  54:Src/syscalls.c **** {
  72              		.loc 1 54 1 is_stmt 1 view -0
  73              		.cfi_startproc
  74              		@ args = 0, pretend = 0, frame = 0
  75              		@ frame_needed = 0, uses_anonymous_args = 0
  76              		.loc 1 54 1 is_stmt 0 view .LVU6
  77 0000 08B5     		push	{r3, lr}
  78              	.LCFI0:
  79              		.cfi_def_cfa_offset 8
  80              		.cfi_offset 3, -8
  81              		.cfi_offset 14, -4
  55:Src/syscalls.c ****   (void)pid;
  82              		.loc 1 55 3 is_stmt 1 view .LVU7
  56:Src/syscalls.c ****   (void)sig;
  83              		.loc 1 56 3 view .LVU8
  57:Src/syscalls.c ****   errno = EINVAL;
  84              		.loc 1 57 3 view .LVU9
  85 0002 FFF7FEFF 		bl	__errno
  86              	.LVL1:
  87              		.loc 1 57 9 is_stmt 0 view .LVU10
  88 0006 1623     		movs	r3, #22
  89 0008 0360     		str	r3, [r0]
  58:Src/syscalls.c ****   return -1;
  90              		.loc 1 58 3 is_stmt 1 view .LVU11
  59:Src/syscalls.c **** }
  91              		.loc 1 59 1 is_stmt 0 view .LVU12
  92 000a 4FF0FF30 		mov	r0, #-1
  93 000e 08BD     		pop	{r3, pc}
  94              		.cfi_endproc
  95              	.LFE27:
  97              		.section	.text._exit,"ax",%progbits
  98              		.align	1
  99              		.global	_exit
 100              		.syntax unified
 101              		.thumb
 102              		.thumb_func
 103              		.fpu fpv4-sp-d16
 105              	_exit:
 106              	.LVL2:
 107              	.LFB28:
  60:Src/syscalls.c **** 
  61:Src/syscalls.c **** void _exit (int status)
  62:Src/syscalls.c **** {
 108              		.loc 1 62 1 is_stmt 1 view -0
 109              		.cfi_startproc
 110              		@ Volatile: function does not return.
 111              		@ args = 0, pretend = 0, frame = 0
 112              		@ frame_needed = 0, uses_anonymous_args = 0
 113              		.loc 1 62 1 is_stmt 0 view .LVU14
 114 0000 08B5     		push	{r3, lr}
 115              	.LCFI1:
 116              		.cfi_def_cfa_offset 8
ARM GAS  /tmp/cczwUT3q.s 			page 4


 117              		.cfi_offset 3, -8
 118              		.cfi_offset 14, -4
  63:Src/syscalls.c ****   _kill(status, -1);
 119              		.loc 1 63 3 is_stmt 1 view .LVU15
 120              	.LVL3:
 121              	.LBB4:
 122              	.LBI4:
  53:Src/syscalls.c **** {
 123              		.loc 1 53 5 view .LVU16
 124              	.LBB5:
  55:Src/syscalls.c ****   (void)sig;
 125              		.loc 1 55 3 view .LVU17
  56:Src/syscalls.c ****   errno = EINVAL;
 126              		.loc 1 56 3 view .LVU18
  57:Src/syscalls.c ****   return -1;
 127              		.loc 1 57 3 view .LVU19
 128 0002 FFF7FEFF 		bl	__errno
 129              	.LVL4:
  57:Src/syscalls.c ****   return -1;
 130              		.loc 1 57 9 is_stmt 0 view .LVU20
 131 0006 1623     		movs	r3, #22
 132 0008 0360     		str	r3, [r0]
  58:Src/syscalls.c **** }
 133              		.loc 1 58 3 is_stmt 1 view .LVU21
 134              	.LVL5:
 135              	.L6:
  58:Src/syscalls.c **** }
 136              		.loc 1 58 3 is_stmt 0 view .LVU22
 137              	.LBE5:
 138              	.LBE4:
  64:Src/syscalls.c ****   while (1) {}    /* Make sure we hang here */
 139              		.loc 1 64 3 is_stmt 1 discriminator 1 view .LVU23
 140              		.loc 1 64 14 discriminator 1 view .LVU24
 141              		.loc 1 64 9 discriminator 1 view .LVU25
 142 000a FEE7     		b	.L6
 143              		.cfi_endproc
 144              	.LFE28:
 146              		.section	.text._read,"ax",%progbits
 147              		.align	1
 148              		.weak	_read
 149              		.syntax unified
 150              		.thumb
 151              		.thumb_func
 152              		.fpu fpv4-sp-d16
 154              	_read:
 155              	.LVL6:
 156              	.LFB29:
  65:Src/syscalls.c **** }
  66:Src/syscalls.c **** 
  67:Src/syscalls.c **** __attribute__((weak)) int _read(int file, char *ptr, int len)
  68:Src/syscalls.c **** {
 157              		.loc 1 68 1 view -0
 158              		.cfi_startproc
 159              		@ args = 0, pretend = 0, frame = 0
 160              		@ frame_needed = 0, uses_anonymous_args = 0
 161              		.loc 1 68 1 is_stmt 0 view .LVU27
 162 0000 70B5     		push	{r4, r5, r6, lr}
ARM GAS  /tmp/cczwUT3q.s 			page 5


 163              	.LCFI2:
 164              		.cfi_def_cfa_offset 16
 165              		.cfi_offset 4, -16
 166              		.cfi_offset 5, -12
 167              		.cfi_offset 6, -8
 168              		.cfi_offset 14, -4
  69:Src/syscalls.c ****   (void)file;
 169              		.loc 1 69 3 is_stmt 1 view .LVU28
  70:Src/syscalls.c ****   int DataIdx;
 170              		.loc 1 70 3 view .LVU29
  71:Src/syscalls.c **** 
  72:Src/syscalls.c ****   for (DataIdx = 0; DataIdx < len; DataIdx++)
 171              		.loc 1 72 3 view .LVU30
 172              	.LVL7:
 173              		.loc 1 72 21 view .LVU31
 174              		.loc 1 72 3 is_stmt 0 view .LVU32
 175 0002 161E     		subs	r6, r2, #0
 176 0004 07DD     		ble	.L9
 177 0006 0C46     		mov	r4, r1
 178 0008 8D19     		adds	r5, r1, r6
 179              	.LVL8:
 180              	.L10:
  73:Src/syscalls.c ****   {
  74:Src/syscalls.c ****     *ptr++ = __io_getchar();
 181              		.loc 1 74 5 is_stmt 1 discriminator 3 view .LVU33
 182              		.loc 1 74 14 is_stmt 0 discriminator 3 view .LVU34
 183 000a FFF7FEFF 		bl	__io_getchar
 184              	.LVL9:
 185              		.loc 1 74 12 discriminator 3 view .LVU35
 186 000e 04F8010B 		strb	r0, [r4], #1
 187              	.LVL10:
  72:Src/syscalls.c ****   {
 188              		.loc 1 72 36 is_stmt 1 discriminator 3 view .LVU36
  72:Src/syscalls.c ****   {
 189              		.loc 1 72 21 discriminator 3 view .LVU37
  72:Src/syscalls.c ****   {
 190              		.loc 1 72 3 is_stmt 0 discriminator 3 view .LVU38
 191 0012 A542     		cmp	r5, r4
 192 0014 F9D1     		bne	.L10
 193              	.LVL11:
 194              	.L9:
  75:Src/syscalls.c ****   }
  76:Src/syscalls.c **** 
  77:Src/syscalls.c ****   return len;
 195              		.loc 1 77 3 is_stmt 1 view .LVU39
  78:Src/syscalls.c **** }
 196              		.loc 1 78 1 is_stmt 0 view .LVU40
 197 0016 3046     		mov	r0, r6
 198 0018 70BD     		pop	{r4, r5, r6, pc}
 199              		.loc 1 78 1 view .LVU41
 200              		.cfi_endproc
 201              	.LFE29:
 203              		.section	.text._write,"ax",%progbits
 204              		.align	1
 205              		.weak	_write
 206              		.syntax unified
 207              		.thumb
ARM GAS  /tmp/cczwUT3q.s 			page 6


 208              		.thumb_func
 209              		.fpu fpv4-sp-d16
 211              	_write:
 212              	.LVL12:
 213              	.LFB30:
  79:Src/syscalls.c **** 
  80:Src/syscalls.c **** __attribute__((weak)) int _write(int file, char *ptr, int len)
  81:Src/syscalls.c **** {
 214              		.loc 1 81 1 is_stmt 1 view -0
 215              		.cfi_startproc
 216              		@ args = 0, pretend = 0, frame = 0
 217              		@ frame_needed = 0, uses_anonymous_args = 0
 218              		.loc 1 81 1 is_stmt 0 view .LVU43
 219 0000 70B5     		push	{r4, r5, r6, lr}
 220              	.LCFI3:
 221              		.cfi_def_cfa_offset 16
 222              		.cfi_offset 4, -16
 223              		.cfi_offset 5, -12
 224              		.cfi_offset 6, -8
 225              		.cfi_offset 14, -4
  82:Src/syscalls.c ****   (void)file;
 226              		.loc 1 82 3 is_stmt 1 view .LVU44
  83:Src/syscalls.c ****   int DataIdx;
 227              		.loc 1 83 3 view .LVU45
  84:Src/syscalls.c **** 
  85:Src/syscalls.c ****   for (DataIdx = 0; DataIdx < len; DataIdx++)
 228              		.loc 1 85 3 view .LVU46
 229              	.LVL13:
 230              		.loc 1 85 21 view .LVU47
 231              		.loc 1 85 3 is_stmt 0 view .LVU48
 232 0002 161E     		subs	r6, r2, #0
 233 0004 07DD     		ble	.L14
 234 0006 0C46     		mov	r4, r1
 235 0008 8D19     		adds	r5, r1, r6
 236              	.LVL14:
 237              	.L15:
  86:Src/syscalls.c ****   {
  87:Src/syscalls.c ****     __io_putchar(*ptr++);
 238              		.loc 1 87 5 is_stmt 1 discriminator 3 view .LVU49
 239              		.loc 1 87 5 is_stmt 0 discriminator 3 view .LVU50
 240 000a 14F8010B 		ldrb	r0, [r4], #1	@ zero_extendqisi2
 241              	.LVL15:
 242              		.loc 1 87 5 discriminator 3 view .LVU51
 243 000e FFF7FEFF 		bl	__io_putchar
 244              	.LVL16:
  85:Src/syscalls.c ****   {
 245              		.loc 1 85 36 is_stmt 1 discriminator 3 view .LVU52
  85:Src/syscalls.c ****   {
 246              		.loc 1 85 21 discriminator 3 view .LVU53
  85:Src/syscalls.c ****   {
 247              		.loc 1 85 3 is_stmt 0 discriminator 3 view .LVU54
 248 0012 A542     		cmp	r5, r4
 249 0014 F9D1     		bne	.L15
 250              	.LVL17:
 251              	.L14:
  88:Src/syscalls.c ****   }
  89:Src/syscalls.c ****   return len;
ARM GAS  /tmp/cczwUT3q.s 			page 7


 252              		.loc 1 89 3 is_stmt 1 view .LVU55
  90:Src/syscalls.c **** }
 253              		.loc 1 90 1 is_stmt 0 view .LVU56
 254 0016 3046     		mov	r0, r6
 255 0018 70BD     		pop	{r4, r5, r6, pc}
 256              		.loc 1 90 1 view .LVU57
 257              		.cfi_endproc
 258              	.LFE30:
 260              		.section	.text._close,"ax",%progbits
 261              		.align	1
 262              		.global	_close
 263              		.syntax unified
 264              		.thumb
 265              		.thumb_func
 266              		.fpu fpv4-sp-d16
 268              	_close:
 269              	.LVL18:
 270              	.LFB31:
  91:Src/syscalls.c **** 
  92:Src/syscalls.c **** int _close(int file)
  93:Src/syscalls.c **** {
 271              		.loc 1 93 1 is_stmt 1 view -0
 272              		.cfi_startproc
 273              		@ args = 0, pretend = 0, frame = 0
 274              		@ frame_needed = 0, uses_anonymous_args = 0
 275              		@ link register save eliminated.
  94:Src/syscalls.c ****   (void)file;
 276              		.loc 1 94 3 view .LVU59
  95:Src/syscalls.c ****   return -1;
 277              		.loc 1 95 3 view .LVU60
  96:Src/syscalls.c **** }
 278              		.loc 1 96 1 is_stmt 0 view .LVU61
 279 0000 4FF0FF30 		mov	r0, #-1
 280              	.LVL19:
 281              		.loc 1 96 1 view .LVU62
 282 0004 7047     		bx	lr
 283              		.cfi_endproc
 284              	.LFE31:
 286              		.section	.text._fstat,"ax",%progbits
 287              		.align	1
 288              		.global	_fstat
 289              		.syntax unified
 290              		.thumb
 291              		.thumb_func
 292              		.fpu fpv4-sp-d16
 294              	_fstat:
 295              	.LVL20:
 296              	.LFB32:
  97:Src/syscalls.c **** 
  98:Src/syscalls.c **** 
  99:Src/syscalls.c **** int _fstat(int file, struct stat *st)
 100:Src/syscalls.c **** {
 297              		.loc 1 100 1 is_stmt 1 view -0
 298              		.cfi_startproc
 299              		@ args = 0, pretend = 0, frame = 0
 300              		@ frame_needed = 0, uses_anonymous_args = 0
 301              		@ link register save eliminated.
ARM GAS  /tmp/cczwUT3q.s 			page 8


 101:Src/syscalls.c ****   (void)file;
 302              		.loc 1 101 3 view .LVU64
 102:Src/syscalls.c ****   st->st_mode = S_IFCHR;
 303              		.loc 1 102 3 view .LVU65
 304              		.loc 1 102 15 is_stmt 0 view .LVU66
 305 0000 4FF40053 		mov	r3, #8192
 306 0004 4B60     		str	r3, [r1, #4]
 103:Src/syscalls.c ****   return 0;
 307              		.loc 1 103 3 is_stmt 1 view .LVU67
 104:Src/syscalls.c **** }
 308              		.loc 1 104 1 is_stmt 0 view .LVU68
 309 0006 0020     		movs	r0, #0
 310              	.LVL21:
 311              		.loc 1 104 1 view .LVU69
 312 0008 7047     		bx	lr
 313              		.cfi_endproc
 314              	.LFE32:
 316              		.section	.text._isatty,"ax",%progbits
 317              		.align	1
 318              		.global	_isatty
 319              		.syntax unified
 320              		.thumb
 321              		.thumb_func
 322              		.fpu fpv4-sp-d16
 324              	_isatty:
 325              	.LVL22:
 326              	.LFB33:
 105:Src/syscalls.c **** 
 106:Src/syscalls.c **** int _isatty(int file)
 107:Src/syscalls.c **** {
 327              		.loc 1 107 1 is_stmt 1 view -0
 328              		.cfi_startproc
 329              		@ args = 0, pretend = 0, frame = 0
 330              		@ frame_needed = 0, uses_anonymous_args = 0
 331              		@ link register save eliminated.
 108:Src/syscalls.c ****   (void)file;
 332              		.loc 1 108 3 view .LVU71
 109:Src/syscalls.c ****   return 1;
 333              		.loc 1 109 3 view .LVU72
 110:Src/syscalls.c **** }
 334              		.loc 1 110 1 is_stmt 0 view .LVU73
 335 0000 0120     		movs	r0, #1
 336              	.LVL23:
 337              		.loc 1 110 1 view .LVU74
 338 0002 7047     		bx	lr
 339              		.cfi_endproc
 340              	.LFE33:
 342              		.section	.text._lseek,"ax",%progbits
 343              		.align	1
 344              		.global	_lseek
 345              		.syntax unified
 346              		.thumb
 347              		.thumb_func
 348              		.fpu fpv4-sp-d16
 350              	_lseek:
 351              	.LVL24:
 352              	.LFB34:
ARM GAS  /tmp/cczwUT3q.s 			page 9


 111:Src/syscalls.c **** 
 112:Src/syscalls.c **** int _lseek(int file, int ptr, int dir)
 113:Src/syscalls.c **** {
 353              		.loc 1 113 1 is_stmt 1 view -0
 354              		.cfi_startproc
 355              		@ args = 0, pretend = 0, frame = 0
 356              		@ frame_needed = 0, uses_anonymous_args = 0
 357              		@ link register save eliminated.
 114:Src/syscalls.c ****   (void)file;
 358              		.loc 1 114 3 view .LVU76
 115:Src/syscalls.c ****   (void)ptr;
 359              		.loc 1 115 3 view .LVU77
 116:Src/syscalls.c ****   (void)dir;
 360              		.loc 1 116 3 view .LVU78
 117:Src/syscalls.c ****   return 0;
 361              		.loc 1 117 3 view .LVU79
 118:Src/syscalls.c **** }
 362              		.loc 1 118 1 is_stmt 0 view .LVU80
 363 0000 0020     		movs	r0, #0
 364              	.LVL25:
 365              		.loc 1 118 1 view .LVU81
 366 0002 7047     		bx	lr
 367              		.cfi_endproc
 368              	.LFE34:
 370              		.section	.text._open,"ax",%progbits
 371              		.align	1
 372              		.global	_open
 373              		.syntax unified
 374              		.thumb
 375              		.thumb_func
 376              		.fpu fpv4-sp-d16
 378              	_open:
 379              	.LVL26:
 380              	.LFB35:
 119:Src/syscalls.c **** 
 120:Src/syscalls.c **** int _open(char *path, int flags, ...)
 121:Src/syscalls.c **** {
 381              		.loc 1 121 1 is_stmt 1 view -0
 382              		.cfi_startproc
 383              		@ args = 4, pretend = 12, frame = 0
 384              		@ frame_needed = 0, uses_anonymous_args = 1
 385              		@ link register save eliminated.
 386              		.loc 1 121 1 is_stmt 0 view .LVU83
 387 0000 0EB4     		push	{r1, r2, r3}
 388              	.LCFI4:
 389              		.cfi_def_cfa_offset 12
 390              		.cfi_offset 1, -12
 391              		.cfi_offset 2, -8
 392              		.cfi_offset 3, -4
 122:Src/syscalls.c ****   (void)path;
 393              		.loc 1 122 3 is_stmt 1 view .LVU84
 123:Src/syscalls.c ****   (void)flags;
 394              		.loc 1 123 3 view .LVU85
 124:Src/syscalls.c ****   /* Pretend like we always fail */
 125:Src/syscalls.c ****   return -1;
 395              		.loc 1 125 3 view .LVU86
 126:Src/syscalls.c **** }
ARM GAS  /tmp/cczwUT3q.s 			page 10


 396              		.loc 1 126 1 is_stmt 0 view .LVU87
 397 0002 4FF0FF30 		mov	r0, #-1
 398              	.LVL27:
 399              		.loc 1 126 1 view .LVU88
 400 0006 03B0     		add	sp, sp, #12
 401              	.LCFI5:
 402              		.cfi_restore 3
 403              		.cfi_restore 2
 404              		.cfi_restore 1
 405              		.cfi_def_cfa_offset 0
 406 0008 7047     		bx	lr
 407              		.cfi_endproc
 408              	.LFE35:
 410              		.section	.text._wait,"ax",%progbits
 411              		.align	1
 412              		.global	_wait
 413              		.syntax unified
 414              		.thumb
 415              		.thumb_func
 416              		.fpu fpv4-sp-d16
 418              	_wait:
 419              	.LVL28:
 420              	.LFB36:
 127:Src/syscalls.c **** 
 128:Src/syscalls.c **** int _wait(int *status)
 129:Src/syscalls.c **** {
 421              		.loc 1 129 1 is_stmt 1 view -0
 422              		.cfi_startproc
 423              		@ args = 0, pretend = 0, frame = 0
 424              		@ frame_needed = 0, uses_anonymous_args = 0
 425              		.loc 1 129 1 is_stmt 0 view .LVU90
 426 0000 08B5     		push	{r3, lr}
 427              	.LCFI6:
 428              		.cfi_def_cfa_offset 8
 429              		.cfi_offset 3, -8
 430              		.cfi_offset 14, -4
 130:Src/syscalls.c ****   (void)status;
 431              		.loc 1 130 3 is_stmt 1 view .LVU91
 131:Src/syscalls.c ****   errno = ECHILD;
 432              		.loc 1 131 3 view .LVU92
 433 0002 FFF7FEFF 		bl	__errno
 434              	.LVL29:
 435              		.loc 1 131 9 is_stmt 0 view .LVU93
 436 0006 0A23     		movs	r3, #10
 437 0008 0360     		str	r3, [r0]
 132:Src/syscalls.c ****   return -1;
 438              		.loc 1 132 3 is_stmt 1 view .LVU94
 133:Src/syscalls.c **** }
 439              		.loc 1 133 1 is_stmt 0 view .LVU95
 440 000a 4FF0FF30 		mov	r0, #-1
 441 000e 08BD     		pop	{r3, pc}
 442              		.cfi_endproc
 443              	.LFE36:
 445              		.section	.text._unlink,"ax",%progbits
 446              		.align	1
 447              		.global	_unlink
 448              		.syntax unified
ARM GAS  /tmp/cczwUT3q.s 			page 11


 449              		.thumb
 450              		.thumb_func
 451              		.fpu fpv4-sp-d16
 453              	_unlink:
 454              	.LVL30:
 455              	.LFB37:
 134:Src/syscalls.c **** 
 135:Src/syscalls.c **** int _unlink(char *name)
 136:Src/syscalls.c **** {
 456              		.loc 1 136 1 is_stmt 1 view -0
 457              		.cfi_startproc
 458              		@ args = 0, pretend = 0, frame = 0
 459              		@ frame_needed = 0, uses_anonymous_args = 0
 460              		.loc 1 136 1 is_stmt 0 view .LVU97
 461 0000 08B5     		push	{r3, lr}
 462              	.LCFI7:
 463              		.cfi_def_cfa_offset 8
 464              		.cfi_offset 3, -8
 465              		.cfi_offset 14, -4
 137:Src/syscalls.c ****   (void)name;
 466              		.loc 1 137 3 is_stmt 1 view .LVU98
 138:Src/syscalls.c ****   errno = ENOENT;
 467              		.loc 1 138 3 view .LVU99
 468 0002 FFF7FEFF 		bl	__errno
 469              	.LVL31:
 470              		.loc 1 138 9 is_stmt 0 view .LVU100
 471 0006 0223     		movs	r3, #2
 472 0008 0360     		str	r3, [r0]
 139:Src/syscalls.c ****   return -1;
 473              		.loc 1 139 3 is_stmt 1 view .LVU101
 140:Src/syscalls.c **** }
 474              		.loc 1 140 1 is_stmt 0 view .LVU102
 475 000a 4FF0FF30 		mov	r0, #-1
 476 000e 08BD     		pop	{r3, pc}
 477              		.cfi_endproc
 478              	.LFE37:
 480              		.section	.text._times,"ax",%progbits
 481              		.align	1
 482              		.global	_times
 483              		.syntax unified
 484              		.thumb
 485              		.thumb_func
 486              		.fpu fpv4-sp-d16
 488              	_times:
 489              	.LVL32:
 490              	.LFB38:
 141:Src/syscalls.c **** 
 142:Src/syscalls.c **** int _times(struct tms *buf)
 143:Src/syscalls.c **** {
 491              		.loc 1 143 1 is_stmt 1 view -0
 492              		.cfi_startproc
 493              		@ args = 0, pretend = 0, frame = 0
 494              		@ frame_needed = 0, uses_anonymous_args = 0
 495              		@ link register save eliminated.
 144:Src/syscalls.c ****   (void)buf;
 496              		.loc 1 144 3 view .LVU104
 145:Src/syscalls.c ****   return -1;
ARM GAS  /tmp/cczwUT3q.s 			page 12


 497              		.loc 1 145 3 view .LVU105
 146:Src/syscalls.c **** }
 498              		.loc 1 146 1 is_stmt 0 view .LVU106
 499 0000 4FF0FF30 		mov	r0, #-1
 500              	.LVL33:
 501              		.loc 1 146 1 view .LVU107
 502 0004 7047     		bx	lr
 503              		.cfi_endproc
 504              	.LFE38:
 506              		.section	.text._stat,"ax",%progbits
 507              		.align	1
 508              		.global	_stat
 509              		.syntax unified
 510              		.thumb
 511              		.thumb_func
 512              		.fpu fpv4-sp-d16
 514              	_stat:
 515              	.LVL34:
 516              	.LFB39:
 147:Src/syscalls.c **** 
 148:Src/syscalls.c **** int _stat(char *file, struct stat *st)
 149:Src/syscalls.c **** {
 517              		.loc 1 149 1 is_stmt 1 view -0
 518              		.cfi_startproc
 519              		@ args = 0, pretend = 0, frame = 0
 520              		@ frame_needed = 0, uses_anonymous_args = 0
 521              		@ link register save eliminated.
 150:Src/syscalls.c ****   (void)file;
 522              		.loc 1 150 3 view .LVU109
 151:Src/syscalls.c ****   st->st_mode = S_IFCHR;
 523              		.loc 1 151 3 view .LVU110
 524              		.loc 1 151 15 is_stmt 0 view .LVU111
 525 0000 4FF40053 		mov	r3, #8192
 526 0004 4B60     		str	r3, [r1, #4]
 152:Src/syscalls.c ****   return 0;
 527              		.loc 1 152 3 is_stmt 1 view .LVU112
 153:Src/syscalls.c **** }
 528              		.loc 1 153 1 is_stmt 0 view .LVU113
 529 0006 0020     		movs	r0, #0
 530              	.LVL35:
 531              		.loc 1 153 1 view .LVU114
 532 0008 7047     		bx	lr
 533              		.cfi_endproc
 534              	.LFE39:
 536              		.section	.text._link,"ax",%progbits
 537              		.align	1
 538              		.global	_link
 539              		.syntax unified
 540              		.thumb
 541              		.thumb_func
 542              		.fpu fpv4-sp-d16
 544              	_link:
 545              	.LVL36:
 546              	.LFB40:
 154:Src/syscalls.c **** 
 155:Src/syscalls.c **** int _link(char *old, char *new)
 156:Src/syscalls.c **** {
ARM GAS  /tmp/cczwUT3q.s 			page 13


 547              		.loc 1 156 1 is_stmt 1 view -0
 548              		.cfi_startproc
 549              		@ args = 0, pretend = 0, frame = 0
 550              		@ frame_needed = 0, uses_anonymous_args = 0
 551              		.loc 1 156 1 is_stmt 0 view .LVU116
 552 0000 08B5     		push	{r3, lr}
 553              	.LCFI8:
 554              		.cfi_def_cfa_offset 8
 555              		.cfi_offset 3, -8
 556              		.cfi_offset 14, -4
 157:Src/syscalls.c ****   (void)old;
 557              		.loc 1 157 3 is_stmt 1 view .LVU117
 158:Src/syscalls.c ****   (void)new;
 558              		.loc 1 158 3 view .LVU118
 159:Src/syscalls.c ****   errno = EMLINK;
 559              		.loc 1 159 3 view .LVU119
 560 0002 FFF7FEFF 		bl	__errno
 561              	.LVL37:
 562              		.loc 1 159 9 is_stmt 0 view .LVU120
 563 0006 1F23     		movs	r3, #31
 564 0008 0360     		str	r3, [r0]
 160:Src/syscalls.c ****   return -1;
 565              		.loc 1 160 3 is_stmt 1 view .LVU121
 161:Src/syscalls.c **** }
 566              		.loc 1 161 1 is_stmt 0 view .LVU122
 567 000a 4FF0FF30 		mov	r0, #-1
 568 000e 08BD     		pop	{r3, pc}
 569              		.cfi_endproc
 570              	.LFE40:
 572              		.section	.text._fork,"ax",%progbits
 573              		.align	1
 574              		.global	_fork
 575              		.syntax unified
 576              		.thumb
 577              		.thumb_func
 578              		.fpu fpv4-sp-d16
 580              	_fork:
 581              	.LFB41:
 162:Src/syscalls.c **** 
 163:Src/syscalls.c **** int _fork(void)
 164:Src/syscalls.c **** {
 582              		.loc 1 164 1 is_stmt 1 view -0
 583              		.cfi_startproc
 584              		@ args = 0, pretend = 0, frame = 0
 585              		@ frame_needed = 0, uses_anonymous_args = 0
 586 0000 08B5     		push	{r3, lr}
 587              	.LCFI9:
 588              		.cfi_def_cfa_offset 8
 589              		.cfi_offset 3, -8
 590              		.cfi_offset 14, -4
 165:Src/syscalls.c ****   errno = EAGAIN;
 591              		.loc 1 165 3 view .LVU124
 592 0002 FFF7FEFF 		bl	__errno
 593              	.LVL38:
 594              		.loc 1 165 9 is_stmt 0 view .LVU125
 595 0006 0B23     		movs	r3, #11
 596 0008 0360     		str	r3, [r0]
ARM GAS  /tmp/cczwUT3q.s 			page 14


 166:Src/syscalls.c ****   return -1;
 597              		.loc 1 166 3 is_stmt 1 view .LVU126
 167:Src/syscalls.c **** }
 598              		.loc 1 167 1 is_stmt 0 view .LVU127
 599 000a 4FF0FF30 		mov	r0, #-1
 600 000e 08BD     		pop	{r3, pc}
 601              		.cfi_endproc
 602              	.LFE41:
 604              		.section	.text._execve,"ax",%progbits
 605              		.align	1
 606              		.global	_execve
 607              		.syntax unified
 608              		.thumb
 609              		.thumb_func
 610              		.fpu fpv4-sp-d16
 612              	_execve:
 613              	.LVL39:
 614              	.LFB42:
 168:Src/syscalls.c **** 
 169:Src/syscalls.c **** int _execve(char *name, char **argv, char **env)
 170:Src/syscalls.c **** {
 615              		.loc 1 170 1 is_stmt 1 view -0
 616              		.cfi_startproc
 617              		@ args = 0, pretend = 0, frame = 0
 618              		@ frame_needed = 0, uses_anonymous_args = 0
 619              		.loc 1 170 1 is_stmt 0 view .LVU129
 620 0000 08B5     		push	{r3, lr}
 621              	.LCFI10:
 622              		.cfi_def_cfa_offset 8
 623              		.cfi_offset 3, -8
 624              		.cfi_offset 14, -4
 171:Src/syscalls.c ****   (void)name;
 625              		.loc 1 171 3 is_stmt 1 view .LVU130
 172:Src/syscalls.c ****   (void)argv;
 626              		.loc 1 172 3 view .LVU131
 173:Src/syscalls.c ****   (void)env;
 627              		.loc 1 173 3 view .LVU132
 174:Src/syscalls.c ****   errno = ENOMEM;
 628              		.loc 1 174 3 view .LVU133
 629 0002 FFF7FEFF 		bl	__errno
 630              	.LVL40:
 631              		.loc 1 174 9 is_stmt 0 view .LVU134
 632 0006 0C23     		movs	r3, #12
 633 0008 0360     		str	r3, [r0]
 175:Src/syscalls.c ****   return -1;
 634              		.loc 1 175 3 is_stmt 1 view .LVU135
 176:Src/syscalls.c **** }
 635              		.loc 1 176 1 is_stmt 0 view .LVU136
 636 000a 4FF0FF30 		mov	r0, #-1
 637 000e 08BD     		pop	{r3, pc}
 638              		.cfi_endproc
 639              	.LFE42:
 641              		.global	environ
 642              		.global	__env
 643              		.section	.bss.__env,"aw",%nobits
 644              		.align	2
 647              	__env:
ARM GAS  /tmp/cczwUT3q.s 			page 15


 648 0000 00000000 		.space	4
 649              		.section	.data.environ,"aw"
 650              		.align	2
 653              	environ:
 654 0000 00000000 		.word	__env
 655              		.weak	__io_putchar
 656              		.weak	__io_getchar
 657              		.text
 658              	.Letext0:
 659              		.file 2 "/usr/share/gcc-arm-none-eabi-10-2020-q4-major/arm-none-eabi/include/machine/_default_type
 660              		.file 3 "/usr/share/gcc-arm-none-eabi-10-2020-q4-major/arm-none-eabi/include/sys/_types.h"
 661              		.file 4 "/usr/share/gcc-arm-none-eabi-10-2020-q4-major/arm-none-eabi/include/sys/_timeval.h"
 662              		.file 5 "/usr/share/gcc-arm-none-eabi-10-2020-q4-major/arm-none-eabi/include/sys/_timespec.h"
 663              		.file 6 "/usr/share/gcc-arm-none-eabi-10-2020-q4-major/arm-none-eabi/include/sys/types.h"
 664              		.file 7 "/usr/share/gcc-arm-none-eabi-10-2020-q4-major/arm-none-eabi/include/sys/stat.h"
 665              		.file 8 "/usr/share/gcc-arm-none-eabi-10-2020-q4-major/arm-none-eabi/include/sys/times.h"
 666              		.file 9 "/usr/share/gcc-arm-none-eabi-10-2020-q4-major/arm-none-eabi/include/sys/errno.h"
ARM GAS  /tmp/cczwUT3q.s 			page 16


DEFINED SYMBOLS
                            *ABS*:0000000000000000 syscalls.c
     /tmp/cczwUT3q.s:18     .text.initialise_monitor_handles:0000000000000000 $t
     /tmp/cczwUT3q.s:26     .text.initialise_monitor_handles:0000000000000000 initialise_monitor_handles
     /tmp/cczwUT3q.s:40     .text._getpid:0000000000000000 $t
     /tmp/cczwUT3q.s:47     .text._getpid:0000000000000000 _getpid
     /tmp/cczwUT3q.s:62     .text._kill:0000000000000000 $t
     /tmp/cczwUT3q.s:69     .text._kill:0000000000000000 _kill
     /tmp/cczwUT3q.s:98     .text._exit:0000000000000000 $t
     /tmp/cczwUT3q.s:105    .text._exit:0000000000000000 _exit
     /tmp/cczwUT3q.s:147    .text._read:0000000000000000 $t
     /tmp/cczwUT3q.s:154    .text._read:0000000000000000 _read
     /tmp/cczwUT3q.s:204    .text._write:0000000000000000 $t
     /tmp/cczwUT3q.s:211    .text._write:0000000000000000 _write
     /tmp/cczwUT3q.s:261    .text._close:0000000000000000 $t
     /tmp/cczwUT3q.s:268    .text._close:0000000000000000 _close
     /tmp/cczwUT3q.s:287    .text._fstat:0000000000000000 $t
     /tmp/cczwUT3q.s:294    .text._fstat:0000000000000000 _fstat
     /tmp/cczwUT3q.s:317    .text._isatty:0000000000000000 $t
     /tmp/cczwUT3q.s:324    .text._isatty:0000000000000000 _isatty
     /tmp/cczwUT3q.s:343    .text._lseek:0000000000000000 $t
     /tmp/cczwUT3q.s:350    .text._lseek:0000000000000000 _lseek
     /tmp/cczwUT3q.s:371    .text._open:0000000000000000 $t
     /tmp/cczwUT3q.s:378    .text._open:0000000000000000 _open
     /tmp/cczwUT3q.s:411    .text._wait:0000000000000000 $t
     /tmp/cczwUT3q.s:418    .text._wait:0000000000000000 _wait
     /tmp/cczwUT3q.s:446    .text._unlink:0000000000000000 $t
     /tmp/cczwUT3q.s:453    .text._unlink:0000000000000000 _unlink
     /tmp/cczwUT3q.s:481    .text._times:0000000000000000 $t
     /tmp/cczwUT3q.s:488    .text._times:0000000000000000 _times
     /tmp/cczwUT3q.s:507    .text._stat:0000000000000000 $t
     /tmp/cczwUT3q.s:514    .text._stat:0000000000000000 _stat
     /tmp/cczwUT3q.s:537    .text._link:0000000000000000 $t
     /tmp/cczwUT3q.s:544    .text._link:0000000000000000 _link
     /tmp/cczwUT3q.s:573    .text._fork:0000000000000000 $t
     /tmp/cczwUT3q.s:580    .text._fork:0000000000000000 _fork
     /tmp/cczwUT3q.s:605    .text._execve:0000000000000000 $t
     /tmp/cczwUT3q.s:612    .text._execve:0000000000000000 _execve
     /tmp/cczwUT3q.s:653    .data.environ:0000000000000000 environ
     /tmp/cczwUT3q.s:647    .bss.__env:0000000000000000 __env
     /tmp/cczwUT3q.s:644    .bss.__env:0000000000000000 $d
     /tmp/cczwUT3q.s:650    .data.environ:0000000000000000 $d

UNDEFINED SYMBOLS
__errno
__io_getchar
__io_putchar
